<?xml version="1.0" encoding="UTF-8"?>
<TestRun id="496bff4b-1e14-4ce5-9255-831c818f5483" name="Juan@CARMEN-PC 2014-11-21 18:48:02" runUser="Carmen-PC\Juan" xmlns="http://microsoft.com/schemas/VisualStudio/TeamTest/2010">
  <TestSettings name="Local" id="4dca26ae-3d80-4afb-bc2f-15cdbf18ba12">
    <Description>These are default test settings for a local test run.</Description>
    <Deployment enabled="false" runDeploymentRoot="Juan_CARMEN-PC 2014-11-21 18_48_02">
      <DeploymentItem filename="C:\Users\Juan\Documents\GitHub\TurnBasedSneakingSandbox\OpenGlGameCommon\bin\Debug\OpenGlGameCommon.dll" />
      <DeploymentItem filename="C:\Users\Juan\Documents\GitHub\TurnBasedSneakingSandbox\SneakingCommon\bin\Debug\SneakingClasses.dll" />
      <DeploymentItem filename="C:\Users\Juan\Documents\Visual Studio 2010\Projects\Class Libraries\Canvas Window Template\bin\Debug\Canvas Window Template.dll" />
    </Deployment>
    <Execution>
      <TestTypeSpecific />
      <AgentRule name="Execution Agents">
      </AgentRule>
    </Execution>
  </TestSettings>
  <Times creation="2014-11-21T18:48:02.1096854-05:00" queuing="2014-11-21T18:48:04.9661027-05:00" start="2014-11-21T18:48:05.2157031-05:00" finish="2014-11-21T18:50:00.5715830-05:00" />
  <ResultSummary outcome="Error">
    <Counters total="9" executed="2" passed="1" error="0" failed="0" timeout="0" aborted="1" inconclusive="0" passedButRunAborted="0" notRunnable="0" notExecuted="7" disconnected="0" warning="0" completed="0" inProgress="0" pending="0" />
    <RunInfos>
      <RunInfo computerName="CARMEN-PC" outcome="Error" timestamp="2014-11-21T18:50:00.4779829-05:00">
        <Text>Test host process exited unexpectedly.</Text>
      </RunInfo>
    </RunInfos>
  </ResultSummary>
  <TestDefinitions>
    <UnitTest name="loadMapWithGuardsTest" storage="c:\users\juan\documents\github\turnbasedsneakingsandbox\sneakingcommontests\bin\debug\sneakingcommontests.dll" id="5e6e334d-2cca-c346-a25d-291eef8683ac">
      <Execution id="00d84fc2-3f9f-4e10-a1fa-09d1c0364370" />
      <TestMethod codeBase="C:/Users/Juan/Documents/GitHub/TurnBasedSneakingSandbox/SneakingCommonTests/bin/Debug/SneakingCommonTests.DLL" adapterTypeName="Microsoft.VisualStudio.TestTools.TestTypes.Unit.UnitTestAdapter, Microsoft.VisualStudio.QualityTools.Tips.UnitTest.Adapter, Version=10.0.0.0, Culture=neutral, PublicKeyToken=b03f5f7f11d50a3a" className="SneakingCommonTests.UnitTest1, SneakingCommonTests, Version=1.0.0.0, Culture=neutral, PublicKeyToken=null" name="loadMapWithGuardsTest" />
    </UnitTest>
    <UnitTest name="loadFullMapTest" storage="c:\users\juan\documents\github\turnbasedsneakingsandbox\sneakingcommontests\bin\debug\sneakingcommontests.dll" id="cd566601-757a-4bb7-8efc-5bacc9a950e6">
      <Execution id="f9d53a44-ab14-4c31-bdcf-4db8b3ab3c1f" />
      <TestMethod codeBase="C:/Users/Juan/Documents/GitHub/TurnBasedSneakingSandbox/SneakingCommonTests/bin/Debug/SneakingCommonTests.DLL" adapterTypeName="Microsoft.VisualStudio.TestTools.TestTypes.Unit.UnitTestAdapter, Microsoft.VisualStudio.QualityTools.Tips.UnitTest.Adapter, Version=10.0.0.0, Culture=neutral, PublicKeyToken=b03f5f7f11d50a3a" className="SneakingCommonTests.UnitTest1, SneakingCommonTests, Version=1.0.0.0, Culture=neutral, PublicKeyToken=null" name="loadFullMapTest" />
    </UnitTest>
    <UnitTest name="loadFullMapFailTest" storage="c:\users\juan\documents\github\turnbasedsneakingsandbox\sneakingcommontests\bin\debug\sneakingcommontests.dll" id="360bc28a-1f79-48ae-8ab1-9779ad8b28f6">
      <Execution id="2f15a086-8d38-44cc-ba76-a1980dc0bd89" />
      <TestMethod codeBase="C:/Users/Juan/Documents/GitHub/TurnBasedSneakingSandbox/SneakingCommonTests/bin/Debug/SneakingCommonTests.DLL" adapterTypeName="Microsoft.VisualStudio.TestTools.TestTypes.Unit.UnitTestAdapter, Microsoft.VisualStudio.QualityTools.Tips.UnitTest.Adapter, Version=10.0.0.0, Culture=neutral, PublicKeyToken=b03f5f7f11d50a3a" className="SneakingCommonTests.UnitTest1, SneakingCommonTests, Version=1.0.0.0, Culture=neutral, PublicKeyToken=null" name="loadFullMapFailTest" />
    </UnitTest>
    <UnitTest name="saveBareTest" storage="c:\users\juan\documents\github\turnbasedsneakingsandbox\sneakingcommontests\bin\debug\sneakingcommontests.dll" id="262bfdbb-4728-5a47-f470-44ae9165dcc1">
      <Execution id="1fae54a4-48f6-4ba0-8751-fd79d1e1f839" />
      <TestMethod codeBase="C:/Users/Juan/Documents/GitHub/TurnBasedSneakingSandbox/SneakingCommonTests/bin/Debug/SneakingCommonTests.DLL" adapterTypeName="Microsoft.VisualStudio.TestTools.TestTypes.Unit.UnitTestAdapter, Microsoft.VisualStudio.QualityTools.Tips.UnitTest.Adapter, Version=10.0.0.0, Culture=neutral, PublicKeyToken=b03f5f7f11d50a3a" className="SneakingCommonTests.UnitTest1, SneakingCommonTests, Version=1.0.0.0, Culture=neutral, PublicKeyToken=null" name="saveBareTest" />
    </UnitTest>
    <UnitTest name="loadMapWithGuardsFailTest" storage="c:\users\juan\documents\github\turnbasedsneakingsandbox\sneakingcommontests\bin\debug\sneakingcommontests.dll" id="632043fe-6a37-088b-546a-dffd7e19abac">
      <Execution id="2839ee03-383a-454c-8300-37b85acbbf5e" />
      <TestMethod codeBase="C:/Users/Juan/Documents/GitHub/TurnBasedSneakingSandbox/SneakingCommonTests/bin/Debug/SneakingCommonTests.DLL" adapterTypeName="Microsoft.VisualStudio.TestTools.TestTypes.Unit.UnitTestAdapter, Microsoft.VisualStudio.QualityTools.Tips.UnitTest.Adapter, Version=10.0.0.0, Culture=neutral, PublicKeyToken=b03f5f7f11d50a3a" className="SneakingCommonTests.UnitTest1, SneakingCommonTests, Version=1.0.0.0, Culture=neutral, PublicKeyToken=null" name="loadMapWithGuardsFailTest" />
    </UnitTest>
    <UnitTest name="MapCreationTest" storage="c:\users\juan\documents\github\turnbasedsneakingsandbox\sneakingcommontests\bin\debug\sneakingcommontests.dll" id="14156c61-3103-b678-f152-a80541626c88">
      <Execution id="7fd5ef3a-5e93-4d21-820f-4389235713af" />
      <TestMethod codeBase="C:/Users/Juan/Documents/GitHub/TurnBasedSneakingSandbox/SneakingCommonTests/bin/Debug/SneakingCommonTests.DLL" adapterTypeName="Microsoft.VisualStudio.TestTools.TestTypes.Unit.UnitTestAdapter, Microsoft.VisualStudio.QualityTools.Tips.UnitTest.Adapter, Version=10.0.0.0, Culture=neutral, PublicKeyToken=b03f5f7f11d50a3a" className="SneakingCommonTests.UnitTest1, SneakingCommonTests, Version=1.0.0.0, Culture=neutral, PublicKeyToken=null" name="MapCreationTest" />
    </UnitTest>
    <UnitTest name="loadBareMapFailTest" storage="c:\users\juan\documents\github\turnbasedsneakingsandbox\sneakingcommontests\bin\debug\sneakingcommontests.dll" id="da623405-5b58-a3e8-bbe4-66cc37964fa3">
      <Execution id="8a763d9f-5df4-4cef-9b13-8493d42e8321" />
      <TestMethod codeBase="C:/Users/Juan/Documents/GitHub/TurnBasedSneakingSandbox/SneakingCommonTests/bin/Debug/SneakingCommonTests.DLL" adapterTypeName="Microsoft.VisualStudio.TestTools.TestTypes.Unit.UnitTestAdapter, Microsoft.VisualStudio.QualityTools.Tips.UnitTest.Adapter, Version=10.0.0.0, Culture=neutral, PublicKeyToken=b03f5f7f11d50a3a" className="SneakingCommonTests.UnitTest1, SneakingCommonTests, Version=1.0.0.0, Culture=neutral, PublicKeyToken=null" name="loadBareMapFailTest" />
    </UnitTest>
    <UnitTest name="loadBareMapTest" storage="c:\users\juan\documents\github\turnbasedsneakingsandbox\sneakingcommontests\bin\debug\sneakingcommontests.dll" id="c9182415-4410-3796-9514-99dbf275de21">
      <Execution id="a72ccb97-fccd-4759-92ad-8cdc2aeb5b4d" />
      <TestMethod codeBase="C:/Users/Juan/Documents/GitHub/TurnBasedSneakingSandbox/SneakingCommonTests/bin/Debug/SneakingCommonTests.DLL" adapterTypeName="Microsoft.VisualStudio.TestTools.TestTypes.Unit.UnitTestAdapter, Microsoft.VisualStudio.QualityTools.Tips.UnitTest.Adapter, Version=10.0.0.0, Culture=neutral, PublicKeyToken=b03f5f7f11d50a3a" className="SneakingCommonTests.UnitTest1, SneakingCommonTests, Version=1.0.0.0, Culture=neutral, PublicKeyToken=null" name="loadBareMapTest" />
    </UnitTest>
    <UnitTest name="saveBareFailTest" storage="c:\users\juan\documents\github\turnbasedsneakingsandbox\sneakingcommontests\bin\debug\sneakingcommontests.dll" id="53a49d14-54cd-36e1-bd3d-c53d8899d35c">
      <Execution id="8314b17f-4875-4182-a86a-d227d5e812a7" />
      <TestMethod codeBase="C:/Users/Juan/Documents/GitHub/TurnBasedSneakingSandbox/SneakingCommonTests/bin/Debug/SneakingCommonTests.DLL" adapterTypeName="Microsoft.VisualStudio.TestTools.TestTypes.Unit.UnitTestAdapter, Microsoft.VisualStudio.QualityTools.Tips.UnitTest.Adapter, Version=10.0.0.0, Culture=neutral, PublicKeyToken=b03f5f7f11d50a3a" className="SneakingCommonTests.UnitTest1, SneakingCommonTests, Version=1.0.0.0, Culture=neutral, PublicKeyToken=null" name="saveBareFailTest" />
    </UnitTest>
  </TestDefinitions>
  <TestLists>
    <TestList name="Results Not in a List" id="8c84fa94-04c1-424b-9868-57a2d4851a1d" />
    <TestList name="All Loaded Results" id="19431567-8539-422a-85d7-44ee4e166bda" />
  </TestLists>
  <TestEntries>
    <TestEntry testId="14156c61-3103-b678-f152-a80541626c88" executionId="7fd5ef3a-5e93-4d21-820f-4389235713af" testListId="8c84fa94-04c1-424b-9868-57a2d4851a1d" />
    <TestEntry testId="262bfdbb-4728-5a47-f470-44ae9165dcc1" executionId="1fae54a4-48f6-4ba0-8751-fd79d1e1f839" testListId="8c84fa94-04c1-424b-9868-57a2d4851a1d" />
    <TestEntry testId="360bc28a-1f79-48ae-8ab1-9779ad8b28f6" executionId="2f15a086-8d38-44cc-ba76-a1980dc0bd89" testListId="8c84fa94-04c1-424b-9868-57a2d4851a1d" />
    <TestEntry testId="53a49d14-54cd-36e1-bd3d-c53d8899d35c" executionId="8314b17f-4875-4182-a86a-d227d5e812a7" testListId="8c84fa94-04c1-424b-9868-57a2d4851a1d" />
    <TestEntry testId="5e6e334d-2cca-c346-a25d-291eef8683ac" executionId="00d84fc2-3f9f-4e10-a1fa-09d1c0364370" testListId="8c84fa94-04c1-424b-9868-57a2d4851a1d" />
    <TestEntry testId="632043fe-6a37-088b-546a-dffd7e19abac" executionId="2839ee03-383a-454c-8300-37b85acbbf5e" testListId="8c84fa94-04c1-424b-9868-57a2d4851a1d" />
    <TestEntry testId="c9182415-4410-3796-9514-99dbf275de21" executionId="a72ccb97-fccd-4759-92ad-8cdc2aeb5b4d" testListId="8c84fa94-04c1-424b-9868-57a2d4851a1d" />
    <TestEntry testId="cd566601-757a-4bb7-8efc-5bacc9a950e6" executionId="f9d53a44-ab14-4c31-bdcf-4db8b3ab3c1f" testListId="8c84fa94-04c1-424b-9868-57a2d4851a1d" />
    <TestEntry testId="da623405-5b58-a3e8-bbe4-66cc37964fa3" executionId="8a763d9f-5df4-4cef-9b13-8493d42e8321" testListId="8c84fa94-04c1-424b-9868-57a2d4851a1d" />
  </TestEntries>
  <Results>
    <UnitTestResult executionId="7fd5ef3a-5e93-4d21-820f-4389235713af" testId="14156c61-3103-b678-f152-a80541626c88" testName="MapCreationTest" computerName="CARMEN-PC" duration="00:00:48.9711677" startTime="2014-11-21T18:48:05.4497035-05:00" endTime="2014-11-21T18:48:55.9190036-05:00" testType="13cdc9d9-ddb5-4fa4-a97d-d965ccfc6d4b" outcome="Passed" testListId="8c84fa94-04c1-424b-9868-57a2d4851a1d" relativeResultsDirectory="7fd5ef3a-5e93-4d21-820f-4389235713af">
    </UnitTestResult>
    <UnitTestResult executionId="1fae54a4-48f6-4ba0-8751-fd79d1e1f839" testId="262bfdbb-4728-5a47-f470-44ae9165dcc1" testName="saveBareTest" computerName="CARMEN-PC" duration="00:01:04.6213794" startTime="2014-11-21T18:48:55.9502036-05:00" endTime="2014-11-21T18:50:00.5715830-05:00" testType="13cdc9d9-ddb5-4fa4-a97d-d965ccfc6d4b" outcome="Aborted" testListId="8c84fa94-04c1-424b-9868-57a2d4851a1d" relativeResultsDirectory="1fae54a4-48f6-4ba0-8751-fd79d1e1f839">
    </UnitTestResult>
    <UnitTestResult executionId="2f15a086-8d38-44cc-ba76-a1980dc0bd89" testId="360bc28a-1f79-48ae-8ab1-9779ad8b28f6" testName="loadFullMapFailTest" computerName="CARMEN-PC" testType="13cdc9d9-ddb5-4fa4-a97d-d965ccfc6d4b" outcome="NotExecuted" testListId="8c84fa94-04c1-424b-9868-57a2d4851a1d" relativeResultsDirectory="2f15a086-8d38-44cc-ba76-a1980dc0bd89">
    </UnitTestResult>
    <UnitTestResult executionId="8314b17f-4875-4182-a86a-d227d5e812a7" testId="53a49d14-54cd-36e1-bd3d-c53d8899d35c" testName="saveBareFailTest" computerName="CARMEN-PC" testType="13cdc9d9-ddb5-4fa4-a97d-d965ccfc6d4b" outcome="NotExecuted" testListId="8c84fa94-04c1-424b-9868-57a2d4851a1d" relativeResultsDirectory="8314b17f-4875-4182-a86a-d227d5e812a7">
    </UnitTestResult>
    <UnitTestResult executionId="00d84fc2-3f9f-4e10-a1fa-09d1c0364370" testId="5e6e334d-2cca-c346-a25d-291eef8683ac" testName="loadMapWithGuardsTest" computerName="CARMEN-PC" testType="13cdc9d9-ddb5-4fa4-a97d-d965ccfc6d4b" outcome="NotExecuted" testListId="8c84fa94-04c1-424b-9868-57a2d4851a1d" relativeResultsDirectory="00d84fc2-3f9f-4e10-a1fa-09d1c0364370">
    </UnitTestResult>
    <UnitTestResult executionId="2839ee03-383a-454c-8300-37b85acbbf5e" testId="632043fe-6a37-088b-546a-dffd7e19abac" testName="loadMapWithGuardsFailTest" computerName="CARMEN-PC" testType="13cdc9d9-ddb5-4fa4-a97d-d965ccfc6d4b" outcome="NotExecuted" testListId="8c84fa94-04c1-424b-9868-57a2d4851a1d" relativeResultsDirectory="2839ee03-383a-454c-8300-37b85acbbf5e">
    </UnitTestResult>
    <UnitTestResult executionId="a72ccb97-fccd-4759-92ad-8cdc2aeb5b4d" testId="c9182415-4410-3796-9514-99dbf275de21" testName="loadBareMapTest" computerName="CARMEN-PC" testType="13cdc9d9-ddb5-4fa4-a97d-d965ccfc6d4b" outcome="NotExecuted" testListId="8c84fa94-04c1-424b-9868-57a2d4851a1d" relativeResultsDirectory="a72ccb97-fccd-4759-92ad-8cdc2aeb5b4d">
    </UnitTestResult>
    <UnitTestResult executionId="f9d53a44-ab14-4c31-bdcf-4db8b3ab3c1f" testId="cd566601-757a-4bb7-8efc-5bacc9a950e6" testName="loadFullMapTest" computerName="CARMEN-PC" testType="13cdc9d9-ddb5-4fa4-a97d-d965ccfc6d4b" outcome="NotExecuted" testListId="8c84fa94-04c1-424b-9868-57a2d4851a1d" relativeResultsDirectory="f9d53a44-ab14-4c31-bdcf-4db8b3ab3c1f">
    </UnitTestResult>
    <UnitTestResult executionId="8a763d9f-5df4-4cef-9b13-8493d42e8321" testId="da623405-5b58-a3e8-bbe4-66cc37964fa3" testName="loadBareMapFailTest" computerName="CARMEN-PC" testType="13cdc9d9-ddb5-4fa4-a97d-d965ccfc6d4b" outcome="NotExecuted" testListId="8c84fa94-04c1-424b-9868-57a2d4851a1d" relativeResultsDirectory="8a763d9f-5df4-4cef-9b13-8493d42e8321">
    </UnitTestResult>
  </Results>
</TestRun>