<?xml version="1.0" encoding="UTF-8"?>
<TestRun id="4bbb91d6-d6f4-4170-8deb-7cceee118b59" name="Juan@CARMEN-PC 2014-11-21 19:25:40" runUser="Carmen-PC\Juan" xmlns="http://microsoft.com/schemas/VisualStudio/TeamTest/2010">
  <TestSettings name="Local" id="4dca26ae-3d80-4afb-bc2f-15cdbf18ba12">
    <Description>These are default test settings for a local test run.</Description>
    <Deployment enabled="false" runDeploymentRoot="Juan_CARMEN-PC 2014-11-21 19_25_40">
      <DeploymentItem filename="C:\Users\Juan\Documents\GitHub\TurnBasedSneakingSandbox\OpenGlGameCommon\bin\Debug\OpenGlGameCommon.dll" />
      <DeploymentItem filename="C:\Users\Juan\Documents\GitHub\TurnBasedSneakingSandbox\SneakingCommon\bin\Debug\SneakingClasses.dll" />
      <DeploymentItem filename="C:\Users\Juan\Documents\Visual Studio 2010\Projects\Class Libraries\Canvas Window Template\bin\Debug\Canvas Window Template.dll" />
    </Deployment>
    <Execution>
      <TestTypeSpecific />
      <AgentRule name="Execution Agents">
      </AgentRule>
    </Execution>
  </TestSettings>
  <Times creation="2014-11-21T19:25:40.9059975-05:00" queuing="2014-11-21T19:25:40.9439997-05:00" start="2014-11-21T19:25:41.0200040-05:00" finish="2014-11-21T19:25:46.3980528-05:00" />
  <ResultSummary outcome="Failed">
    <Counters total="1" executed="1" error="0" failed="1" timeout="0" aborted="0" inconclusive="0" passedButRunAborted="0" notRunnable="0" notExecuted="0" disconnected="0" warning="0" passed="0" completed="0" inProgress="0" pending="0" />
  </ResultSummary>
  <TestDefinitions>
    <UnitTest name="saveBareTest" storage="c:\users\juan\documents\github\turnbasedsneakingsandbox\sneakingcommontests\bin\debug\sneakingcommontests.dll" id="262bfdbb-4728-5a47-f470-44ae9165dcc1">
      <Execution id="461142d5-d938-424d-bf76-eb92b63baa3e" />
      <TestMethod codeBase="C:/Users/Juan/Documents/GitHub/TurnBasedSneakingSandbox/SneakingCommonTests/bin/Debug/SneakingCommonTests.DLL" adapterTypeName="Microsoft.VisualStudio.TestTools.TestTypes.Unit.UnitTestAdapter, Microsoft.VisualStudio.QualityTools.Tips.UnitTest.Adapter, Version=10.0.0.0, Culture=neutral, PublicKeyToken=b03f5f7f11d50a3a" className="SneakingCommonTests.UnitTest1, SneakingCommonTests, Version=1.0.0.0, Culture=neutral, PublicKeyToken=null" name="saveBareTest" />
    </UnitTest>
  </TestDefinitions>
  <TestLists>
    <TestList name="Results Not in a List" id="8c84fa94-04c1-424b-9868-57a2d4851a1d" />
    <TestList name="All Loaded Results" id="19431567-8539-422a-85d7-44ee4e166bda" />
  </TestLists>
  <TestEntries>
    <TestEntry testId="262bfdbb-4728-5a47-f470-44ae9165dcc1" executionId="461142d5-d938-424d-bf76-eb92b63baa3e" testListId="8c84fa94-04c1-424b-9868-57a2d4851a1d" />
  </TestEntries>
  <Results>
    <UnitTestResult executionId="461142d5-d938-424d-bf76-eb92b63baa3e" testId="262bfdbb-4728-5a47-f470-44ae9165dcc1" testName="saveBareTest" computerName="CARMEN-PC" duration="00:00:04.4076246" startTime="2014-11-21T19:25:41.3100206-05:00" endTime="2014-11-21T19:25:46.1796525-05:00" testType="13cdc9d9-ddb5-4fa4-a97d-d965ccfc6d4b" outcome="Failed" testListId="8c84fa94-04c1-424b-9868-57a2d4851a1d" relativeResultsDirectory="461142d5-d938-424d-bf76-eb92b63baa3e">
      <Output>
        <ErrorInfo>
          <Message>Assert.AreEqual failed. Expected:&lt;Sneaking_Gameplay.Sneaking_Drawables.SneakingMap&gt;. Actual:&lt;Sneaking_Gameplay.Sneaking_Drawables.SneakingMap&gt;. </Message>
          <StackTrace>   at SneakingCommonTests.UnitTest1.saveBareTest() in C:\Users\Juan\Documents\GitHub\TurnBasedSneakingSandbox\SneakingCommonTests\UnitTest1.cs:line 190
</StackTrace>
        </ErrorInfo>
      </Output>
    </UnitTestResult>
  </Results>
</TestRun>