<?xml version="1.0" encoding="UTF-8"?>
<TestRun id="6e24b0e5-8c19-4ba2-82dd-dd062a8354ca" name="Juan@CARMEN-PC 2014-11-18 15:53:16" runUser="Carmen-PC\Juan" xmlns="http://microsoft.com/schemas/VisualStudio/TeamTest/2010">
  <TestSettings name="Local" id="4dca26ae-3d80-4afb-bc2f-15cdbf18ba12">
    <Description>These are default test settings for a local test run.</Description>
    <Deployment enabled="false" runDeploymentRoot="Juan_CARMEN-PC 2014-11-18 15_53_16">
      <DeploymentItem filename="C:\Users\Juan\Documents\GitHub\TurnBasedSneakingSandbox\OpenGlGameCommon\bin\Debug\Canvas Window Template.dll" />
      <DeploymentItem filename="C:\Users\Juan\Documents\GitHub\TurnBasedSneakingSandbox\OpenGlGameCommon\bin\Debug\Tao.Platform.Windows.dll" />
      <DeploymentItem filename="C:\Users\Juan\Documents\GitHub\TurnBasedSneakingSandbox\OpenGlGameCommon\bin\Debug\CreationClassesLibrary.dll" />
      <DeploymentItem filename="C:\Users\Juan\Documents\Visual Studio 2010\Projects\Class Libraries\CharacterSystemLibrary\CharacterSystemLibrary\bin\Debug\CharacterSystemLibrary.dll" />
    </Deployment>
    <Execution>
      <TestTypeSpecific />
      <AgentRule name="Execution Agents">
      </AgentRule>
    </Execution>
  </TestSettings>
  <Times creation="2014-11-18T15:53:16.9643860-05:00" queuing="2014-11-18T15:53:16.9943861-05:00" start="2014-11-18T15:53:17.0243861-05:00" finish="2014-11-18T15:53:18.2024529-05:00" />
  <ResultSummary outcome="Completed">
    <Counters total="1" executed="1" passed="1" error="0" failed="0" timeout="0" aborted="0" inconclusive="0" passedButRunAborted="0" notRunnable="0" notExecuted="0" disconnected="0" warning="0" completed="0" inProgress="0" pending="0" />
  </ResultSummary>
  <TestDefinitions>
    <UnitTest name="ConstructorTest" storage="c:\users\juan\documents\github\turnbasedsneakingsandbox\openglmaptester\bin\debug\openglmaptester.dll" id="b6e02e22-2be4-a889-a89c-52f31f8451f9">
      <Execution id="0d5b1805-1048-41f5-8f6b-c085af2a73de" />
      <TestMethod codeBase="C:/Users/Juan/Documents/GitHub/TurnBasedSneakingSandbox/OpenGlMapTester/bin/Debug/OpenGlMapTester.DLL" adapterTypeName="Microsoft.VisualStudio.TestTools.TestTypes.Unit.UnitTestAdapter, Microsoft.VisualStudio.QualityTools.Tips.UnitTest.Adapter, Version=10.0.0.0, Culture=neutral, PublicKeyToken=b03f5f7f11d50a3a" className="OpenGlMapTester.OpenGlMapTest, OpenGlMapTester, Version=1.0.0.0, Culture=neutral, PublicKeyToken=null" name="ConstructorTest" />
    </UnitTest>
  </TestDefinitions>
  <TestLists>
    <TestList name="Results Not in a List" id="8c84fa94-04c1-424b-9868-57a2d4851a1d" />
    <TestList name="All Loaded Results" id="19431567-8539-422a-85d7-44ee4e166bda" />
  </TestLists>
  <TestEntries>
    <TestEntry testId="b6e02e22-2be4-a889-a89c-52f31f8451f9" executionId="0d5b1805-1048-41f5-8f6b-c085af2a73de" testListId="8c84fa94-04c1-424b-9868-57a2d4851a1d" />
  </TestEntries>
  <Results>
    <UnitTestResult executionId="0d5b1805-1048-41f5-8f6b-c085af2a73de" testId="b6e02e22-2be4-a889-a89c-52f31f8451f9" testName="ConstructorTest" computerName="CARMEN-PC" duration="00:00:00.0679930" startTime="2014-11-18T15:53:17.0753885-05:00" endTime="2014-11-18T15:53:17.9664394-05:00" testType="13cdc9d9-ddb5-4fa4-a97d-d965ccfc6d4b" outcome="Passed" testListId="8c84fa94-04c1-424b-9868-57a2d4851a1d" relativeResultsDirectory="0d5b1805-1048-41f5-8f6b-c085af2a73de">
    </UnitTestResult>
  </Results>
</TestRun>