<?xml version="1.0" encoding="UTF-8"?>
<TestRun id="b43327a5-7e22-4250-97eb-f44e7064752e" name="Juan@CARMEN-PC 2014-11-21 21:16:25" runUser="Carmen-PC\Juan" xmlns="http://microsoft.com/schemas/VisualStudio/TeamTest/2010">
  <TestSettings name="Local" id="4dca26ae-3d80-4afb-bc2f-15cdbf18ba12">
    <Description>These are default test settings for a local test run.</Description>
    <Deployment enabled="false" runDeploymentRoot="Juan_CARMEN-PC 2014-11-21 21_16_25">
      <DeploymentItem filename="C:\Users\Juan\Documents\GitHub\TurnBasedSneakingSandbox\OpenGlGameCommon\bin\Debug\OpenGlGameCommon.dll" />
      <DeploymentItem filename="C:\Users\Juan\Documents\GitHub\TurnBasedSneakingSandbox\SneakingCommon\bin\Debug\SneakingClasses.dll" />
      <DeploymentItem filename="C:\Users\Juan\Documents\Visual Studio 2010\Projects\Class Libraries\Canvas Window Template\bin\Debug\Canvas Window Template.dll" />
    </Deployment>
    <Execution>
      <TestTypeSpecific />
      <AgentRule name="Execution Agents">
      </AgentRule>
    </Execution>
  </TestSettings>
  <Times creation="2014-11-21T21:16:25.7977853-05:00" queuing="2014-11-21T21:16:25.9187922-05:00" start="2014-11-21T21:16:25.9437936-05:00" finish="2014-11-21T21:16:33.3572176-05:00" />
  <ResultSummary outcome="Failed">
    <Counters total="1" executed="1" error="0" failed="1" timeout="0" aborted="0" inconclusive="0" passedButRunAborted="0" notRunnable="0" notExecuted="0" disconnected="0" warning="0" passed="0" completed="0" inProgress="0" pending="0" />
  </ResultSummary>
  <TestDefinitions>
    <UnitTest name="bareMapTileIdsTest2" storage="c:\users\juan\documents\github\turnbasedsneakingsandbox\sneakingcommontests\bin\debug\sneakingcommontests.dll" id="f69816a6-bf65-5fab-f80a-b3ffa700438b">
      <Execution id="bf880f2e-aae9-46df-8cae-35063ec38b23" />
      <TestMethod codeBase="C:/Users/Juan/Documents/GitHub/TurnBasedSneakingSandbox/SneakingCommonTests/bin/Debug/SneakingCommonTests.DLL" adapterTypeName="Microsoft.VisualStudio.TestTools.TestTypes.Unit.UnitTestAdapter, Microsoft.VisualStudio.QualityTools.Tips.UnitTest.Adapter, Version=10.0.0.0, Culture=neutral, PublicKeyToken=b03f5f7f11d50a3a" className="SneakingCommonTests.UnitTest1, SneakingCommonTests, Version=1.0.0.0, Culture=neutral, PublicKeyToken=null" name="bareMapTileIdsTest2" />
    </UnitTest>
  </TestDefinitions>
  <TestLists>
    <TestList name="Results Not in a List" id="8c84fa94-04c1-424b-9868-57a2d4851a1d" />
    <TestList name="All Loaded Results" id="19431567-8539-422a-85d7-44ee4e166bda" />
  </TestLists>
  <TestEntries>
    <TestEntry testId="f69816a6-bf65-5fab-f80a-b3ffa700438b" executionId="bf880f2e-aae9-46df-8cae-35063ec38b23" testListId="8c84fa94-04c1-424b-9868-57a2d4851a1d" />
  </TestEntries>
  <Results>
    <UnitTestResult executionId="bf880f2e-aae9-46df-8cae-35063ec38b23" testId="f69816a6-bf65-5fab-f80a-b3ffa700438b" testName="bareMapTileIdsTest2" computerName="CARMEN-PC" duration="00:00:06.8272405" startTime="2014-11-21T21:16:26.0477996-05:00" endTime="2014-11-21T21:16:33.3122151-05:00" testType="13cdc9d9-ddb5-4fa4-a97d-d965ccfc6d4b" outcome="Failed" testListId="8c84fa94-04c1-424b-9868-57a2d4851a1d" relativeResultsDirectory="bf880f2e-aae9-46df-8cae-35063ec38b23">
      <Output>
        <ErrorInfo>
          <Message>Test method SneakingCommonTests.UnitTest1.bareMapTileIdsTest2 threw exception: 
System.InvalidOperationException: Sequence contains no matching element</Message>
          <StackTrace>    at System.Linq.Enumerable.First[TSource](IEnumerable`1 source, Func`2 predicate)
   at SneakingCommonTests.UnitTest1.bareMapTileIdsTest2() in C:\Users\Juan\Documents\GitHub\TurnBasedSneakingSandbox\SneakingCommonTests\UnitTest1.cs:line 146
</StackTrace>
        </ErrorInfo>
      </Output>
    </UnitTestResult>
  </Results>
</TestRun>