<?xml version="1.0" encoding="UTF-8"?>
<TestRun id="91da2c6c-7882-439a-865c-a09b94b6c335" name="Juan@CARMEN-PC 2014-11-18 15:45:22" runUser="Carmen-PC\Juan" xmlns="http://microsoft.com/schemas/VisualStudio/TeamTest/2010">
  <TestSettings name="Local" id="4dca26ae-3d80-4afb-bc2f-15cdbf18ba12">
    <Description>These are default test settings for a local test run.</Description>
    <Deployment enabled="false" runDeploymentRoot="Juan_CARMEN-PC 2014-11-18 15_45_22">
      <DeploymentItem filename="C:\Users\Juan\Documents\GitHub\TurnBasedSneakingSandbox\OpenGlGameCommon\bin\Debug\Canvas Window Template.dll" />
      <DeploymentItem filename="C:\Users\Juan\Documents\GitHub\TurnBasedSneakingSandbox\OpenGlGameCommon\bin\Debug\Tao.Platform.Windows.dll" />
      <DeploymentItem filename="C:\Users\Juan\Documents\GitHub\TurnBasedSneakingSandbox\OpenGlGameCommon\bin\Debug\CreationClassesLibrary.dll" />
      <DeploymentItem filename="C:\Users\Juan\Documents\Visual Studio 2010\Projects\Class Libraries\CharacterSystemLibrary\CharacterSystemLibrary\bin\Debug\CharacterSystemLibrary.dll" />
    </Deployment>
    <Execution>
      <TestTypeSpecific />
      <AgentRule name="Execution Agents">
      </AgentRule>
    </Execution>
  </TestSettings>
  <Times creation="2014-11-18T15:45:22.1912739-05:00" queuing="2014-11-18T15:45:24.2943171-05:00" start="2014-11-18T15:45:24.6673323-05:00" finish="2014-11-18T15:45:26.2483982-05:00" />
  <ResultSummary outcome="Failed">
    <Counters total="1" executed="1" error="0" failed="1" timeout="0" aborted="0" inconclusive="0" passedButRunAborted="0" notRunnable="0" notExecuted="0" disconnected="0" warning="0" passed="0" completed="0" inProgress="0" pending="0" />
  </ResultSummary>
  <TestDefinitions>
    <UnitTest name="OpenGlMapConstructorFailTest" storage="c:\users\juan\documents\github\turnbasedsneakingsandbox\openglmaptester\bin\debug\openglmaptester.dll" id="ef49f8c9-d129-47dd-cd1a-caec0b773854">
      <Execution id="b8dbeaf3-9670-473a-95c7-bdbecb6a511c" />
      <TestMethod codeBase="C:/Users/Juan/Documents/GitHub/TurnBasedSneakingSandbox/OpenGlMapTester/bin/Debug/OpenGlMapTester.DLL" adapterTypeName="Microsoft.VisualStudio.TestTools.TestTypes.Unit.UnitTestAdapter, Microsoft.VisualStudio.QualityTools.Tips.UnitTest.Adapter, Version=10.0.0.0, Culture=neutral, PublicKeyToken=b03f5f7f11d50a3a" className="OpenGlMapTester.OpenGlMapTest, OpenGlMapTester, Version=1.0.0.0, Culture=neutral, PublicKeyToken=null" name="OpenGlMapConstructorFailTest" />
    </UnitTest>
  </TestDefinitions>
  <TestLists>
    <TestList name="Results Not in a List" id="8c84fa94-04c1-424b-9868-57a2d4851a1d" />
    <TestList name="All Loaded Results" id="19431567-8539-422a-85d7-44ee4e166bda" />
  </TestLists>
  <TestEntries>
    <TestEntry testId="ef49f8c9-d129-47dd-cd1a-caec0b773854" executionId="b8dbeaf3-9670-473a-95c7-bdbecb6a511c" testListId="8c84fa94-04c1-424b-9868-57a2d4851a1d" />
  </TestEntries>
  <Results>
    <UnitTestResult executionId="b8dbeaf3-9670-473a-95c7-bdbecb6a511c" testId="ef49f8c9-d129-47dd-cd1a-caec0b773854" testName="OpenGlMapConstructorFailTest" computerName="CARMEN-PC" duration="00:00:00.4063156" startTime="2014-11-18T15:45:24.7313360-05:00" endTime="2014-11-18T15:45:25.9543881-05:00" testType="13cdc9d9-ddb5-4fa4-a97d-d965ccfc6d4b" outcome="Failed" testListId="8c84fa94-04c1-424b-9868-57a2d4851a1d" relativeResultsDirectory="b8dbeaf3-9670-473a-95c7-bdbecb6a511c">
      <Output>
        <ErrorInfo>
          <Message>Assert.IsNull failed. </Message>
          <StackTrace>   at OpenGlMapTester.OpenGlMapTest.OpenGlMapConstructorFailTest() in C:\Users\Juan\Documents\GitHub\TurnBasedSneakingSandbox\OpenGlMapTester\OpenGlMapTest.cs:line 74
</StackTrace>
        </ErrorInfo>
      </Output>
    </UnitTestResult>
  </Results>
</TestRun>