<?xml version="1.0" encoding="UTF-8"?>
<TestRun id="db44dbfc-f45f-4086-9d51-dca243b8e98f" name="Juan@CARMEN-PC 2014-11-23 12:51:54" runUser="Carmen-PC\Juan" xmlns="http://microsoft.com/schemas/VisualStudio/TeamTest/2010">
  <TestSettings name="Local" id="4dca26ae-3d80-4afb-bc2f-15cdbf18ba12">
    <Description>These are default test settings for a local test run.</Description>
    <Deployment enabled="false" runDeploymentRoot="Juan_CARMEN-PC 2014-11-23 12_51_54">
      <DeploymentItem filename="C:\Users\Juan\Documents\GitHub\TurnBasedSneakingSandbox\OpenGlGameCommon\bin\Debug\OpenGlGameCommon.dll" />
      <DeploymentItem filename="C:\Users\Juan\Documents\GitHub\CharacterSystemLibrary\CharacterSystemLibrary\bin\Debug\CharacterSystemLibrary.dll" />
      <DeploymentItem filename="C:\Users\Juan\Documents\GitHub\TurnBasedSneakingSandbox\SneakingCommon\bin\Debug\SneakingCommon.dll" />
      <DeploymentItem filename="C:\Users\Juan\Documents\GitHub\Canvas Window Template\bin\Debug\Canvas Window Template.dll" />
    </Deployment>
    <Execution>
      <TestTypeSpecific />
      <AgentRule name="Execution Agents">
      </AgentRule>
    </Execution>
  </TestSettings>
  <Times creation="2014-11-23T12:51:54.4895029-05:00" queuing="2014-11-23T12:51:54.9555295-05:00" start="2014-11-23T12:51:55.0815367-05:00" finish="2014-11-23T12:51:55.9035837-05:00" />
  <ResultSummary outcome="Completed">
    <Counters total="2" executed="2" passed="2" error="0" failed="0" timeout="0" aborted="0" inconclusive="0" passedButRunAborted="0" notRunnable="0" notExecuted="0" disconnected="0" warning="0" completed="0" inProgress="0" pending="0" />
  </ResultSummary>
  <TestDefinitions>
    <UnitTest name="loadSystemFailTest" storage="c:\users\juan\documents\github\turnbasedsneakingsandbox\sneakingcommontests\bin\debug\sneakingcommontests.dll" id="e60e6cc9-8957-d681-e984-3cd42fdb6948">
      <Execution id="fd7d6666-73dc-4015-ab45-64f40caf85c1" />
      <TestMethod codeBase="C:/Users/Juan/Documents/GitHub/TurnBasedSneakingSandbox/SneakingCommonTests/bin/Debug/SneakingCommonTests.DLL" adapterTypeName="Microsoft.VisualStudio.TestTools.TestTypes.Unit.UnitTestAdapter, Microsoft.VisualStudio.QualityTools.Tips.UnitTest.Adapter, Version=10.0.0.0, Culture=neutral, PublicKeyToken=b03f5f7f11d50a3a" className="SneakingCommonTests.GameSystemTest, SneakingCommonTests, Version=1.0.0.0, Culture=neutral, PublicKeyToken=null" name="loadSystemFailTest" />
    </UnitTest>
    <UnitTest name="loadSystemFailTest2" storage="c:\users\juan\documents\github\turnbasedsneakingsandbox\sneakingcommontests\bin\debug\sneakingcommontests.dll" id="c06f86fb-85e4-d0ce-ea52-4d80ec6335ec">
      <Execution id="8df21634-eee5-40fc-9f0a-30eb0cb0c173" />
      <TestMethod codeBase="C:/Users/Juan/Documents/GitHub/TurnBasedSneakingSandbox/SneakingCommonTests/bin/Debug/SneakingCommonTests.DLL" adapterTypeName="Microsoft.VisualStudio.TestTools.TestTypes.Unit.UnitTestAdapter, Microsoft.VisualStudio.QualityTools.Tips.UnitTest.Adapter, Version=10.0.0.0, Culture=neutral, PublicKeyToken=b03f5f7f11d50a3a" className="SneakingCommonTests.GameSystemTest, SneakingCommonTests, Version=1.0.0.0, Culture=neutral, PublicKeyToken=null" name="loadSystemFailTest2" />
    </UnitTest>
  </TestDefinitions>
  <TestLists>
    <TestList name="Results Not in a List" id="8c84fa94-04c1-424b-9868-57a2d4851a1d" />
    <TestList name="All Loaded Results" id="19431567-8539-422a-85d7-44ee4e166bda" />
  </TestLists>
  <TestEntries>
    <TestEntry testId="c06f86fb-85e4-d0ce-ea52-4d80ec6335ec" executionId="8df21634-eee5-40fc-9f0a-30eb0cb0c173" testListId="8c84fa94-04c1-424b-9868-57a2d4851a1d" />
    <TestEntry testId="e60e6cc9-8957-d681-e984-3cd42fdb6948" executionId="fd7d6666-73dc-4015-ab45-64f40caf85c1" testListId="8c84fa94-04c1-424b-9868-57a2d4851a1d" />
  </TestEntries>
  <Results>
    <UnitTestResult executionId="8df21634-eee5-40fc-9f0a-30eb0cb0c173" testId="c06f86fb-85e4-d0ce-ea52-4d80ec6335ec" testName="loadSystemFailTest2" computerName="CARMEN-PC" duration="00:00:00.0825381" startTime="2014-11-23T12:51:55.1055381-05:00" endTime="2014-11-23T12:51:55.6775708-05:00" testType="13cdc9d9-ddb5-4fa4-a97d-d965ccfc6d4b" outcome="Passed" testListId="8c84fa94-04c1-424b-9868-57a2d4851a1d" relativeResultsDirectory="8df21634-eee5-40fc-9f0a-30eb0cb0c173">
    </UnitTestResult>
    <UnitTestResult executionId="fd7d6666-73dc-4015-ab45-64f40caf85c1" testId="e60e6cc9-8957-d681-e984-3cd42fdb6948" testName="loadSystemFailTest" computerName="CARMEN-PC" duration="00:00:00.0130843" startTime="2014-11-23T12:51:55.7155730-05:00" endTime="2014-11-23T12:51:55.7635757-05:00" testType="13cdc9d9-ddb5-4fa4-a97d-d965ccfc6d4b" outcome="Passed" testListId="8c84fa94-04c1-424b-9868-57a2d4851a1d" relativeResultsDirectory="fd7d6666-73dc-4015-ab45-64f40caf85c1">
    </UnitTestResult>
  </Results>
</TestRun>