<?xml version="1.0" encoding="UTF-8"?>
<TestRun id="ac7fdfb1-2edb-4805-bd7f-c47c68ba5d20" name="Juan@CARMEN-PC 2014-11-22 15:43:13" runUser="Carmen-PC\Juan" xmlns="http://microsoft.com/schemas/VisualStudio/TeamTest/2010">
  <TestSettings name="Local" id="4dca26ae-3d80-4afb-bc2f-15cdbf18ba12">
    <Description>These are default test settings for a local test run.</Description>
    <Deployment enabled="false" runDeploymentRoot="Juan_CARMEN-PC 2014-11-22 15_43_13">
      <DeploymentItem filename="C:\Users\Juan\Documents\GitHub\TurnBasedSneakingSandbox\OpenGlGameCommon\bin\Debug\OpenGlGameCommon.dll" />
      <DeploymentItem filename="C:\Users\Juan\Documents\Visual Studio 2010\Projects\Class Libraries\Canvas Window Template\bin\Debug\Canvas Window Template.dll" />
      <DeploymentItem filename="C:\Users\Juan\Documents\Visual Studio 2010\Projects\Class Libraries\CharacterSystemLibrary\CharacterSystemLibrary\bin\Debug\CharacterSystemLibrary.dll" />
      <DeploymentItem filename="C:\Users\Juan\Documents\GitHub\TurnBasedSneakingSandbox\SneakingCommon\bin\Debug\SneakingCommon.dll" />
    </Deployment>
    <Execution>
      <TestTypeSpecific />
      <AgentRule name="Execution Agents">
      </AgentRule>
    </Execution>
  </TestSettings>
  <Times creation="2014-11-22T15:43:13.5826357-05:00" queuing="2014-11-22T15:43:13.6526358-05:00" start="2014-11-22T15:43:13.7126370-05:00" finish="2014-11-22T15:43:14.7966895-05:00" />
  <ResultSummary outcome="Failed">
    <Counters total="1" executed="1" error="0" failed="1" timeout="0" aborted="0" inconclusive="0" passedButRunAborted="0" notRunnable="0" notExecuted="0" disconnected="0" warning="0" passed="0" completed="0" inProgress="0" pending="0" />
  </ResultSummary>
  <TestDefinitions>
    <UnitTest name="getGuardsTest" storage="c:\users\juan\documents\github\turnbasedsneakingsandbox\sneakingcommontests\bin\debug\sneakingcommontests.dll" id="8b9cd9c4-e179-c2c6-e8c2-67229d4d437f">
      <Execution id="ea44246f-c9e1-4802-9ed6-d93ebf053e04" />
      <TestMethod codeBase="C:/Users/Juan/Documents/GitHub/TurnBasedSneakingSandbox/SneakingCommonTests/bin/Debug/SneakingCommonTests.DLL" adapterTypeName="Microsoft.VisualStudio.TestTools.TestTypes.Unit.UnitTestAdapter, Microsoft.VisualStudio.QualityTools.Tips.UnitTest.Adapter, Version=10.0.0.0, Culture=neutral, PublicKeyToken=b03f5f7f11d50a3a" className="SneakingCommonTests.SneakingGuardTests, SneakingCommonTests, Version=1.0.0.0, Culture=neutral, PublicKeyToken=null" name="getGuardsTest" />
    </UnitTest>
  </TestDefinitions>
  <TestLists>
    <TestList name="Results Not in a List" id="8c84fa94-04c1-424b-9868-57a2d4851a1d" />
    <TestList name="All Loaded Results" id="19431567-8539-422a-85d7-44ee4e166bda" />
  </TestLists>
  <TestEntries>
    <TestEntry testId="8b9cd9c4-e179-c2c6-e8c2-67229d4d437f" executionId="ea44246f-c9e1-4802-9ed6-d93ebf053e04" testListId="8c84fa94-04c1-424b-9868-57a2d4851a1d" />
  </TestEntries>
  <Results>
    <UnitTestResult executionId="ea44246f-c9e1-4802-9ed6-d93ebf053e04" testId="8b9cd9c4-e179-c2c6-e8c2-67229d4d437f" testName="getGuardsTest" computerName="CARMEN-PC" duration="00:00:00.4748624" startTime="2014-11-22T15:43:13.7546394-05:00" endTime="2014-11-22T15:43:14.6946881-05:00" testType="13cdc9d9-ddb5-4fa4-a97d-d965ccfc6d4b" outcome="Failed" testListId="8c84fa94-04c1-424b-9868-57a2d4851a1d" relativeResultsDirectory="ea44246f-c9e1-4802-9ed6-d93ebf053e04">
      <Output>
        <ErrorInfo>
          <Message>Test method SneakingCommonTests.SneakingGuardTests.getGuardsTest threw exception: 
System.NullReferenceException: Object reference not set to an instance of an object.</Message>
          <StackTrace>    at SneakingCommon.Utility.XmlLoader.loadGuardFromNode(XmlNode guardNode) in C:\Users\Juan\Documents\GitHub\TurnBasedSneakingSandbox\SneakingCommon\Utility\XmlLoader.cs:line 458
   at SneakingCommon.Utility.XmlLoader.getGuards(XmlNode myDoc) in C:\Users\Juan\Documents\GitHub\TurnBasedSneakingSandbox\SneakingCommon\Utility\XmlLoader.cs:line 88
   at SneakingCommon.Utility.XmlLoader.loadGuards(XmlDocument myDoc) in C:\Users\Juan\Documents\GitHub\TurnBasedSneakingSandbox\SneakingCommon\Utility\XmlLoader.cs:line 71
   at SneakingCommonTests.SneakingGuardTests.getGuardsTest() in C:\Users\Juan\Documents\GitHub\TurnBasedSneakingSandbox\SneakingCommonTests\SneakingGuardTests.cs:line 112
</StackTrace>
        </ErrorInfo>
      </Output>
    </UnitTestResult>
  </Results>
</TestRun>