<?xml version="1.0" encoding="UTF-8"?>
<TestRun id="70e8aad1-f9a6-41e5-89ea-7535f58dae2c" name="Juan@CARMEN-PC 2014-11-21 21:39:14" runUser="Carmen-PC\Juan" xmlns="http://microsoft.com/schemas/VisualStudio/TeamTest/2010">
  <TestSettings name="Local" id="4dca26ae-3d80-4afb-bc2f-15cdbf18ba12">
    <Description>These are default test settings for a local test run.</Description>
    <Deployment enabled="false" runDeploymentRoot="Juan_CARMEN-PC 2014-11-21 21_39_14">
      <DeploymentItem filename="C:\Users\Juan\Documents\GitHub\TurnBasedSneakingSandbox\OpenGlGameCommon\bin\Debug\OpenGlGameCommon.dll" />
      <DeploymentItem filename="C:\Users\Juan\Documents\GitHub\TurnBasedSneakingSandbox\SneakingCommon\bin\Debug\SneakingClasses.dll" />
      <DeploymentItem filename="C:\Users\Juan\Documents\Visual Studio 2010\Projects\Class Libraries\Canvas Window Template\bin\Debug\Canvas Window Template.dll" />
    </Deployment>
    <Execution>
      <TestTypeSpecific />
      <AgentRule name="Execution Agents">
      </AgentRule>
    </Execution>
  </TestSettings>
  <Times creation="2014-11-21T21:39:14.9260949-05:00" queuing="2014-11-21T21:39:15.5821325-05:00" start="2014-11-21T21:39:15.6811381-05:00" finish="2014-11-21T21:39:17.2362271-05:00" />
  <ResultSummary outcome="Completed">
    <Counters total="1" executed="1" passed="1" error="0" failed="0" timeout="0" aborted="0" inconclusive="0" passedButRunAborted="0" notRunnable="0" notExecuted="0" disconnected="0" warning="0" completed="0" inProgress="0" pending="0" />
  </ResultSummary>
  <TestDefinitions>
    <UnitTest name="loadBareMapTest" storage="c:\users\juan\documents\github\turnbasedsneakingsandbox\sneakingcommontests\bin\debug\sneakingcommontests.dll" id="c9182415-4410-3796-9514-99dbf275de21">
      <Execution id="3d7abaf0-9872-4619-9801-409294dc2586" />
      <TestMethod codeBase="C:/Users/Juan/Documents/GitHub/TurnBasedSneakingSandbox/SneakingCommonTests/bin/Debug/SneakingCommonTests.DLL" adapterTypeName="Microsoft.VisualStudio.TestTools.TestTypes.Unit.UnitTestAdapter, Microsoft.VisualStudio.QualityTools.Tips.UnitTest.Adapter, Version=10.0.0.0, Culture=neutral, PublicKeyToken=b03f5f7f11d50a3a" className="SneakingCommonTests.UnitTest1, SneakingCommonTests, Version=1.0.0.0, Culture=neutral, PublicKeyToken=null" name="loadBareMapTest" />
    </UnitTest>
  </TestDefinitions>
  <TestLists>
    <TestList name="Results Not in a List" id="8c84fa94-04c1-424b-9868-57a2d4851a1d" />
    <TestList name="All Loaded Results" id="19431567-8539-422a-85d7-44ee4e166bda" />
  </TestLists>
  <TestEntries>
    <TestEntry testId="c9182415-4410-3796-9514-99dbf275de21" executionId="3d7abaf0-9872-4619-9801-409294dc2586" testListId="8c84fa94-04c1-424b-9868-57a2d4851a1d" />
  </TestEntries>
  <Results>
    <UnitTestResult executionId="3d7abaf0-9872-4619-9801-409294dc2586" testId="c9182415-4410-3796-9514-99dbf275de21" testName="loadBareMapTest" computerName="CARMEN-PC" duration="00:00:00.8622145" startTime="2014-11-21T21:39:15.7061395-05:00" endTime="2014-11-21T21:39:17.0752179-05:00" testType="13cdc9d9-ddb5-4fa4-a97d-d965ccfc6d4b" outcome="Passed" testListId="8c84fa94-04c1-424b-9868-57a2d4851a1d" relativeResultsDirectory="3d7abaf0-9872-4619-9801-409294dc2586">
    </UnitTestResult>
  </Results>
</TestRun>