<?xml version="1.0" encoding="UTF-8"?>
<TestRun id="b9b55cbd-5f1a-48f0-a151-6b4a8f8c7254" name="Juan@CARMEN-PC 2014-11-18 16:38:05" runUser="Carmen-PC\Juan" xmlns="http://microsoft.com/schemas/VisualStudio/TeamTest/2010">
  <TestSettings name="Local" id="4dca26ae-3d80-4afb-bc2f-15cdbf18ba12">
    <Description>These are default test settings for a local test run.</Description>
    <Deployment enabled="false" runDeploymentRoot="Juan_CARMEN-PC 2014-11-18 16_38_05">
      <DeploymentItem filename="C:\Users\Juan\Documents\GitHub\TurnBasedSneakingSandbox\OpenGlGameCommon\bin\Debug\Canvas Window Template.dll" />
      <DeploymentItem filename="C:\Users\Juan\Documents\GitHub\TurnBasedSneakingSandbox\OpenGlGameCommon\bin\Debug\Tao.Platform.Windows.dll" />
      <DeploymentItem filename="C:\Users\Juan\Documents\GitHub\TurnBasedSneakingSandbox\OpenGlGameCommon\bin\Debug\CreationClassesLibrary.dll" />
      <DeploymentItem filename="C:\Users\Juan\Documents\Visual Studio 2010\Projects\Class Libraries\CharacterSystemLibrary\CharacterSystemLibrary\bin\Debug\CharacterSystemLibrary.dll" />
    </Deployment>
    <Execution>
      <TestTypeSpecific />
      <AgentRule name="Execution Agents">
      </AgentRule>
    </Execution>
  </TestSettings>
  <Times creation="2014-11-18T16:38:05.6688172-05:00" queuing="2014-11-18T16:38:05.6988173-05:00" start="2014-11-18T16:38:05.7288173-05:00" finish="2014-11-18T16:38:06.7908719-05:00" />
  <ResultSummary outcome="Failed">
    <Counters total="4" executed="4" passed="3" error="0" failed="1" timeout="0" aborted="0" inconclusive="0" passedButRunAborted="0" notRunnable="0" notExecuted="0" disconnected="0" warning="0" completed="0" inProgress="0" pending="0" />
  </ResultSummary>
  <TestDefinitions>
    <UnitTest name="ConstructorTest" storage="c:\users\juan\documents\github\turnbasedsneakingsandbox\openglmaptester\bin\debug\openglmaptester.dll" id="b6e02e22-2be4-a889-a89c-52f31f8451f9">
      <Execution id="57df3115-0b9d-46ad-a5dd-6291d9478eb6" />
      <TestMethod codeBase="C:/Users/Juan/Documents/GitHub/TurnBasedSneakingSandbox/OpenGlMapTester/bin/Debug/OpenGlMapTester.DLL" adapterTypeName="Microsoft.VisualStudio.TestTools.TestTypes.Unit.UnitTestAdapter, Microsoft.VisualStudio.QualityTools.Tips.UnitTest.Adapter, Version=10.0.0.0, Culture=neutral, PublicKeyToken=b03f5f7f11d50a3a" className="OpenGlMapTester.OpenGlMapTest, OpenGlMapTester, Version=1.0.0.0, Culture=neutral, PublicKeyToken=null" name="ConstructorTest" />
    </UnitTest>
    <UnitTest name="MyTilesRightSizeTestOne" storage="c:\users\juan\documents\github\turnbasedsneakingsandbox\openglmaptester\bin\debug\openglmaptester.dll" id="bc0830c6-69b3-412e-add7-868f1c5339d2">
      <Execution id="236f386b-3721-4262-9045-454b16aee757" />
      <TestMethod codeBase="C:/Users/Juan/Documents/GitHub/TurnBasedSneakingSandbox/OpenGlMapTester/bin/Debug/OpenGlMapTester.DLL" adapterTypeName="Microsoft.VisualStudio.TestTools.TestTypes.Unit.UnitTestAdapter, Microsoft.VisualStudio.QualityTools.Tips.UnitTest.Adapter, Version=10.0.0.0, Culture=neutral, PublicKeyToken=b03f5f7f11d50a3a" className="OpenGlMapTester.OpenGlMapTest, OpenGlMapTester, Version=1.0.0.0, Culture=neutral, PublicKeyToken=null" name="MyTilesRightSizeTestOne" />
    </UnitTest>
    <UnitTest name="MyTilesNotNullTest" storage="c:\users\juan\documents\github\turnbasedsneakingsandbox\openglmaptester\bin\debug\openglmaptester.dll" id="3ff41078-1d68-18d2-c63b-c9fe18a74982">
      <Execution id="8d3d4edb-8588-4a55-8152-1ba01b2d49b4" />
      <TestMethod codeBase="C:/Users/Juan/Documents/GitHub/TurnBasedSneakingSandbox/OpenGlMapTester/bin/Debug/OpenGlMapTester.DLL" adapterTypeName="Microsoft.VisualStudio.TestTools.TestTypes.Unit.UnitTestAdapter, Microsoft.VisualStudio.QualityTools.Tips.UnitTest.Adapter, Version=10.0.0.0, Culture=neutral, PublicKeyToken=b03f5f7f11d50a3a" className="OpenGlMapTester.OpenGlMapTest, OpenGlMapTester, Version=1.0.0.0, Culture=neutral, PublicKeyToken=null" name="MyTilesNotNullTest" />
    </UnitTest>
    <UnitTest name="DrawablesRightSizeTestOne" storage="c:\users\juan\documents\github\turnbasedsneakingsandbox\openglmaptester\bin\debug\openglmaptester.dll" id="910d89e7-16af-cc19-2644-17ffcf0bfacf">
      <Execution id="39a90620-7c44-477c-b76e-471038514979" />
      <TestMethod codeBase="C:/Users/Juan/Documents/GitHub/TurnBasedSneakingSandbox/OpenGlMapTester/bin/Debug/OpenGlMapTester.DLL" adapterTypeName="Microsoft.VisualStudio.TestTools.TestTypes.Unit.UnitTestAdapter, Microsoft.VisualStudio.QualityTools.Tips.UnitTest.Adapter, Version=10.0.0.0, Culture=neutral, PublicKeyToken=b03f5f7f11d50a3a" className="OpenGlMapTester.OpenGlMapTest, OpenGlMapTester, Version=1.0.0.0, Culture=neutral, PublicKeyToken=null" name="DrawablesRightSizeTestOne" />
    </UnitTest>
  </TestDefinitions>
  <TestLists>
    <TestList name="Results Not in a List" id="8c84fa94-04c1-424b-9868-57a2d4851a1d" />
    <TestList name="All Loaded Results" id="19431567-8539-422a-85d7-44ee4e166bda" />
  </TestLists>
  <TestEntries>
    <TestEntry testId="3ff41078-1d68-18d2-c63b-c9fe18a74982" executionId="8d3d4edb-8588-4a55-8152-1ba01b2d49b4" testListId="8c84fa94-04c1-424b-9868-57a2d4851a1d" />
    <TestEntry testId="910d89e7-16af-cc19-2644-17ffcf0bfacf" executionId="39a90620-7c44-477c-b76e-471038514979" testListId="8c84fa94-04c1-424b-9868-57a2d4851a1d" />
    <TestEntry testId="b6e02e22-2be4-a889-a89c-52f31f8451f9" executionId="57df3115-0b9d-46ad-a5dd-6291d9478eb6" testListId="8c84fa94-04c1-424b-9868-57a2d4851a1d" />
    <TestEntry testId="bc0830c6-69b3-412e-add7-868f1c5339d2" executionId="236f386b-3721-4262-9045-454b16aee757" testListId="8c84fa94-04c1-424b-9868-57a2d4851a1d" />
  </TestEntries>
  <Results>
    <UnitTestResult executionId="8d3d4edb-8588-4a55-8152-1ba01b2d49b4" testId="3ff41078-1d68-18d2-c63b-c9fe18a74982" testName="MyTilesNotNullTest" computerName="CARMEN-PC" duration="00:00:00.0772898" startTime="2014-11-18T16:38:05.8028210-05:00" endTime="2014-11-18T16:38:06.5648646-05:00" testType="13cdc9d9-ddb5-4fa4-a97d-d965ccfc6d4b" outcome="Passed" testListId="8c84fa94-04c1-424b-9868-57a2d4851a1d" relativeResultsDirectory="8d3d4edb-8588-4a55-8152-1ba01b2d49b4">
    </UnitTestResult>
    <UnitTestResult executionId="39a90620-7c44-477c-b76e-471038514979" testId="910d89e7-16af-cc19-2644-17ffcf0bfacf" testName="DrawablesRightSizeTestOne" computerName="CARMEN-PC" duration="00:00:00.0149316" startTime="2014-11-18T16:38:06.5908650-05:00" endTime="2014-11-18T16:38:06.6338663-05:00" testType="13cdc9d9-ddb5-4fa4-a97d-d965ccfc6d4b" outcome="Passed" testListId="8c84fa94-04c1-424b-9868-57a2d4851a1d" relativeResultsDirectory="39a90620-7c44-477c-b76e-471038514979">
    </UnitTestResult>
    <UnitTestResult executionId="57df3115-0b9d-46ad-a5dd-6291d9478eb6" testId="b6e02e22-2be4-a889-a89c-52f31f8451f9" testName="ConstructorTest" computerName="CARMEN-PC" duration="00:00:00.0029021" startTime="2014-11-18T16:38:06.6398666-05:00" endTime="2014-11-18T16:38:06.6708684-05:00" testType="13cdc9d9-ddb5-4fa4-a97d-d965ccfc6d4b" outcome="Passed" testListId="8c84fa94-04c1-424b-9868-57a2d4851a1d" relativeResultsDirectory="57df3115-0b9d-46ad-a5dd-6291d9478eb6">
    </UnitTestResult>
    <UnitTestResult executionId="236f386b-3721-4262-9045-454b16aee757" testId="bc0830c6-69b3-412e-add7-868f1c5339d2" testName="MyTilesRightSizeTestOne" computerName="CARMEN-PC" duration="00:00:00.0358081" startTime="2014-11-18T16:38:06.6768688-05:00" endTime="2014-11-18T16:38:06.7228708-05:00" testType="13cdc9d9-ddb5-4fa4-a97d-d965ccfc6d4b" outcome="Failed" testListId="8c84fa94-04c1-424b-9868-57a2d4851a1d" relativeResultsDirectory="236f386b-3721-4262-9045-454b16aee757">
      <Output>
        <ErrorInfo>
          <Message>Assert.AreEqual failed. Expected:&lt;0&gt;. Actual:&lt;1615&gt;. </Message>
          <StackTrace>   at OpenGlMapTester.OpenGlMapTest.MyTilesRightSizeTestOne() in C:\Users\Juan\Documents\GitHub\TurnBasedSneakingSandbox\OpenGlMapTester\OpenGlMapTest.cs:line 111
</StackTrace>
        </ErrorInfo>
      </Output>
    </UnitTestResult>
  </Results>
</TestRun>