<?xml version="1.0" encoding="UTF-8"?>
<TestRun id="2574c349-b9f5-4eb7-b8cd-1a8ca6621e51" name="Juan@CARMEN-PC 2014-11-23 12:58:12" runUser="Carmen-PC\Juan" xmlns="http://microsoft.com/schemas/VisualStudio/TeamTest/2010">
  <TestSettings name="Local" id="4dca26ae-3d80-4afb-bc2f-15cdbf18ba12">
    <Description>These are default test settings for a local test run.</Description>
    <Deployment enabled="false" runDeploymentRoot="Juan_CARMEN-PC 2014-11-23 12_58_12">
      <DeploymentItem filename="C:\Users\Juan\Documents\GitHub\TurnBasedSneakingSandbox\OpenGlGameCommon\bin\Debug\OpenGlGameCommon.dll" />
      <DeploymentItem filename="C:\Users\Juan\Documents\GitHub\CharacterSystemLibrary\CharacterSystemLibrary\bin\Debug\CharacterSystemLibrary.dll" />
      <DeploymentItem filename="C:\Users\Juan\Documents\GitHub\TurnBasedSneakingSandbox\SneakingCommon\bin\Debug\SneakingCommon.dll" />
      <DeploymentItem filename="C:\Users\Juan\Documents\GitHub\Canvas Window Template\bin\Debug\Canvas Window Template.dll" />
    </Deployment>
    <Execution>
      <TestTypeSpecific />
      <AgentRule name="Execution Agents">
      </AgentRule>
    </Execution>
  </TestSettings>
  <Times creation="2014-11-23T12:58:12.3651161-05:00" queuing="2014-11-23T12:58:12.8241424-05:00" start="2014-11-23T12:58:12.8881460-05:00" finish="2014-11-23T12:58:13.5591844-05:00" />
  <ResultSummary outcome="Completed">
    <Counters total="1" executed="1" passed="1" error="0" failed="0" timeout="0" aborted="0" inconclusive="0" passedButRunAborted="0" notRunnable="0" notExecuted="0" disconnected="0" warning="0" completed="0" inProgress="0" pending="0" />
  </ResultSummary>
  <TestDefinitions>
    <UnitTest name="loadSystemTest" storage="c:\users\juan\documents\github\turnbasedsneakingsandbox\sneakingcommontests\bin\debug\sneakingcommontests.dll" id="ce887018-052d-2c8f-e351-2fb49d3dc50f">
      <Execution id="1155665c-bd49-40b3-a443-b534b4bf5057" />
      <TestMethod codeBase="C:/Users/Juan/Documents/GitHub/TurnBasedSneakingSandbox/SneakingCommonTests/bin/Debug/SneakingCommonTests.DLL" adapterTypeName="Microsoft.VisualStudio.TestTools.TestTypes.Unit.UnitTestAdapter, Microsoft.VisualStudio.QualityTools.Tips.UnitTest.Adapter, Version=10.0.0.0, Culture=neutral, PublicKeyToken=b03f5f7f11d50a3a" className="SneakingCommonTests.GameSystemTest, SneakingCommonTests, Version=1.0.0.0, Culture=neutral, PublicKeyToken=null" name="loadSystemTest" />
    </UnitTest>
  </TestDefinitions>
  <TestLists>
    <TestList name="Results Not in a List" id="8c84fa94-04c1-424b-9868-57a2d4851a1d" />
    <TestList name="All Loaded Results" id="19431567-8539-422a-85d7-44ee4e166bda" />
  </TestLists>
  <TestEntries>
    <TestEntry testId="ce887018-052d-2c8f-e351-2fb49d3dc50f" executionId="1155665c-bd49-40b3-a443-b534b4bf5057" testListId="8c84fa94-04c1-424b-9868-57a2d4851a1d" />
  </TestEntries>
  <Results>
    <UnitTestResult executionId="1155665c-bd49-40b3-a443-b534b4bf5057" testId="ce887018-052d-2c8f-e351-2fb49d3dc50f" testName="loadSystemTest" computerName="CARMEN-PC" duration="00:00:00.0252744" startTime="2014-11-23T12:58:12.9131475-05:00" endTime="2014-11-23T12:58:13.4221766-05:00" testType="13cdc9d9-ddb5-4fa4-a97d-d965ccfc6d4b" outcome="Passed" testListId="8c84fa94-04c1-424b-9868-57a2d4851a1d" relativeResultsDirectory="1155665c-bd49-40b3-a443-b534b4bf5057">
    </UnitTestResult>
  </Results>
</TestRun>