<?xml version="1.0" encoding="UTF-8"?>
<TestRun id="7d9264b5-0da6-4cda-8263-f0771ada9ad0" name="Juan@CARMEN-PC 2014-11-21 16:32:56" runUser="Carmen-PC\Juan" xmlns="http://microsoft.com/schemas/VisualStudio/TeamTest/2010">
  <TestSettings name="Local" id="4dca26ae-3d80-4afb-bc2f-15cdbf18ba12">
    <Description>These are default test settings for a local test run.</Description>
    <Deployment enabled="false" runDeploymentRoot="Juan_CARMEN-PC 2014-11-21 16_32_56">
      <DeploymentItem filename="C:\Users\Juan\Documents\GitHub\TurnBasedSneakingSandbox\OpenGlGameCommon\bin\Debug\OpenGlGameCommon.dll" />
      <DeploymentItem filename="C:\Users\Juan\Documents\GitHub\TurnBasedSneakingSandbox\SneakingCommon\bin\Debug\SneakingClasses.dll" />
      <DeploymentItem filename="C:\Users\Juan\Documents\Visual Studio 2010\Projects\Class Libraries\Canvas Window Template\bin\Debug\Canvas Window Template.dll" />
    </Deployment>
    <Execution>
      <TestTypeSpecific />
      <AgentRule name="Execution Agents">
      </AgentRule>
    </Execution>
  </TestSettings>
  <Times creation="2014-11-21T16:32:56.2445649-05:00" queuing="2014-11-21T16:32:56.4635774-05:00" start="2014-11-21T16:32:56.5975851-05:00" finish="2014-11-21T16:33:02.4509199-05:00" />
  <ResultSummary outcome="Failed">
    <Counters total="1" executed="1" error="0" failed="1" timeout="0" aborted="0" inconclusive="0" passedButRunAborted="0" notRunnable="0" notExecuted="0" disconnected="0" warning="0" passed="0" completed="0" inProgress="0" pending="0" />
  </ResultSummary>
  <TestDefinitions>
    <UnitTest name="loadMapWithGuardsFailTest" storage="c:\users\juan\documents\github\turnbasedsneakingsandbox\sneakingcommontests\bin\debug\sneakingcommontests.dll" id="632043fe-6a37-088b-546a-dffd7e19abac">
      <Execution id="b8397e38-d6c0-4ccb-a4d0-fe30cb3b3588" />
      <TestMethod codeBase="C:/Users/Juan/Documents/GitHub/TurnBasedSneakingSandbox/SneakingCommonTests/bin/Debug/SneakingCommonTests.DLL" adapterTypeName="Microsoft.VisualStudio.TestTools.TestTypes.Unit.UnitTestAdapter, Microsoft.VisualStudio.QualityTools.Tips.UnitTest.Adapter, Version=10.0.0.0, Culture=neutral, PublicKeyToken=b03f5f7f11d50a3a" className="SneakingCommonTests.UnitTest1, SneakingCommonTests, Version=1.0.0.0, Culture=neutral, PublicKeyToken=null" name="loadMapWithGuardsFailTest" />
    </UnitTest>
  </TestDefinitions>
  <TestLists>
    <TestList name="Results Not in a List" id="8c84fa94-04c1-424b-9868-57a2d4851a1d" />
    <TestList name="All Loaded Results" id="19431567-8539-422a-85d7-44ee4e166bda" />
  </TestLists>
  <TestEntries>
    <TestEntry testId="632043fe-6a37-088b-546a-dffd7e19abac" executionId="b8397e38-d6c0-4ccb-a4d0-fe30cb3b3588" testListId="8c84fa94-04c1-424b-9868-57a2d4851a1d" />
  </TestEntries>
  <Results>
    <UnitTestResult executionId="b8397e38-d6c0-4ccb-a4d0-fe30cb3b3588" testId="632043fe-6a37-088b-546a-dffd7e19abac" testName="loadMapWithGuardsFailTest" computerName="CARMEN-PC" duration="00:00:05.0876295" startTime="2014-11-21T16:32:56.7155918-05:00" endTime="2014-11-21T16:33:02.2719096-05:00" testType="13cdc9d9-ddb5-4fa4-a97d-d965ccfc6d4b" outcome="Failed" testListId="8c84fa94-04c1-424b-9868-57a2d4851a1d" relativeResultsDirectory="b8397e38-d6c0-4ccb-a4d0-fe30cb3b3588">
      <Output>
        <ErrorInfo>
          <Message>Test method SneakingCommonTests.UnitTest1.loadMapWithGuardsFailTest threw exception: 
SneakingCommon.Exceptions.InvalidMapException: Exception of type 'SneakingCommon.Exceptions.InvalidMapException' was thrown.</Message>
          <StackTrace>    at SneakingCommon.Utility.XmlLoader.loadMapWithGuards(XmlDocument myDoc) in C:\Users\Juan\Documents\GitHub\TurnBasedSneakingSandbox\SneakingCommon\Utility\XmlLoader.cs:line 210
   at SneakingCommonTests.UnitTest1.loadMapWithGuardsFailTest() in C:\Users\Juan\Documents\GitHub\TurnBasedSneakingSandbox\SneakingCommonTests\UnitTest1.cs:line 126
</StackTrace>
        </ErrorInfo>
      </Output>
    </UnitTestResult>
  </Results>
</TestRun>