<?xml version="1.0" encoding="UTF-8"?>
<TestRun id="9063dc50-5179-42f3-88ed-0d980b30f1b5" name="Juan@CARMEN-PC 2014-11-21 19:21:04" runUser="Carmen-PC\Juan" xmlns="http://microsoft.com/schemas/VisualStudio/TeamTest/2010">
  <TestSettings name="Local" id="4dca26ae-3d80-4afb-bc2f-15cdbf18ba12">
    <Description>These are default test settings for a local test run.</Description>
    <Deployment enabled="false" runDeploymentRoot="Juan_CARMEN-PC 2014-11-21 19_21_04">
      <DeploymentItem filename="C:\Users\Juan\Documents\GitHub\TurnBasedSneakingSandbox\OpenGlGameCommon\bin\Debug\OpenGlGameCommon.dll" />
      <DeploymentItem filename="C:\Users\Juan\Documents\GitHub\TurnBasedSneakingSandbox\SneakingCommon\bin\Debug\SneakingClasses.dll" />
      <DeploymentItem filename="C:\Users\Juan\Documents\Visual Studio 2010\Projects\Class Libraries\Canvas Window Template\bin\Debug\Canvas Window Template.dll" />
    </Deployment>
    <Execution>
      <TestTypeSpecific />
      <AgentRule name="Execution Agents">
      </AgentRule>
    </Execution>
  </TestSettings>
  <Times creation="2014-11-21T19:21:04.2931581-05:00" queuing="2014-11-21T19:21:06.8359626-05:00" start="2014-11-21T19:21:07.1479631-05:00" finish="2014-11-21T19:22:12.6897564-05:00" />
  <ResultSummary outcome="Error">
    <Counters total="1" executed="1" error="0" failed="0" timeout="0" aborted="1" inconclusive="0" passedButRunAborted="0" notRunnable="0" notExecuted="0" disconnected="0" warning="0" passed="0" completed="0" inProgress="0" pending="0" />
    <RunInfos>
      <RunInfo computerName="CARMEN-PC" outcome="Error" timestamp="2014-11-21T19:22:12.6585564-05:00">
        <Text>Test host process exited unexpectedly.</Text>
      </RunInfo>
    </RunInfos>
  </ResultSummary>
  <TestDefinitions>
    <UnitTest name="saveBareTest" storage="c:\users\juan\documents\github\turnbasedsneakingsandbox\sneakingcommontests\bin\debug\sneakingcommontests.dll" id="262bfdbb-4728-5a47-f470-44ae9165dcc1">
      <Execution id="7d5bb5f8-e8d2-4ea5-b409-5616728756b5" />
      <TestMethod codeBase="C:/Users/Juan/Documents/GitHub/TurnBasedSneakingSandbox/SneakingCommonTests/bin/Debug/SneakingCommonTests.DLL" adapterTypeName="Microsoft.VisualStudio.TestTools.TestTypes.Unit.UnitTestAdapter, Microsoft.VisualStudio.QualityTools.Tips.UnitTest.Adapter, Version=10.0.0.0, Culture=neutral, PublicKeyToken=b03f5f7f11d50a3a" className="SneakingCommonTests.UnitTest1, SneakingCommonTests, Version=1.0.0.0, Culture=neutral, PublicKeyToken=null" name="saveBareTest" />
    </UnitTest>
  </TestDefinitions>
  <TestLists>
    <TestList name="Results Not in a List" id="8c84fa94-04c1-424b-9868-57a2d4851a1d" />
    <TestList name="All Loaded Results" id="19431567-8539-422a-85d7-44ee4e166bda" />
  </TestLists>
  <TestEntries>
    <TestEntry testId="262bfdbb-4728-5a47-f470-44ae9165dcc1" executionId="7d5bb5f8-e8d2-4ea5-b409-5616728756b5" testListId="8c84fa94-04c1-424b-9868-57a2d4851a1d" />
  </TestEntries>
  <Results>
    <UnitTestResult executionId="7d5bb5f8-e8d2-4ea5-b409-5616728756b5" testId="262bfdbb-4728-5a47-f470-44ae9165dcc1" testName="saveBareTest" computerName="CARMEN-PC" duration="00:01:05.3389929" startTime="2014-11-21T19:21:07.3507635-05:00" endTime="2014-11-21T19:22:12.6897564-05:00" testType="13cdc9d9-ddb5-4fa4-a97d-d965ccfc6d4b" outcome="Aborted" testListId="8c84fa94-04c1-424b-9868-57a2d4851a1d" relativeResultsDirectory="7d5bb5f8-e8d2-4ea5-b409-5616728756b5">
    </UnitTestResult>
  </Results>
</TestRun>