<?xml version="1.0" encoding="UTF-8"?>
<TestRun id="a1d2b550-6d4e-4d4b-9b34-f2e2d61e844f" name="Juan@CARMEN-PC 2014-11-21 21:28:05" runUser="Carmen-PC\Juan" xmlns="http://microsoft.com/schemas/VisualStudio/TeamTest/2010">
  <TestSettings name="Local" id="4dca26ae-3d80-4afb-bc2f-15cdbf18ba12">
    <Description>These are default test settings for a local test run.</Description>
    <Deployment enabled="false" runDeploymentRoot="Juan_CARMEN-PC 2014-11-21 21_28_05">
      <DeploymentItem filename="C:\Users\Juan\Documents\GitHub\TurnBasedSneakingSandbox\OpenGlGameCommon\bin\Debug\OpenGlGameCommon.dll" />
      <DeploymentItem filename="C:\Users\Juan\Documents\GitHub\TurnBasedSneakingSandbox\SneakingCommon\bin\Debug\SneakingClasses.dll" />
      <DeploymentItem filename="C:\Users\Juan\Documents\Visual Studio 2010\Projects\Class Libraries\Canvas Window Template\bin\Debug\Canvas Window Template.dll" />
    </Deployment>
    <Execution>
      <TestTypeSpecific />
      <AgentRule name="Execution Agents">
      </AgentRule>
    </Execution>
  </TestSettings>
  <Times creation="2014-11-21T21:28:05.2827935-05:00" queuing="2014-11-21T21:28:05.3677984-05:00" start="2014-11-21T21:28:05.4868052-05:00" finish="2014-11-21T21:28:27.6440725-05:00" />
  <ResultSummary outcome="Aborted">
    <Counters total="11" executed="1" error="0" failed="0" timeout="0" aborted="1" inconclusive="0" passedButRunAborted="0" notRunnable="0" notExecuted="10" disconnected="0" warning="0" passed="0" completed="0" inProgress="0" pending="0" />
  </ResultSummary>
  <TestDefinitions>
    <UnitTest name="loadMapWithGuardsTest" storage="c:\users\juan\documents\github\turnbasedsneakingsandbox\sneakingcommontests\bin\debug\sneakingcommontests.dll" id="5e6e334d-2cca-c346-a25d-291eef8683ac">
      <Execution id="1559bdb0-166b-4724-8604-7792399a7aed" />
      <TestMethod codeBase="C:/Users/Juan/Documents/GitHub/TurnBasedSneakingSandbox/SneakingCommonTests/bin/Debug/SneakingCommonTests.DLL" adapterTypeName="Microsoft.VisualStudio.TestTools.TestTypes.Unit.UnitTestAdapter, Microsoft.VisualStudio.QualityTools.Tips.UnitTest.Adapter, Version=10.0.0.0, Culture=neutral, PublicKeyToken=b03f5f7f11d50a3a" className="SneakingCommonTests.UnitTest1, SneakingCommonTests, Version=1.0.0.0, Culture=neutral, PublicKeyToken=null" name="loadMapWithGuardsTest" />
    </UnitTest>
    <UnitTest name="loadFullMapTest" storage="c:\users\juan\documents\github\turnbasedsneakingsandbox\sneakingcommontests\bin\debug\sneakingcommontests.dll" id="cd566601-757a-4bb7-8efc-5bacc9a950e6">
      <Execution id="94da515a-1440-444d-b750-44fe857c0f72" />
      <TestMethod codeBase="C:/Users/Juan/Documents/GitHub/TurnBasedSneakingSandbox/SneakingCommonTests/bin/Debug/SneakingCommonTests.DLL" adapterTypeName="Microsoft.VisualStudio.TestTools.TestTypes.Unit.UnitTestAdapter, Microsoft.VisualStudio.QualityTools.Tips.UnitTest.Adapter, Version=10.0.0.0, Culture=neutral, PublicKeyToken=b03f5f7f11d50a3a" className="SneakingCommonTests.UnitTest1, SneakingCommonTests, Version=1.0.0.0, Culture=neutral, PublicKeyToken=null" name="loadFullMapTest" />
    </UnitTest>
    <UnitTest name="loadFullMapFailTest" storage="c:\users\juan\documents\github\turnbasedsneakingsandbox\sneakingcommontests\bin\debug\sneakingcommontests.dll" id="360bc28a-1f79-48ae-8ab1-9779ad8b28f6">
      <Execution id="17f59899-caf0-4210-90e9-d60ec616d6ba" />
      <TestMethod codeBase="C:/Users/Juan/Documents/GitHub/TurnBasedSneakingSandbox/SneakingCommonTests/bin/Debug/SneakingCommonTests.DLL" adapterTypeName="Microsoft.VisualStudio.TestTools.TestTypes.Unit.UnitTestAdapter, Microsoft.VisualStudio.QualityTools.Tips.UnitTest.Adapter, Version=10.0.0.0, Culture=neutral, PublicKeyToken=b03f5f7f11d50a3a" className="SneakingCommonTests.UnitTest1, SneakingCommonTests, Version=1.0.0.0, Culture=neutral, PublicKeyToken=null" name="loadFullMapFailTest" />
    </UnitTest>
    <UnitTest name="saveBareTest" storage="c:\users\juan\documents\github\turnbasedsneakingsandbox\sneakingcommontests\bin\debug\sneakingcommontests.dll" id="262bfdbb-4728-5a47-f470-44ae9165dcc1">
      <Execution id="1aa6abbf-75bc-4a1d-bbff-75ebdb73e02e" />
      <TestMethod codeBase="C:/Users/Juan/Documents/GitHub/TurnBasedSneakingSandbox/SneakingCommonTests/bin/Debug/SneakingCommonTests.DLL" adapterTypeName="Microsoft.VisualStudio.TestTools.TestTypes.Unit.UnitTestAdapter, Microsoft.VisualStudio.QualityTools.Tips.UnitTest.Adapter, Version=10.0.0.0, Culture=neutral, PublicKeyToken=b03f5f7f11d50a3a" className="SneakingCommonTests.UnitTest1, SneakingCommonTests, Version=1.0.0.0, Culture=neutral, PublicKeyToken=null" name="saveBareTest" />
    </UnitTest>
    <UnitTest name="bareMapTileIdsTest" storage="c:\users\juan\documents\github\turnbasedsneakingsandbox\sneakingcommontests\bin\debug\sneakingcommontests.dll" id="10976cc2-a6bd-7e3a-8b9f-c78ea6b0c02b">
      <Execution id="74666c81-3584-4b1d-88c6-51d26eb253c3" />
      <TestMethod codeBase="C:/Users/Juan/Documents/GitHub/TurnBasedSneakingSandbox/SneakingCommonTests/bin/Debug/SneakingCommonTests.DLL" adapterTypeName="Microsoft.VisualStudio.TestTools.TestTypes.Unit.UnitTestAdapter, Microsoft.VisualStudio.QualityTools.Tips.UnitTest.Adapter, Version=10.0.0.0, Culture=neutral, PublicKeyToken=b03f5f7f11d50a3a" className="SneakingCommonTests.UnitTest1, SneakingCommonTests, Version=1.0.0.0, Culture=neutral, PublicKeyToken=null" name="bareMapTileIdsTest" />
    </UnitTest>
    <UnitTest name="MapCreationTest" storage="c:\users\juan\documents\github\turnbasedsneakingsandbox\sneakingcommontests\bin\debug\sneakingcommontests.dll" id="14156c61-3103-b678-f152-a80541626c88">
      <Execution id="5c6cf1f1-f678-4aa4-b010-c71db59a754b" />
      <TestMethod codeBase="C:/Users/Juan/Documents/GitHub/TurnBasedSneakingSandbox/SneakingCommonTests/bin/Debug/SneakingCommonTests.DLL" adapterTypeName="Microsoft.VisualStudio.TestTools.TestTypes.Unit.UnitTestAdapter, Microsoft.VisualStudio.QualityTools.Tips.UnitTest.Adapter, Version=10.0.0.0, Culture=neutral, PublicKeyToken=b03f5f7f11d50a3a" className="SneakingCommonTests.UnitTest1, SneakingCommonTests, Version=1.0.0.0, Culture=neutral, PublicKeyToken=null" name="MapCreationTest" />
    </UnitTest>
    <UnitTest name="loadBareMapFailTest" storage="c:\users\juan\documents\github\turnbasedsneakingsandbox\sneakingcommontests\bin\debug\sneakingcommontests.dll" id="da623405-5b58-a3e8-bbe4-66cc37964fa3">
      <Execution id="bbd7dd7e-a5dd-48ea-a910-c2bef159ff55" />
      <TestMethod codeBase="C:/Users/Juan/Documents/GitHub/TurnBasedSneakingSandbox/SneakingCommonTests/bin/Debug/SneakingCommonTests.DLL" adapterTypeName="Microsoft.VisualStudio.TestTools.TestTypes.Unit.UnitTestAdapter, Microsoft.VisualStudio.QualityTools.Tips.UnitTest.Adapter, Version=10.0.0.0, Culture=neutral, PublicKeyToken=b03f5f7f11d50a3a" className="SneakingCommonTests.UnitTest1, SneakingCommonTests, Version=1.0.0.0, Culture=neutral, PublicKeyToken=null" name="loadBareMapFailTest" />
    </UnitTest>
    <UnitTest name="loadBareMapTest" storage="c:\users\juan\documents\github\turnbasedsneakingsandbox\sneakingcommontests\bin\debug\sneakingcommontests.dll" id="c9182415-4410-3796-9514-99dbf275de21">
      <Execution id="6e4875ea-1c35-49f5-a3f7-b963541b2e10" />
      <TestMethod codeBase="C:/Users/Juan/Documents/GitHub/TurnBasedSneakingSandbox/SneakingCommonTests/bin/Debug/SneakingCommonTests.DLL" adapterTypeName="Microsoft.VisualStudio.TestTools.TestTypes.Unit.UnitTestAdapter, Microsoft.VisualStudio.QualityTools.Tips.UnitTest.Adapter, Version=10.0.0.0, Culture=neutral, PublicKeyToken=b03f5f7f11d50a3a" className="SneakingCommonTests.UnitTest1, SneakingCommonTests, Version=1.0.0.0, Culture=neutral, PublicKeyToken=null" name="loadBareMapTest" />
    </UnitTest>
    <UnitTest name="loadMapWithGuardsFailTest" storage="c:\users\juan\documents\github\turnbasedsneakingsandbox\sneakingcommontests\bin\debug\sneakingcommontests.dll" id="632043fe-6a37-088b-546a-dffd7e19abac">
      <Execution id="88e5d836-f597-4128-b7b4-44f618e1f442" />
      <TestMethod codeBase="C:/Users/Juan/Documents/GitHub/TurnBasedSneakingSandbox/SneakingCommonTests/bin/Debug/SneakingCommonTests.DLL" adapterTypeName="Microsoft.VisualStudio.TestTools.TestTypes.Unit.UnitTestAdapter, Microsoft.VisualStudio.QualityTools.Tips.UnitTest.Adapter, Version=10.0.0.0, Culture=neutral, PublicKeyToken=b03f5f7f11d50a3a" className="SneakingCommonTests.UnitTest1, SneakingCommonTests, Version=1.0.0.0, Culture=neutral, PublicKeyToken=null" name="loadMapWithGuardsFailTest" />
    </UnitTest>
    <UnitTest name="bareMapTileIdsTest2" storage="c:\users\juan\documents\github\turnbasedsneakingsandbox\sneakingcommontests\bin\debug\sneakingcommontests.dll" id="f69816a6-bf65-5fab-f80a-b3ffa700438b">
      <Execution id="dce8d0dd-689b-441c-befa-cfa9704f4d15" />
      <TestMethod codeBase="C:/Users/Juan/Documents/GitHub/TurnBasedSneakingSandbox/SneakingCommonTests/bin/Debug/SneakingCommonTests.DLL" adapterTypeName="Microsoft.VisualStudio.TestTools.TestTypes.Unit.UnitTestAdapter, Microsoft.VisualStudio.QualityTools.Tips.UnitTest.Adapter, Version=10.0.0.0, Culture=neutral, PublicKeyToken=b03f5f7f11d50a3a" className="SneakingCommonTests.UnitTest1, SneakingCommonTests, Version=1.0.0.0, Culture=neutral, PublicKeyToken=null" name="bareMapTileIdsTest2" />
    </UnitTest>
    <UnitTest name="saveBareFailTest" storage="c:\users\juan\documents\github\turnbasedsneakingsandbox\sneakingcommontests\bin\debug\sneakingcommontests.dll" id="53a49d14-54cd-36e1-bd3d-c53d8899d35c">
      <Execution id="0f084948-ea00-4f73-8945-70160772ba57" />
      <TestMethod codeBase="C:/Users/Juan/Documents/GitHub/TurnBasedSneakingSandbox/SneakingCommonTests/bin/Debug/SneakingCommonTests.DLL" adapterTypeName="Microsoft.VisualStudio.TestTools.TestTypes.Unit.UnitTestAdapter, Microsoft.VisualStudio.QualityTools.Tips.UnitTest.Adapter, Version=10.0.0.0, Culture=neutral, PublicKeyToken=b03f5f7f11d50a3a" className="SneakingCommonTests.UnitTest1, SneakingCommonTests, Version=1.0.0.0, Culture=neutral, PublicKeyToken=null" name="saveBareFailTest" />
    </UnitTest>
  </TestDefinitions>
  <TestLists>
    <TestList name="Results Not in a List" id="8c84fa94-04c1-424b-9868-57a2d4851a1d" />
    <TestList name="All Loaded Results" id="19431567-8539-422a-85d7-44ee4e166bda" />
  </TestLists>
  <TestEntries>
    <TestEntry testId="10976cc2-a6bd-7e3a-8b9f-c78ea6b0c02b" executionId="74666c81-3584-4b1d-88c6-51d26eb253c3" testListId="8c84fa94-04c1-424b-9868-57a2d4851a1d" />
    <TestEntry testId="14156c61-3103-b678-f152-a80541626c88" executionId="5c6cf1f1-f678-4aa4-b010-c71db59a754b" testListId="8c84fa94-04c1-424b-9868-57a2d4851a1d" />
    <TestEntry testId="262bfdbb-4728-5a47-f470-44ae9165dcc1" executionId="1aa6abbf-75bc-4a1d-bbff-75ebdb73e02e" testListId="8c84fa94-04c1-424b-9868-57a2d4851a1d" />
    <TestEntry testId="360bc28a-1f79-48ae-8ab1-9779ad8b28f6" executionId="17f59899-caf0-4210-90e9-d60ec616d6ba" testListId="8c84fa94-04c1-424b-9868-57a2d4851a1d" />
    <TestEntry testId="53a49d14-54cd-36e1-bd3d-c53d8899d35c" executionId="0f084948-ea00-4f73-8945-70160772ba57" testListId="8c84fa94-04c1-424b-9868-57a2d4851a1d" />
    <TestEntry testId="5e6e334d-2cca-c346-a25d-291eef8683ac" executionId="1559bdb0-166b-4724-8604-7792399a7aed" testListId="8c84fa94-04c1-424b-9868-57a2d4851a1d" />
    <TestEntry testId="632043fe-6a37-088b-546a-dffd7e19abac" executionId="88e5d836-f597-4128-b7b4-44f618e1f442" testListId="8c84fa94-04c1-424b-9868-57a2d4851a1d" />
    <TestEntry testId="c9182415-4410-3796-9514-99dbf275de21" executionId="6e4875ea-1c35-49f5-a3f7-b963541b2e10" testListId="8c84fa94-04c1-424b-9868-57a2d4851a1d" />
    <TestEntry testId="cd566601-757a-4bb7-8efc-5bacc9a950e6" executionId="94da515a-1440-444d-b750-44fe857c0f72" testListId="8c84fa94-04c1-424b-9868-57a2d4851a1d" />
    <TestEntry testId="da623405-5b58-a3e8-bbe4-66cc37964fa3" executionId="bbd7dd7e-a5dd-48ea-a910-c2bef159ff55" testListId="8c84fa94-04c1-424b-9868-57a2d4851a1d" />
    <TestEntry testId="f69816a6-bf65-5fab-f80a-b3ffa700438b" executionId="dce8d0dd-689b-441c-befa-cfa9704f4d15" testListId="8c84fa94-04c1-424b-9868-57a2d4851a1d" />
  </TestEntries>
  <Results>
    <UnitTestResult executionId="74666c81-3584-4b1d-88c6-51d26eb253c3" testId="10976cc2-a6bd-7e3a-8b9f-c78ea6b0c02b" testName="bareMapTileIdsTest" computerName="CARMEN-PC" duration="00:00:05.7083265" startTime="2014-11-21T21:28:05.5178070-05:00" endTime="2014-11-21T21:28:11.2261335-05:00" testType="13cdc9d9-ddb5-4fa4-a97d-d965ccfc6d4b" outcome="Aborted" testListId="8c84fa94-04c1-424b-9868-57a2d4851a1d" relativeResultsDirectory="74666c81-3584-4b1d-88c6-51d26eb253c3">
      <Output>
        <ErrorInfo>
          <Message>User aborted test run.</Message>
        </ErrorInfo>
      </Output>
    </UnitTestResult>
    <UnitTestResult executionId="5c6cf1f1-f678-4aa4-b010-c71db59a754b" testId="14156c61-3103-b678-f152-a80541626c88" testName="MapCreationTest" computerName="CARMEN-PC" testType="13cdc9d9-ddb5-4fa4-a97d-d965ccfc6d4b" outcome="NotExecuted" testListId="8c84fa94-04c1-424b-9868-57a2d4851a1d" relativeResultsDirectory="5c6cf1f1-f678-4aa4-b010-c71db59a754b">
    </UnitTestResult>
    <UnitTestResult executionId="1aa6abbf-75bc-4a1d-bbff-75ebdb73e02e" testId="262bfdbb-4728-5a47-f470-44ae9165dcc1" testName="saveBareTest" computerName="CARMEN-PC" testType="13cdc9d9-ddb5-4fa4-a97d-d965ccfc6d4b" outcome="NotExecuted" testListId="8c84fa94-04c1-424b-9868-57a2d4851a1d" relativeResultsDirectory="1aa6abbf-75bc-4a1d-bbff-75ebdb73e02e">
    </UnitTestResult>
    <UnitTestResult executionId="17f59899-caf0-4210-90e9-d60ec616d6ba" testId="360bc28a-1f79-48ae-8ab1-9779ad8b28f6" testName="loadFullMapFailTest" computerName="CARMEN-PC" testType="13cdc9d9-ddb5-4fa4-a97d-d965ccfc6d4b" outcome="NotExecuted" testListId="8c84fa94-04c1-424b-9868-57a2d4851a1d" relativeResultsDirectory="17f59899-caf0-4210-90e9-d60ec616d6ba">
    </UnitTestResult>
    <UnitTestResult executionId="0f084948-ea00-4f73-8945-70160772ba57" testId="53a49d14-54cd-36e1-bd3d-c53d8899d35c" testName="saveBareFailTest" computerName="CARMEN-PC" testType="13cdc9d9-ddb5-4fa4-a97d-d965ccfc6d4b" outcome="NotExecuted" testListId="8c84fa94-04c1-424b-9868-57a2d4851a1d" relativeResultsDirectory="0f084948-ea00-4f73-8945-70160772ba57">
    </UnitTestResult>
    <UnitTestResult executionId="1559bdb0-166b-4724-8604-7792399a7aed" testId="5e6e334d-2cca-c346-a25d-291eef8683ac" testName="loadMapWithGuardsTest" computerName="CARMEN-PC" testType="13cdc9d9-ddb5-4fa4-a97d-d965ccfc6d4b" outcome="NotExecuted" testListId="8c84fa94-04c1-424b-9868-57a2d4851a1d" relativeResultsDirectory="1559bdb0-166b-4724-8604-7792399a7aed">
    </UnitTestResult>
    <UnitTestResult executionId="88e5d836-f597-4128-b7b4-44f618e1f442" testId="632043fe-6a37-088b-546a-dffd7e19abac" testName="loadMapWithGuardsFailTest" computerName="CARMEN-PC" testType="13cdc9d9-ddb5-4fa4-a97d-d965ccfc6d4b" outcome="NotExecuted" testListId="8c84fa94-04c1-424b-9868-57a2d4851a1d" relativeResultsDirectory="88e5d836-f597-4128-b7b4-44f618e1f442">
    </UnitTestResult>
    <UnitTestResult executionId="6e4875ea-1c35-49f5-a3f7-b963541b2e10" testId="c9182415-4410-3796-9514-99dbf275de21" testName="loadBareMapTest" computerName="CARMEN-PC" testType="13cdc9d9-ddb5-4fa4-a97d-d965ccfc6d4b" outcome="NotExecuted" testListId="8c84fa94-04c1-424b-9868-57a2d4851a1d" relativeResultsDirectory="6e4875ea-1c35-49f5-a3f7-b963541b2e10">
    </UnitTestResult>
    <UnitTestResult executionId="94da515a-1440-444d-b750-44fe857c0f72" testId="cd566601-757a-4bb7-8efc-5bacc9a950e6" testName="loadFullMapTest" computerName="CARMEN-PC" testType="13cdc9d9-ddb5-4fa4-a97d-d965ccfc6d4b" outcome="NotExecuted" testListId="8c84fa94-04c1-424b-9868-57a2d4851a1d" relativeResultsDirectory="94da515a-1440-444d-b750-44fe857c0f72">
    </UnitTestResult>
    <UnitTestResult executionId="bbd7dd7e-a5dd-48ea-a910-c2bef159ff55" testId="da623405-5b58-a3e8-bbe4-66cc37964fa3" testName="loadBareMapFailTest" computerName="CARMEN-PC" testType="13cdc9d9-ddb5-4fa4-a97d-d965ccfc6d4b" outcome="NotExecuted" testListId="8c84fa94-04c1-424b-9868-57a2d4851a1d" relativeResultsDirectory="bbd7dd7e-a5dd-48ea-a910-c2bef159ff55">
    </UnitTestResult>
    <UnitTestResult executionId="dce8d0dd-689b-441c-befa-cfa9704f4d15" testId="f69816a6-bf65-5fab-f80a-b3ffa700438b" testName="bareMapTileIdsTest2" computerName="CARMEN-PC" testType="13cdc9d9-ddb5-4fa4-a97d-d965ccfc6d4b" outcome="NotExecuted" testListId="8c84fa94-04c1-424b-9868-57a2d4851a1d" relativeResultsDirectory="dce8d0dd-689b-441c-befa-cfa9704f4d15">
    </UnitTestResult>
  </Results>
</TestRun>