<?xml version="1.0" encoding="UTF-8"?>
<TestRun id="23321375-c0d1-48d8-9819-78c6463101b2" name="Juan@CARMEN-PC 2014-11-18 15:53:25" runUser="Carmen-PC\Juan" xmlns="http://microsoft.com/schemas/VisualStudio/TeamTest/2010">
  <TestSettings name="Local" id="4dca26ae-3d80-4afb-bc2f-15cdbf18ba12">
    <Description>These are default test settings for a local test run.</Description>
    <Deployment enabled="false" runDeploymentRoot="Juan_CARMEN-PC 2014-11-18 15_53_25">
      <DeploymentItem filename="C:\Users\Juan\Documents\GitHub\TurnBasedSneakingSandbox\OpenGlGameCommon\bin\Debug\Canvas Window Template.dll" />
      <DeploymentItem filename="C:\Users\Juan\Documents\GitHub\TurnBasedSneakingSandbox\OpenGlGameCommon\bin\Debug\Tao.Platform.Windows.dll" />
      <DeploymentItem filename="C:\Users\Juan\Documents\GitHub\TurnBasedSneakingSandbox\OpenGlGameCommon\bin\Debug\CreationClassesLibrary.dll" />
      <DeploymentItem filename="C:\Users\Juan\Documents\Visual Studio 2010\Projects\Class Libraries\CharacterSystemLibrary\CharacterSystemLibrary\bin\Debug\CharacterSystemLibrary.dll" />
    </Deployment>
    <Execution>
      <TestTypeSpecific />
      <AgentRule name="Execution Agents">
      </AgentRule>
    </Execution>
  </TestSettings>
  <Times creation="2014-11-18T15:53:25.3705432-05:00" queuing="2014-11-18T15:53:25.3915444-05:00" start="2014-11-18T15:53:25.4245463-05:00" finish="2014-11-18T15:53:26.1965905-05:00" />
  <ResultSummary outcome="Completed">
    <Counters total="2" executed="2" passed="2" error="0" failed="0" timeout="0" aborted="0" inconclusive="0" passedButRunAborted="0" notRunnable="0" notExecuted="0" disconnected="0" warning="0" completed="0" inProgress="0" pending="0" />
  </ResultSummary>
  <TestDefinitions>
    <UnitTest name="MyTilesNotNullTest" storage="c:\users\juan\documents\github\turnbasedsneakingsandbox\openglmaptester\bin\debug\openglmaptester.dll" id="3ff41078-1d68-18d2-c63b-c9fe18a74982">
      <Execution id="e1481ac8-e997-4c86-8d41-91707a1ccc28" />
      <TestMethod codeBase="C:/Users/Juan/Documents/GitHub/TurnBasedSneakingSandbox/OpenGlMapTester/bin/Debug/OpenGlMapTester.DLL" adapterTypeName="Microsoft.VisualStudio.TestTools.TestTypes.Unit.UnitTestAdapter, Microsoft.VisualStudio.QualityTools.Tips.UnitTest.Adapter, Version=10.0.0.0, Culture=neutral, PublicKeyToken=b03f5f7f11d50a3a" className="OpenGlMapTester.OpenGlMapTest, OpenGlMapTester, Version=1.0.0.0, Culture=neutral, PublicKeyToken=null" name="MyTilesNotNullTest" />
    </UnitTest>
    <UnitTest name="ConstructorTest" storage="c:\users\juan\documents\github\turnbasedsneakingsandbox\openglmaptester\bin\debug\openglmaptester.dll" id="b6e02e22-2be4-a889-a89c-52f31f8451f9">
      <Execution id="3be624f1-efbf-4af8-99b2-c65ebc14e913" />
      <TestMethod codeBase="C:/Users/Juan/Documents/GitHub/TurnBasedSneakingSandbox/OpenGlMapTester/bin/Debug/OpenGlMapTester.DLL" adapterTypeName="Microsoft.VisualStudio.TestTools.TestTypes.Unit.UnitTestAdapter, Microsoft.VisualStudio.QualityTools.Tips.UnitTest.Adapter, Version=10.0.0.0, Culture=neutral, PublicKeyToken=b03f5f7f11d50a3a" className="OpenGlMapTester.OpenGlMapTest, OpenGlMapTester, Version=1.0.0.0, Culture=neutral, PublicKeyToken=null" name="ConstructorTest" />
    </UnitTest>
  </TestDefinitions>
  <TestLists>
    <TestList name="Results Not in a List" id="8c84fa94-04c1-424b-9868-57a2d4851a1d" />
    <TestList name="All Loaded Results" id="19431567-8539-422a-85d7-44ee4e166bda" />
  </TestLists>
  <TestEntries>
    <TestEntry testId="3ff41078-1d68-18d2-c63b-c9fe18a74982" executionId="e1481ac8-e997-4c86-8d41-91707a1ccc28" testListId="8c84fa94-04c1-424b-9868-57a2d4851a1d" />
    <TestEntry testId="b6e02e22-2be4-a889-a89c-52f31f8451f9" executionId="3be624f1-efbf-4af8-99b2-c65ebc14e913" testListId="8c84fa94-04c1-424b-9868-57a2d4851a1d" />
  </TestEntries>
  <Results>
    <UnitTestResult executionId="e1481ac8-e997-4c86-8d41-91707a1ccc28" testId="3ff41078-1d68-18d2-c63b-c9fe18a74982" testName="MyTilesNotNullTest" computerName="CARMEN-PC" duration="00:00:00.0584677" startTime="2014-11-18T15:53:25.4905501-05:00" endTime="2014-11-18T15:53:26.1265865-05:00" testType="13cdc9d9-ddb5-4fa4-a97d-d965ccfc6d4b" outcome="Passed" testListId="8c84fa94-04c1-424b-9868-57a2d4851a1d" relativeResultsDirectory="e1481ac8-e997-4c86-8d41-91707a1ccc28">
    </UnitTestResult>
    <UnitTestResult executionId="3be624f1-efbf-4af8-99b2-c65ebc14e913" testId="b6e02e22-2be4-a889-a89c-52f31f8451f9" testName="ConstructorTest" computerName="CARMEN-PC" duration="00:00:00.0003931" startTime="2014-11-18T15:53:26.1325868-05:00" endTime="2014-11-18T15:53:26.1635886-05:00" testType="13cdc9d9-ddb5-4fa4-a97d-d965ccfc6d4b" outcome="Passed" testListId="8c84fa94-04c1-424b-9868-57a2d4851a1d" relativeResultsDirectory="3be624f1-efbf-4af8-99b2-c65ebc14e913">
    </UnitTestResult>
  </Results>
</TestRun>