<?xml version="1.0" encoding="UTF-8"?>
<TestRun id="1ee9b44f-1a6e-4fa0-b27d-c9420e82eeb7" name="Juan@CARMEN-PC 2014-11-19 19:24:27" runUser="Carmen-PC\Juan" xmlns="http://microsoft.com/schemas/VisualStudio/TeamTest/2010">
  <TestSettings name="Local" id="4dca26ae-3d80-4afb-bc2f-15cdbf18ba12">
    <Description>These are default test settings for a local test run.</Description>
    <Deployment enabled="false" runDeploymentRoot="Juan_CARMEN-PC 2014-11-19 19_24_27">
      <DeploymentItem filename="C:\Users\Juan\Documents\GitHub\TurnBasedSneakingSandbox\OpenGlGameCommon\bin\Debug\Canvas Window Template.dll" />
      <DeploymentItem filename="C:\Users\Juan\Documents\Visual Studio 2010\Projects\Class Libraries\CharacterSystemLibrary\CharacterSystemLibrary\bin\Debug\CharacterSystemLibrary.dll" />
      <DeploymentItem filename="C:\Users\Juan\Documents\GitHub\TurnBasedSneakingSandbox\OpenGlGameCommon\bin\Debug\CreationClassesLibrary.dll" />
      <DeploymentItem filename="C:\Users\Juan\Documents\GitHub\TurnBasedSneakingSandbox\OpenGlGameCommon\bin\Debug\Tao.Platform.Windows.dll" />
    </Deployment>
    <Execution>
      <TestTypeSpecific />
      <AgentRule name="Execution Agents">
      </AgentRule>
    </Execution>
  </TestSettings>
  <Times creation="2014-11-19T19:24:27.2971224-05:00" queuing="2014-11-19T19:24:28.2381632-05:00" start="2014-11-19T19:24:28.4409636-05:00" finish="2014-11-19T19:24:29.6577657-05:00" />
  <ResultSummary outcome="Completed">
    <Counters total="4" executed="4" passed="4" error="0" failed="0" timeout="0" aborted="0" inconclusive="0" passedButRunAborted="0" notRunnable="0" notExecuted="0" disconnected="0" warning="0" completed="0" inProgress="0" pending="0" />
  </ResultSummary>
  <TestDefinitions>
    <UnitTest name="ConstructorTest" storage="c:\users\juan\documents\github\turnbasedsneakingsandbox\openglmaptester\bin\debug\openglmaptester.dll" id="b6e02e22-2be4-a889-a89c-52f31f8451f9">
      <Execution id="6287406a-2207-4ed7-81cc-93c9c218e4f5" />
      <TestMethod codeBase="C:/Users/Juan/Documents/GitHub/TurnBasedSneakingSandbox/OpenGlMapTester/bin/Debug/OpenGlMapTester.DLL" adapterTypeName="Microsoft.VisualStudio.TestTools.TestTypes.Unit.UnitTestAdapter, Microsoft.VisualStudio.QualityTools.Tips.UnitTest.Adapter, Version=10.0.0.0, Culture=neutral, PublicKeyToken=b03f5f7f11d50a3a" className="OpenGlMapTester.OpenGlMapTest, OpenGlMapTester, Version=1.0.0.0, Culture=neutral, PublicKeyToken=null" name="ConstructorTest" />
    </UnitTest>
    <UnitTest name="MyTilesRightSizeTestOne" storage="c:\users\juan\documents\github\turnbasedsneakingsandbox\openglmaptester\bin\debug\openglmaptester.dll" id="bc0830c6-69b3-412e-add7-868f1c5339d2">
      <Execution id="2f86517d-9c61-43dc-979d-512744847e9e" />
      <TestMethod codeBase="C:/Users/Juan/Documents/GitHub/TurnBasedSneakingSandbox/OpenGlMapTester/bin/Debug/OpenGlMapTester.DLL" adapterTypeName="Microsoft.VisualStudio.TestTools.TestTypes.Unit.UnitTestAdapter, Microsoft.VisualStudio.QualityTools.Tips.UnitTest.Adapter, Version=10.0.0.0, Culture=neutral, PublicKeyToken=b03f5f7f11d50a3a" className="OpenGlMapTester.OpenGlMapTest, OpenGlMapTester, Version=1.0.0.0, Culture=neutral, PublicKeyToken=null" name="MyTilesRightSizeTestOne" />
    </UnitTest>
    <UnitTest name="MyTilesNotNullTest" storage="c:\users\juan\documents\github\turnbasedsneakingsandbox\openglmaptester\bin\debug\openglmaptester.dll" id="3ff41078-1d68-18d2-c63b-c9fe18a74982">
      <Execution id="f39796a9-271e-40af-8ffc-5a1356c7ad12" />
      <TestMethod codeBase="C:/Users/Juan/Documents/GitHub/TurnBasedSneakingSandbox/OpenGlMapTester/bin/Debug/OpenGlMapTester.DLL" adapterTypeName="Microsoft.VisualStudio.TestTools.TestTypes.Unit.UnitTestAdapter, Microsoft.VisualStudio.QualityTools.Tips.UnitTest.Adapter, Version=10.0.0.0, Culture=neutral, PublicKeyToken=b03f5f7f11d50a3a" className="OpenGlMapTester.OpenGlMapTest, OpenGlMapTester, Version=1.0.0.0, Culture=neutral, PublicKeyToken=null" name="MyTilesNotNullTest" />
    </UnitTest>
    <UnitTest name="DrawablesRightSizeTestOne" storage="c:\users\juan\documents\github\turnbasedsneakingsandbox\openglmaptester\bin\debug\openglmaptester.dll" id="910d89e7-16af-cc19-2644-17ffcf0bfacf">
      <Execution id="f6872b1b-e6c3-4667-9a8c-b5744fc48a97" />
      <TestMethod codeBase="C:/Users/Juan/Documents/GitHub/TurnBasedSneakingSandbox/OpenGlMapTester/bin/Debug/OpenGlMapTester.DLL" adapterTypeName="Microsoft.VisualStudio.TestTools.TestTypes.Unit.UnitTestAdapter, Microsoft.VisualStudio.QualityTools.Tips.UnitTest.Adapter, Version=10.0.0.0, Culture=neutral, PublicKeyToken=b03f5f7f11d50a3a" className="OpenGlMapTester.OpenGlMapTest, OpenGlMapTester, Version=1.0.0.0, Culture=neutral, PublicKeyToken=null" name="DrawablesRightSizeTestOne" />
    </UnitTest>
  </TestDefinitions>
  <TestLists>
    <TestList name="Results Not in a List" id="8c84fa94-04c1-424b-9868-57a2d4851a1d" />
    <TestList name="All Loaded Results" id="19431567-8539-422a-85d7-44ee4e166bda" />
  </TestLists>
  <TestEntries>
    <TestEntry testId="3ff41078-1d68-18d2-c63b-c9fe18a74982" executionId="f39796a9-271e-40af-8ffc-5a1356c7ad12" testListId="8c84fa94-04c1-424b-9868-57a2d4851a1d" />
    <TestEntry testId="910d89e7-16af-cc19-2644-17ffcf0bfacf" executionId="f6872b1b-e6c3-4667-9a8c-b5744fc48a97" testListId="8c84fa94-04c1-424b-9868-57a2d4851a1d" />
    <TestEntry testId="b6e02e22-2be4-a889-a89c-52f31f8451f9" executionId="6287406a-2207-4ed7-81cc-93c9c218e4f5" testListId="8c84fa94-04c1-424b-9868-57a2d4851a1d" />
    <TestEntry testId="bc0830c6-69b3-412e-add7-868f1c5339d2" executionId="2f86517d-9c61-43dc-979d-512744847e9e" testListId="8c84fa94-04c1-424b-9868-57a2d4851a1d" />
  </TestEntries>
  <Results>
    <UnitTestResult executionId="f39796a9-271e-40af-8ffc-5a1356c7ad12" testId="3ff41078-1d68-18d2-c63b-c9fe18a74982" testName="MyTilesNotNullTest" computerName="CARMEN-PC" duration="00:00:00.0457502" startTime="2014-11-19T19:24:28.4721636-05:00" endTime="2014-11-19T19:24:29.4081653-05:00" testType="13cdc9d9-ddb5-4fa4-a97d-d965ccfc6d4b" outcome="Passed" testListId="8c84fa94-04c1-424b-9868-57a2d4851a1d" relativeResultsDirectory="f39796a9-271e-40af-8ffc-5a1356c7ad12">
    </UnitTestResult>
    <UnitTestResult executionId="f6872b1b-e6c3-4667-9a8c-b5744fc48a97" testId="910d89e7-16af-cc19-2644-17ffcf0bfacf" testName="DrawablesRightSizeTestOne" computerName="CARMEN-PC" duration="00:00:00.0122177" startTime="2014-11-19T19:24:29.4081653-05:00" endTime="2014-11-19T19:24:29.4393653-05:00" testType="13cdc9d9-ddb5-4fa4-a97d-d965ccfc6d4b" outcome="Passed" testListId="8c84fa94-04c1-424b-9868-57a2d4851a1d" relativeResultsDirectory="f6872b1b-e6c3-4667-9a8c-b5744fc48a97">
    </UnitTestResult>
    <UnitTestResult executionId="6287406a-2207-4ed7-81cc-93c9c218e4f5" testId="b6e02e22-2be4-a889-a89c-52f31f8451f9" testName="ConstructorTest" computerName="CARMEN-PC" duration="00:00:00.0101517" startTime="2014-11-19T19:24:29.4549654-05:00" endTime="2014-11-19T19:24:29.4861654-05:00" testType="13cdc9d9-ddb5-4fa4-a97d-d965ccfc6d4b" outcome="Passed" testListId="8c84fa94-04c1-424b-9868-57a2d4851a1d" relativeResultsDirectory="6287406a-2207-4ed7-81cc-93c9c218e4f5">
    </UnitTestResult>
    <UnitTestResult executionId="2f86517d-9c61-43dc-979d-512744847e9e" testId="bc0830c6-69b3-412e-add7-868f1c5339d2" testName="MyTilesRightSizeTestOne" computerName="CARMEN-PC" duration="00:00:00.0058734" startTime="2014-11-19T19:24:29.4861654-05:00" endTime="2014-11-19T19:24:29.5017654-05:00" testType="13cdc9d9-ddb5-4fa4-a97d-d965ccfc6d4b" outcome="Passed" testListId="8c84fa94-04c1-424b-9868-57a2d4851a1d" relativeResultsDirectory="2f86517d-9c61-43dc-979d-512744847e9e">
    </UnitTestResult>
  </Results>
</TestRun>