<?xml version="1.0" encoding="UTF-8"?>
<TestRun id="503846ec-8475-4a95-a18c-95dc3bb0336c" name="Juan@CARMEN-PC 2014-11-22 17:50:06" runUser="Carmen-PC\Juan" xmlns="http://microsoft.com/schemas/VisualStudio/TeamTest/2010">
  <TestSettings name="Local" id="4dca26ae-3d80-4afb-bc2f-15cdbf18ba12">
    <Description>These are default test settings for a local test run.</Description>
    <Deployment enabled="false" runDeploymentRoot="Juan_CARMEN-PC 2014-11-22 17_50_06">
      <DeploymentItem filename="C:\Users\Juan\Documents\GitHub\TurnBasedSneakingSandbox\OpenGlGameCommon\bin\Debug\OpenGlGameCommon.dll" />
      <DeploymentItem filename="C:\Users\Juan\Documents\Visual Studio 2010\Projects\Class Libraries\Canvas Window Template\bin\Debug\Canvas Window Template.dll" />
      <DeploymentItem filename="C:\Users\Juan\Documents\Visual Studio 2010\Projects\Class Libraries\CharacterSystemLibrary\CharacterSystemLibrary\bin\Debug\CharacterSystemLibrary.dll" />
      <DeploymentItem filename="C:\Users\Juan\Documents\GitHub\TurnBasedSneakingSandbox\SneakingCommon\bin\Debug\SneakingCommon.dll" />
    </Deployment>
    <Execution>
      <TestTypeSpecific />
      <AgentRule name="Execution Agents">
      </AgentRule>
    </Execution>
  </TestSettings>
  <Times creation="2014-11-22T17:50:06.7730271-05:00" queuing="2014-11-22T17:50:06.8430272-05:00" start="2014-11-22T17:50:06.9360303-05:00" finish="2014-11-22T17:50:08.8110996-05:00" />
  <ResultSummary outcome="Failed">
    <Counters total="1" executed="1" error="0" failed="1" timeout="0" aborted="0" inconclusive="0" passedButRunAborted="0" notRunnable="0" notExecuted="0" disconnected="0" warning="0" passed="0" completed="0" inProgress="0" pending="0" />
  </ResultSummary>
  <TestDefinitions>
    <UnitTest name="saveLoadGuardsIntegrityTest" storage="c:\users\juan\documents\github\turnbasedsneakingsandbox\sneakingcommontests\bin\debug\sneakingcommontests.dll" id="4c1d3225-7cc8-9a55-9926-f0882a5278ba">
      <Execution id="d73bc698-ecac-414d-9e88-e5617c026cb9" />
      <TestMethod codeBase="C:/Users/Juan/Documents/GitHub/TurnBasedSneakingSandbox/SneakingCommonTests/bin/Debug/SneakingCommonTests.DLL" adapterTypeName="Microsoft.VisualStudio.TestTools.TestTypes.Unit.UnitTestAdapter, Microsoft.VisualStudio.QualityTools.Tips.UnitTest.Adapter, Version=10.0.0.0, Culture=neutral, PublicKeyToken=b03f5f7f11d50a3a" className="SneakingCommonTests.SneakingGuardTests, SneakingCommonTests, Version=1.0.0.0, Culture=neutral, PublicKeyToken=null" name="saveLoadGuardsIntegrityTest" />
    </UnitTest>
  </TestDefinitions>
  <TestLists>
    <TestList name="Results Not in a List" id="8c84fa94-04c1-424b-9868-57a2d4851a1d" />
    <TestList name="All Loaded Results" id="19431567-8539-422a-85d7-44ee4e166bda" />
  </TestLists>
  <TestEntries>
    <TestEntry testId="4c1d3225-7cc8-9a55-9926-f0882a5278ba" executionId="d73bc698-ecac-414d-9e88-e5617c026cb9" testListId="8c84fa94-04c1-424b-9868-57a2d4851a1d" />
  </TestEntries>
  <Results>
    <UnitTestResult executionId="d73bc698-ecac-414d-9e88-e5617c026cb9" testId="4c1d3225-7cc8-9a55-9926-f0882a5278ba" testName="saveLoadGuardsIntegrityTest" computerName="CARMEN-PC" duration="00:00:01.1918232" startTime="2014-11-22T17:50:06.9780327-05:00" endTime="2014-11-22T17:50:08.6910984-05:00" testType="13cdc9d9-ddb5-4fa4-a97d-d965ccfc6d4b" outcome="Failed" testListId="8c84fa94-04c1-424b-9868-57a2d4851a1d" relativeResultsDirectory="d73bc698-ecac-414d-9e88-e5617c026cb9">
      <Output>
        <ErrorInfo>
          <Message>Test method SneakingCommonTests.SneakingGuardTests.saveLoadGuardsIntegrityTest threw exception: 
System.InvalidCastException: Unable to cast object of type 'CharacterSystemLibrary.Classes.charProperty[]' to type 'CharacterSystemLibrary.Classes.Skill[]'.</Message>
          <StackTrace>    at CharacterSystemLibrary.Classes.Character.getAllSkills() in C:\Users\Juan\Documents\Visual Studio 2010\Projects\Class Libraries\CharacterSystemLibrary\CharacterSystemLibrary\Classes\Character.cs:line 226
   at CharacterSystemLibrary.Classes.Character.get_Skills() in C:\Users\Juan\Documents\Visual Studio 2010\Projects\Class Libraries\CharacterSystemLibrary\CharacterSystemLibrary\Classes\Character.cs:line 42
   at SneakingCommonTests.SneakingGuardTests.saveLoadGuardsIntegrityTest() in C:\Users\Juan\Documents\GitHub\TurnBasedSneakingSandbox\SneakingCommonTests\SneakingGuardTests.cs:line 150
</StackTrace>
        </ErrorInfo>
      </Output>
    </UnitTestResult>
  </Results>
</TestRun>