<?xml version="1.0" encoding="UTF-8"?>
<TestRun id="9d12971f-3b8d-4e28-a413-0f9821d15a91" name="Wichito@Juan 2014-12-13 19:09:00" runUser="Juan\Wichito" xmlns="http://microsoft.com/schemas/VisualStudio/TeamTest/2010">
  <TestSettings name="Local" id="4dca26ae-3d80-4afb-bc2f-15cdbf18ba12">
    <Description>These are default test settings for a local test run.</Description>
    <Deployment enabled="false" runDeploymentRoot="Wichito_Juan 2014-12-13 19_09_00">
      <DeploymentItem filename="C:\Users\Wichito\Documents\GitHub\TurnBasedSneakingSandbox\SneakingCommon\bin\Debug\SneakingCommon.dll" />
      <DeploymentItem filename="C:\Users\Wichito\Documents\GitHub\TurnBasedSneakingSandbox\OpenGlGameCommon\bin\Debug\OpenGlGameCommon.dll" />
      <DeploymentItem filename="C:\Users\Wichito\Documents\GitHub\TurnBasedSneakingSandbox\SneakingCommonTests\bin\Debug\Canvas Window Template.dll" />
      <DeploymentItem filename="C:\Users\Wichito\Documents\GitHub\TurnBasedSneakingSandbox\SneakingCommonTests\bin\Debug\CharacterSystemLibrary.dll" />
    </Deployment>
    <Execution>
      <TestTypeSpecific />
      <AgentRule name="Execution Agents">
      </AgentRule>
    </Execution>
  </TestSettings>
  <Times creation="2014-12-13T19:09:00.2430263-05:00" queuing="2014-12-13T19:09:00.4773818-05:00" start="2014-12-13T19:09:00.5242578-05:00" finish="2014-12-13T19:09:00.9149077-05:00" />
  <ResultSummary outcome="Failed">
    <Counters total="1" executed="1" error="0" failed="1" timeout="0" aborted="0" inconclusive="0" passedButRunAborted="0" notRunnable="0" notExecuted="0" disconnected="0" warning="0" passed="0" completed="0" inProgress="0" pending="0" />
  </ResultSummary>
  <TestDefinitions>
    <UnitTest name="bareMapTileIdsTest2" storage="c:\users\wichito\documents\github\turnbasedsneakingsandbox\sneakingcommontests\bin\debug\sneakingcommontests.dll" id="f69816a6-bf65-5fab-f80a-b3ffa700438b">
      <Execution id="dd68eb23-9ee1-4b77-8b27-774bfb9c1658" />
      <TestMethod codeBase="C:/Users/Wichito/Documents/GitHub/TurnBasedSneakingSandbox/SneakingCommonTests/bin/Debug/SneakingCommonTests.DLL" adapterTypeName="Microsoft.VisualStudio.TestTools.TestTypes.Unit.UnitTestAdapter, Microsoft.VisualStudio.QualityTools.Tips.UnitTest.Adapter, Version=10.0.0.0, Culture=neutral, PublicKeyToken=b03f5f7f11d50a3a" className="SneakingCommonTests.UnitTest1, SneakingCommonTests, Version=1.0.0.0, Culture=neutral, PublicKeyToken=null" name="bareMapTileIdsTest2" />
    </UnitTest>
  </TestDefinitions>
  <TestLists>
    <TestList name="Results Not in a List" id="8c84fa94-04c1-424b-9868-57a2d4851a1d" />
    <TestList name="All Loaded Results" id="19431567-8539-422a-85d7-44ee4e166bda" />
  </TestLists>
  <TestEntries>
    <TestEntry testId="f69816a6-bf65-5fab-f80a-b3ffa700438b" executionId="dd68eb23-9ee1-4b77-8b27-774bfb9c1658" testListId="8c84fa94-04c1-424b-9868-57a2d4851a1d" />
  </TestEntries>
  <Results>
    <UnitTestResult executionId="dd68eb23-9ee1-4b77-8b27-774bfb9c1658" testId="f69816a6-bf65-5fab-f80a-b3ffa700438b" testName="bareMapTileIdsTest2" computerName="Juan" duration="00:00:00.0497383" startTime="2014-12-13T19:09:00.5867591-05:00" endTime="2014-12-13T19:09:00.8680137-05:00" testType="13cdc9d9-ddb5-4fa4-a97d-d965ccfc6d4b" outcome="Failed" testListId="8c84fa94-04c1-424b-9868-57a2d4851a1d" relativeResultsDirectory="dd68eb23-9ee1-4b77-8b27-774bfb9c1658">
      <Output>
        <ErrorInfo>
          <Message>Test method SneakingCommonTests.UnitTest1.bareMapTileIdsTest2 threw exception: 
System.NullReferenceException: Object reference not set to an instance of an object.</Message>
          <StackTrace>    at SneakingCommon.Utility.XmlLoader.loadBareMap(XmlDocument myDoc) in C:\Users\Wichito\Documents\GitHub\TurnBasedSneakingSandbox\SneakingCommon\Utility\XmlLoader.cs:line 378
   at SneakingCommonTests.UnitTest1.bareMapTileIdsTest2() in C:\Users\Wichito\Documents\GitHub\TurnBasedSneakingSandbox\SneakingCommonTests\SneakingMapTests.cs:line 153
</StackTrace>
        </ErrorInfo>
      </Output>
    </UnitTestResult>
  </Results>
</TestRun>