<?xml version="1.0" encoding="UTF-8"?>
<TestRun id="7f3a9610-2fd0-432f-8618-38cad768f72a" name="Wichito@BERTA-PC 2014-11-28 10:16:40" runUser="Berta-PC\Wichito" xmlns="http://microsoft.com/schemas/VisualStudio/TeamTest/2010">
  <TestSettings name="Local" id="4dca26ae-3d80-4afb-bc2f-15cdbf18ba12">
    <Description>These are default test settings for a local test run.</Description>
    <Deployment enabled="false" runDeploymentRoot="Wichito_BERTA-PC 2014-11-28 10_16_40">
      <DeploymentItem filename="C:\Users\Wichito\Documents\GitHub\TurnBasedSneakingSandbox\SneakingCommon\bin\Debug\SneakingCommon.dll" />
      <DeploymentItem filename="C:\Users\Wichito\Documents\GitHub\TurnBasedSneakingSandbox\OpenGlGameCommon\bin\Debug\OpenGlGameCommon.dll" />
      <DeploymentItem filename="C:\Users\Wichito\Documents\GitHub\CharacterSystemLibrary\CharacterSystemLibrary\bin\Debug\CharacterSystemLibrary.dll" />
      <DeploymentItem filename="C:\Users\Wichito\Documents\GitHub\Canvas Window Template\bin\Debug\Canvas Window Template.dll" />
    </Deployment>
    <Execution>
      <TestTypeSpecific />
      <AgentRule name="Execution Agents">
      </AgentRule>
    </Execution>
  </TestSettings>
  <Times creation="2014-11-28T10:16:40.8608271-08:00" queuing="2014-11-28T10:16:40.8948290-08:00" start="2014-11-28T10:16:40.9388315-08:00" finish="2014-11-28T10:17:27.4454916-08:00" />
  <ResultSummary outcome="Error">
    <Counters total="5" executed="5" passed="4" error="1" failed="0" timeout="0" aborted="0" inconclusive="0" passedButRunAborted="0" notRunnable="0" notExecuted="0" disconnected="0" warning="0" completed="0" inProgress="0" pending="0" />
  </ResultSummary>
  <TestDefinitions>
    <UnitTest name="saveLoadGuardsIntegrityTest" storage="c:\users\wichito\documents\github\turnbasedsneakingsandbox\sneakingcommontests\bin\debug\sneakingcommontests.dll" id="4c1d3225-7cc8-9a55-9926-f0882a5278ba">
      <Execution id="65718e31-7926-4ef5-85d9-ca1cc59b26a1" />
      <TestMethod codeBase="C:/Users/Wichito/Documents/GitHub/TurnBasedSneakingSandbox/SneakingCommonTests/bin/Debug/SneakingCommonTests.DLL" adapterTypeName="Microsoft.VisualStudio.TestTools.TestTypes.Unit.UnitTestAdapter, Microsoft.VisualStudio.QualityTools.Tips.UnitTest.Adapter, Version=10.0.0.0, Culture=neutral, PublicKeyToken=b03f5f7f11d50a3a" className="SneakingCommonTests.SneakingGuardTests, SneakingCommonTests, Version=1.0.0.0, Culture=neutral, PublicKeyToken=null" name="saveLoadGuardsIntegrityTest" />
    </UnitTest>
    <UnitTest name="getGuardsTest" storage="c:\users\wichito\documents\github\turnbasedsneakingsandbox\sneakingcommontests\bin\debug\sneakingcommontests.dll" id="8b9cd9c4-e179-c2c6-e8c2-67229d4d437f">
      <Execution id="44bc7d52-83c7-4868-b70e-46da578880d8" />
      <TestMethod codeBase="C:/Users/Wichito/Documents/GitHub/TurnBasedSneakingSandbox/SneakingCommonTests/bin/Debug/SneakingCommonTests.DLL" adapterTypeName="Microsoft.VisualStudio.TestTools.TestTypes.Unit.UnitTestAdapter, Microsoft.VisualStudio.QualityTools.Tips.UnitTest.Adapter, Version=10.0.0.0, Culture=neutral, PublicKeyToken=b03f5f7f11d50a3a" className="SneakingCommonTests.SneakingGuardTests, SneakingCommonTests, Version=1.0.0.0, Culture=neutral, PublicKeyToken=null" name="getGuardsTest" />
    </UnitTest>
    <UnitTest name="saveGuardMapFailTest" storage="c:\users\wichito\documents\github\turnbasedsneakingsandbox\sneakingcommontests\bin\debug\sneakingcommontests.dll" id="81e3f198-1f8f-67e4-cd6f-a28f71239547">
      <Execution id="6010c413-0303-4137-99b8-081eb145ee54" />
      <TestMethod codeBase="C:/Users/Wichito/Documents/GitHub/TurnBasedSneakingSandbox/SneakingCommonTests/bin/Debug/SneakingCommonTests.DLL" adapterTypeName="Microsoft.VisualStudio.TestTools.TestTypes.Unit.UnitTestAdapter, Microsoft.VisualStudio.QualityTools.Tips.UnitTest.Adapter, Version=10.0.0.0, Culture=neutral, PublicKeyToken=b03f5f7f11d50a3a" className="SneakingCommonTests.SneakingGuardTests, SneakingCommonTests, Version=1.0.0.0, Culture=neutral, PublicKeyToken=null" name="saveGuardMapFailTest" />
    </UnitTest>
    <UnitTest name="saveGuardMapTest" storage="c:\users\wichito\documents\github\turnbasedsneakingsandbox\sneakingcommontests\bin\debug\sneakingcommontests.dll" id="bfe3e8d6-e929-6d40-e5e1-d0ebbbd06a55">
      <Execution id="c23c9431-4951-42ae-8f81-528d9c84c346" />
      <TestMethod codeBase="C:/Users/Wichito/Documents/GitHub/TurnBasedSneakingSandbox/SneakingCommonTests/bin/Debug/SneakingCommonTests.DLL" adapterTypeName="Microsoft.VisualStudio.TestTools.TestTypes.Unit.UnitTestAdapter, Microsoft.VisualStudio.QualityTools.Tips.UnitTest.Adapter, Version=10.0.0.0, Culture=neutral, PublicKeyToken=b03f5f7f11d50a3a" className="SneakingCommonTests.SneakingGuardTests, SneakingCommonTests, Version=1.0.0.0, Culture=neutral, PublicKeyToken=null" name="saveGuardMapTest" />
    </UnitTest>
    <UnitTest name="saveGuardsTest" storage="c:\users\wichito\documents\github\turnbasedsneakingsandbox\sneakingcommontests\bin\debug\sneakingcommontests.dll" id="640ca10c-f004-a888-a489-564efa3a2718">
      <Execution id="23d425b0-2e02-4aec-bf8a-c32200e21bd2" />
      <TestMethod codeBase="C:/Users/Wichito/Documents/GitHub/TurnBasedSneakingSandbox/SneakingCommonTests/bin/Debug/SneakingCommonTests.DLL" adapterTypeName="Microsoft.VisualStudio.TestTools.TestTypes.Unit.UnitTestAdapter, Microsoft.VisualStudio.QualityTools.Tips.UnitTest.Adapter, Version=10.0.0.0, Culture=neutral, PublicKeyToken=b03f5f7f11d50a3a" className="SneakingCommonTests.SneakingGuardTests, SneakingCommonTests, Version=1.0.0.0, Culture=neutral, PublicKeyToken=null" name="saveGuardsTest" />
    </UnitTest>
  </TestDefinitions>
  <TestLists>
    <TestList name="Results Not in a List" id="8c84fa94-04c1-424b-9868-57a2d4851a1d" />
    <TestList name="All Loaded Results" id="19431567-8539-422a-85d7-44ee4e166bda" />
  </TestLists>
  <TestEntries>
    <TestEntry testId="4c1d3225-7cc8-9a55-9926-f0882a5278ba" executionId="65718e31-7926-4ef5-85d9-ca1cc59b26a1" testListId="8c84fa94-04c1-424b-9868-57a2d4851a1d" />
    <TestEntry testId="640ca10c-f004-a888-a489-564efa3a2718" executionId="23d425b0-2e02-4aec-bf8a-c32200e21bd2" testListId="8c84fa94-04c1-424b-9868-57a2d4851a1d" />
    <TestEntry testId="81e3f198-1f8f-67e4-cd6f-a28f71239547" executionId="6010c413-0303-4137-99b8-081eb145ee54" testListId="8c84fa94-04c1-424b-9868-57a2d4851a1d" />
    <TestEntry testId="8b9cd9c4-e179-c2c6-e8c2-67229d4d437f" executionId="44bc7d52-83c7-4868-b70e-46da578880d8" testListId="8c84fa94-04c1-424b-9868-57a2d4851a1d" />
    <TestEntry testId="bfe3e8d6-e929-6d40-e5e1-d0ebbbd06a55" executionId="c23c9431-4951-42ae-8f81-528d9c84c346" testListId="8c84fa94-04c1-424b-9868-57a2d4851a1d" />
  </TestEntries>
  <Results>
    <UnitTestResult executionId="65718e31-7926-4ef5-85d9-ca1cc59b26a1" testId="4c1d3225-7cc8-9a55-9926-f0882a5278ba" testName="saveLoadGuardsIntegrityTest" computerName="BERTA-PC" duration="00:00:00.5233774" startTime="2014-11-28T10:16:40.9608328-08:00" endTime="2014-11-28T10:16:41.9488893-08:00" testType="13cdc9d9-ddb5-4fa4-a97d-d965ccfc6d4b" outcome="Passed" testListId="8c84fa94-04c1-424b-9868-57a2d4851a1d" relativeResultsDirectory="65718e31-7926-4ef5-85d9-ca1cc59b26a1">
    </UnitTestResult>
    <UnitTestResult executionId="23d425b0-2e02-4aec-bf8a-c32200e21bd2" testId="640ca10c-f004-a888-a489-564efa3a2718" testName="saveGuardsTest" computerName="BERTA-PC" duration="00:00:00.3608878" startTime="2014-11-28T10:16:41.9578898-08:00" endTime="2014-11-28T10:16:42.3379116-08:00" testType="13cdc9d9-ddb5-4fa4-a97d-d965ccfc6d4b" outcome="Passed" testListId="8c84fa94-04c1-424b-9868-57a2d4851a1d" relativeResultsDirectory="23d425b0-2e02-4aec-bf8a-c32200e21bd2">
    </UnitTestResult>
    <UnitTestResult executionId="6010c413-0303-4137-99b8-081eb145ee54" testId="81e3f198-1f8f-67e4-cd6f-a28f71239547" testName="saveGuardMapFailTest" computerName="BERTA-PC" duration="00:00:00.0110459" startTime="2014-11-28T10:16:42.3509123-08:00" endTime="2014-11-28T10:16:42.3729136-08:00" testType="13cdc9d9-ddb5-4fa4-a97d-d965ccfc6d4b" outcome="Passed" testListId="8c84fa94-04c1-424b-9868-57a2d4851a1d" relativeResultsDirectory="6010c413-0303-4137-99b8-081eb145ee54">
    </UnitTestResult>
    <UnitTestResult executionId="44bc7d52-83c7-4868-b70e-46da578880d8" testId="8b9cd9c4-e179-c2c6-e8c2-67229d4d437f" testName="getGuardsTest" computerName="BERTA-PC" duration="00:00:00.1214890" startTime="2014-11-28T10:16:42.3799140-08:00" endTime="2014-11-28T10:16:42.5199220-08:00" testType="13cdc9d9-ddb5-4fa4-a97d-d965ccfc6d4b" outcome="Passed" testListId="8c84fa94-04c1-424b-9868-57a2d4851a1d" relativeResultsDirectory="44bc7d52-83c7-4868-b70e-46da578880d8">
    </UnitTestResult>
    <UnitTestResult executionId="c23c9431-4951-42ae-8f81-528d9c84c346" testId="bfe3e8d6-e929-6d40-e5e1-d0ebbbd06a55" testName="saveGuardMapTest" computerName="BERTA-PC" startTime="2014-11-28T10:16:42.5329227-08:00" endTime="2014-11-28T10:17:27.1964773-08:00" testType="13cdc9d9-ddb5-4fa4-a97d-d965ccfc6d4b" testListId="8c84fa94-04c1-424b-9868-57a2d4851a1d" relativeResultsDirectory="c23c9431-4951-42ae-8f81-528d9c84c346">
      <Output>
        <ErrorInfo>
          <Message>The agent process was stopped while the test was running.</Message>
        </ErrorInfo>
      </Output>
    </UnitTestResult>
  </Results>
</TestRun>