<?xml version="1.0" encoding="UTF-8"?>
<TestRun id="072f22b1-32e2-482b-bc2c-a61cf16bd05f" name="Wichito@BERTA-PC 2014-11-26 09:36:07" runUser="Berta-PC\Wichito" xmlns="http://microsoft.com/schemas/VisualStudio/TeamTest/2010">
  <TestSettings name="Local" id="4dca26ae-3d80-4afb-bc2f-15cdbf18ba12">
    <Description>These are default test settings for a local test run.</Description>
    <Deployment enabled="false" runDeploymentRoot="Wichito_BERTA-PC 2014-11-26 09_36_07">
      <DeploymentItem filename="C:\Users\Wichito\Documents\GitHub\TurnBasedSneakingSandbox\SneakingCommon\bin\Debug\SneakingCommon.dll" />
      <DeploymentItem filename="C:\Users\Wichito\Documents\GitHub\TurnBasedSneakingSandbox\OpenGlGameCommon\bin\Debug\OpenGlGameCommon.dll" />
      <DeploymentItem filename="C:\Users\Wichito\Documents\GitHub\CharacterSystemLibrary\CharacterSystemLibrary\bin\Debug\CharacterSystemLibrary.dll" />
      <DeploymentItem filename="C:\Users\Wichito\Documents\GitHub\Canvas Window Template\bin\Debug\Canvas Window Template.dll" />
    </Deployment>
    <Execution>
      <TestTypeSpecific />
      <AgentRule name="Execution Agents">
      </AgentRule>
    </Execution>
  </TestSettings>
  <Times creation="2014-11-26T09:36:07.7700676-08:00" queuing="2014-11-26T09:36:09.4911660-08:00" start="2014-11-26T09:36:09.7751823-08:00" finish="2014-11-26T09:36:19.9797660-08:00" />
  <ResultSummary outcome="Completed">
    <Counters total="1" executed="1" passed="1" error="0" failed="0" timeout="0" aborted="0" inconclusive="0" passedButRunAborted="0" notRunnable="0" notExecuted="0" disconnected="0" warning="0" completed="0" inProgress="0" pending="0" />
  </ResultSummary>
  <TestDefinitions>
    <UnitTest name="loadMapWithGuardsTest" storage="c:\users\wichito\documents\github\turnbasedsneakingsandbox\sneakingcommontests\bin\debug\sneakingcommontests.dll" id="5e6e334d-2cca-c346-a25d-291eef8683ac">
      <Execution id="84f84ee2-a513-491a-85f2-d3b4aec397a7" />
      <TestMethod codeBase="C:/Users/Wichito/Documents/GitHub/TurnBasedSneakingSandbox/SneakingCommonTests/bin/Debug/SneakingCommonTests.DLL" adapterTypeName="Microsoft.VisualStudio.TestTools.TestTypes.Unit.UnitTestAdapter, Microsoft.VisualStudio.QualityTools.Tips.UnitTest.Adapter, Version=10.0.0.0, Culture=neutral, PublicKeyToken=b03f5f7f11d50a3a" className="SneakingCommonTests.UnitTest1, SneakingCommonTests, Version=1.0.0.0, Culture=neutral, PublicKeyToken=null" name="loadMapWithGuardsTest" />
    </UnitTest>
  </TestDefinitions>
  <TestLists>
    <TestList name="Results Not in a List" id="8c84fa94-04c1-424b-9868-57a2d4851a1d" />
    <TestList name="All Loaded Results" id="19431567-8539-422a-85d7-44ee4e166bda" />
  </TestLists>
  <TestEntries>
    <TestEntry testId="5e6e334d-2cca-c346-a25d-291eef8683ac" executionId="84f84ee2-a513-491a-85f2-d3b4aec397a7" testListId="8c84fa94-04c1-424b-9868-57a2d4851a1d" />
  </TestEntries>
  <Results>
    <UnitTestResult executionId="84f84ee2-a513-491a-85f2-d3b4aec397a7" testId="5e6e334d-2cca-c346-a25d-291eef8683ac" testName="loadMapWithGuardsTest" computerName="BERTA-PC" duration="00:00:08.0757248" startTime="2014-11-26T09:36:09.9631930-08:00" endTime="2014-11-26T09:36:19.7577533-08:00" testType="13cdc9d9-ddb5-4fa4-a97d-d965ccfc6d4b" outcome="Passed" testListId="8c84fa94-04c1-424b-9868-57a2d4851a1d" relativeResultsDirectory="84f84ee2-a513-491a-85f2-d3b4aec397a7">
    </UnitTestResult>
  </Results>
</TestRun>