<?xml version="1.0" encoding="UTF-8"?>
<TestRun id="8ffe67e5-7221-4469-8999-848a0056ca6c" name="Wichito@BERTA-PC 2014-11-28 10:18:20" runUser="Berta-PC\Wichito" xmlns="http://microsoft.com/schemas/VisualStudio/TeamTest/2010">
  <TestSettings name="Local" id="4dca26ae-3d80-4afb-bc2f-15cdbf18ba12">
    <Description>These are default test settings for a local test run.</Description>
    <Deployment enabled="false" runDeploymentRoot="Wichito_BERTA-PC 2014-11-28 10_18_20">
      <DeploymentItem filename="C:\Users\Wichito\Documents\GitHub\TurnBasedSneakingSandbox\SneakingCommon\bin\Debug\SneakingCommon.dll" />
      <DeploymentItem filename="C:\Users\Wichito\Documents\GitHub\TurnBasedSneakingSandbox\OpenGlGameCommon\bin\Debug\OpenGlGameCommon.dll" />
      <DeploymentItem filename="C:\Users\Wichito\Documents\GitHub\CharacterSystemLibrary\CharacterSystemLibrary\bin\Debug\CharacterSystemLibrary.dll" />
      <DeploymentItem filename="C:\Users\Wichito\Documents\GitHub\Canvas Window Template\bin\Debug\Canvas Window Template.dll" />
    </Deployment>
    <Execution>
      <TestTypeSpecific />
      <AgentRule name="Execution Agents">
      </AgentRule>
    </Execution>
  </TestSettings>
  <Times creation="2014-11-28T10:18:20.5025263-08:00" queuing="2014-11-28T10:18:20.5395284-08:00" start="2014-11-28T10:18:20.5785306-08:00" finish="2014-11-28T10:18:35.9004070-08:00" />
  <ResultSummary outcome="Completed">
    <Counters total="12" executed="12" passed="12" error="0" failed="0" timeout="0" aborted="0" inconclusive="0" passedButRunAborted="0" notRunnable="0" notExecuted="0" disconnected="0" warning="0" completed="0" inProgress="0" pending="0" />
  </ResultSummary>
  <TestDefinitions>
    <UnitTest name="loadMapWithGuardsTest" storage="c:\users\wichito\documents\github\turnbasedsneakingsandbox\sneakingcommontests\bin\debug\sneakingcommontests.dll" id="5e6e334d-2cca-c346-a25d-291eef8683ac">
      <Execution id="71004406-0bfd-4fd5-9a88-9cd11ec8962d" />
      <TestMethod codeBase="C:/Users/Wichito/Documents/GitHub/TurnBasedSneakingSandbox/SneakingCommonTests/bin/Debug/SneakingCommonTests.DLL" adapterTypeName="Microsoft.VisualStudio.TestTools.TestTypes.Unit.UnitTestAdapter, Microsoft.VisualStudio.QualityTools.Tips.UnitTest.Adapter, Version=10.0.0.0, Culture=neutral, PublicKeyToken=b03f5f7f11d50a3a" className="SneakingCommonTests.UnitTest1, SneakingCommonTests, Version=1.0.0.0, Culture=neutral, PublicKeyToken=null" name="loadMapWithGuardsTest" />
    </UnitTest>
    <UnitTest name="loadFullMapFailTest" storage="c:\users\wichito\documents\github\turnbasedsneakingsandbox\sneakingcommontests\bin\debug\sneakingcommontests.dll" id="360bc28a-1f79-48ae-8ab1-9779ad8b28f6">
      <Execution id="3d5457ac-20bc-4bb7-8095-5474bd77c87a" />
      <TestMethod codeBase="C:/Users/Wichito/Documents/GitHub/TurnBasedSneakingSandbox/SneakingCommonTests/bin/Debug/SneakingCommonTests.DLL" adapterTypeName="Microsoft.VisualStudio.TestTools.TestTypes.Unit.UnitTestAdapter, Microsoft.VisualStudio.QualityTools.Tips.UnitTest.Adapter, Version=10.0.0.0, Culture=neutral, PublicKeyToken=b03f5f7f11d50a3a" className="SneakingCommonTests.UnitTest1, SneakingCommonTests, Version=1.0.0.0, Culture=neutral, PublicKeyToken=null" name="loadFullMapFailTest" />
    </UnitTest>
    <UnitTest name="loadFullMapTest" storage="c:\users\wichito\documents\github\turnbasedsneakingsandbox\sneakingcommontests\bin\debug\sneakingcommontests.dll" id="cd566601-757a-4bb7-8efc-5bacc9a950e6">
      <Execution id="8e9258de-60d8-44f9-bd6b-9612dee46b2f" />
      <TestMethod codeBase="C:/Users/Wichito/Documents/GitHub/TurnBasedSneakingSandbox/SneakingCommonTests/bin/Debug/SneakingCommonTests.DLL" adapterTypeName="Microsoft.VisualStudio.TestTools.TestTypes.Unit.UnitTestAdapter, Microsoft.VisualStudio.QualityTools.Tips.UnitTest.Adapter, Version=10.0.0.0, Culture=neutral, PublicKeyToken=b03f5f7f11d50a3a" className="SneakingCommonTests.UnitTest1, SneakingCommonTests, Version=1.0.0.0, Culture=neutral, PublicKeyToken=null" name="loadFullMapTest" />
    </UnitTest>
    <UnitTest name="bareMapTileIdsTest" storage="c:\users\wichito\documents\github\turnbasedsneakingsandbox\sneakingcommontests\bin\debug\sneakingcommontests.dll" id="10976cc2-a6bd-7e3a-8b9f-c78ea6b0c02b">
      <Execution id="8902c843-7741-4216-a70a-e8fa265872bb" />
      <TestMethod codeBase="C:/Users/Wichito/Documents/GitHub/TurnBasedSneakingSandbox/SneakingCommonTests/bin/Debug/SneakingCommonTests.DLL" adapterTypeName="Microsoft.VisualStudio.TestTools.TestTypes.Unit.UnitTestAdapter, Microsoft.VisualStudio.QualityTools.Tips.UnitTest.Adapter, Version=10.0.0.0, Culture=neutral, PublicKeyToken=b03f5f7f11d50a3a" className="SneakingCommonTests.UnitTest1, SneakingCommonTests, Version=1.0.0.0, Culture=neutral, PublicKeyToken=null" name="bareMapTileIdsTest" />
    </UnitTest>
    <UnitTest name="MapCreationTest" storage="c:\users\wichito\documents\github\turnbasedsneakingsandbox\sneakingcommontests\bin\debug\sneakingcommontests.dll" id="14156c61-3103-b678-f152-a80541626c88">
      <Execution id="8ce13ed0-da81-4285-83a8-59d8c954e753" />
      <TestMethod codeBase="C:/Users/Wichito/Documents/GitHub/TurnBasedSneakingSandbox/SneakingCommonTests/bin/Debug/SneakingCommonTests.DLL" adapterTypeName="Microsoft.VisualStudio.TestTools.TestTypes.Unit.UnitTestAdapter, Microsoft.VisualStudio.QualityTools.Tips.UnitTest.Adapter, Version=10.0.0.0, Culture=neutral, PublicKeyToken=b03f5f7f11d50a3a" className="SneakingCommonTests.UnitTest1, SneakingCommonTests, Version=1.0.0.0, Culture=neutral, PublicKeyToken=null" name="MapCreationTest" />
    </UnitTest>
    <UnitTest name="createdMapIdTest" storage="c:\users\wichito\documents\github\turnbasedsneakingsandbox\sneakingcommontests\bin\debug\sneakingcommontests.dll" id="c3b37413-95b8-6019-d361-13970e15d51e">
      <Execution id="45c71a74-5eb5-4104-9b2c-b08fe00afd77" />
      <TestMethod codeBase="C:/Users/Wichito/Documents/GitHub/TurnBasedSneakingSandbox/SneakingCommonTests/bin/Debug/SneakingCommonTests.DLL" adapterTypeName="Microsoft.VisualStudio.TestTools.TestTypes.Unit.UnitTestAdapter, Microsoft.VisualStudio.QualityTools.Tips.UnitTest.Adapter, Version=10.0.0.0, Culture=neutral, PublicKeyToken=b03f5f7f11d50a3a" className="SneakingCommonTests.UnitTest1, SneakingCommonTests, Version=1.0.0.0, Culture=neutral, PublicKeyToken=null" name="createdMapIdTest" />
    </UnitTest>
    <UnitTest name="loadBareMapTest" storage="c:\users\wichito\documents\github\turnbasedsneakingsandbox\sneakingcommontests\bin\debug\sneakingcommontests.dll" id="c9182415-4410-3796-9514-99dbf275de21">
      <Execution id="78460e74-68d2-4708-9250-570ca67989e1" />
      <TestMethod codeBase="C:/Users/Wichito/Documents/GitHub/TurnBasedSneakingSandbox/SneakingCommonTests/bin/Debug/SneakingCommonTests.DLL" adapterTypeName="Microsoft.VisualStudio.TestTools.TestTypes.Unit.UnitTestAdapter, Microsoft.VisualStudio.QualityTools.Tips.UnitTest.Adapter, Version=10.0.0.0, Culture=neutral, PublicKeyToken=b03f5f7f11d50a3a" className="SneakingCommonTests.UnitTest1, SneakingCommonTests, Version=1.0.0.0, Culture=neutral, PublicKeyToken=null" name="loadBareMapTest" />
    </UnitTest>
    <UnitTest name="loadMapWithGuardsFailTest" storage="c:\users\wichito\documents\github\turnbasedsneakingsandbox\sneakingcommontests\bin\debug\sneakingcommontests.dll" id="632043fe-6a37-088b-546a-dffd7e19abac">
      <Execution id="2c01379a-b764-4d6d-881e-23967009284f" />
      <TestMethod codeBase="C:/Users/Wichito/Documents/GitHub/TurnBasedSneakingSandbox/SneakingCommonTests/bin/Debug/SneakingCommonTests.DLL" adapterTypeName="Microsoft.VisualStudio.TestTools.TestTypes.Unit.UnitTestAdapter, Microsoft.VisualStudio.QualityTools.Tips.UnitTest.Adapter, Version=10.0.0.0, Culture=neutral, PublicKeyToken=b03f5f7f11d50a3a" className="SneakingCommonTests.UnitTest1, SneakingCommonTests, Version=1.0.0.0, Culture=neutral, PublicKeyToken=null" name="loadMapWithGuardsFailTest" />
    </UnitTest>
    <UnitTest name="saveBareMapTest" storage="c:\users\wichito\documents\github\turnbasedsneakingsandbox\sneakingcommontests\bin\debug\sneakingcommontests.dll" id="bb9dcbc4-7ae9-0970-ed88-6a9e4fcfacf3">
      <Execution id="eaa48d59-6926-4f4f-9071-6d8cd3b0ba32" />
      <TestMethod codeBase="C:/Users/Wichito/Documents/GitHub/TurnBasedSneakingSandbox/SneakingCommonTests/bin/Debug/SneakingCommonTests.DLL" adapterTypeName="Microsoft.VisualStudio.TestTools.TestTypes.Unit.UnitTestAdapter, Microsoft.VisualStudio.QualityTools.Tips.UnitTest.Adapter, Version=10.0.0.0, Culture=neutral, PublicKeyToken=b03f5f7f11d50a3a" className="SneakingCommonTests.UnitTest1, SneakingCommonTests, Version=1.0.0.0, Culture=neutral, PublicKeyToken=null" name="saveBareMapTest" />
    </UnitTest>
    <UnitTest name="bareMapTileIdsTest2" storage="c:\users\wichito\documents\github\turnbasedsneakingsandbox\sneakingcommontests\bin\debug\sneakingcommontests.dll" id="f69816a6-bf65-5fab-f80a-b3ffa700438b">
      <Execution id="5f9e80ea-a1ec-4699-a525-9dc0a5fa52b7" />
      <TestMethod codeBase="C:/Users/Wichito/Documents/GitHub/TurnBasedSneakingSandbox/SneakingCommonTests/bin/Debug/SneakingCommonTests.DLL" adapterTypeName="Microsoft.VisualStudio.TestTools.TestTypes.Unit.UnitTestAdapter, Microsoft.VisualStudio.QualityTools.Tips.UnitTest.Adapter, Version=10.0.0.0, Culture=neutral, PublicKeyToken=b03f5f7f11d50a3a" className="SneakingCommonTests.UnitTest1, SneakingCommonTests, Version=1.0.0.0, Culture=neutral, PublicKeyToken=null" name="bareMapTileIdsTest2" />
    </UnitTest>
    <UnitTest name="saveBareFailTest" storage="c:\users\wichito\documents\github\turnbasedsneakingsandbox\sneakingcommontests\bin\debug\sneakingcommontests.dll" id="53a49d14-54cd-36e1-bd3d-c53d8899d35c">
      <Execution id="f3e8f8d8-ada1-44b3-a3af-ef8102e527c8" />
      <TestMethod codeBase="C:/Users/Wichito/Documents/GitHub/TurnBasedSneakingSandbox/SneakingCommonTests/bin/Debug/SneakingCommonTests.DLL" adapterTypeName="Microsoft.VisualStudio.TestTools.TestTypes.Unit.UnitTestAdapter, Microsoft.VisualStudio.QualityTools.Tips.UnitTest.Adapter, Version=10.0.0.0, Culture=neutral, PublicKeyToken=b03f5f7f11d50a3a" className="SneakingCommonTests.UnitTest1, SneakingCommonTests, Version=1.0.0.0, Culture=neutral, PublicKeyToken=null" name="saveBareFailTest" />
    </UnitTest>
    <UnitTest name="loadBareMapFailTest" storage="c:\users\wichito\documents\github\turnbasedsneakingsandbox\sneakingcommontests\bin\debug\sneakingcommontests.dll" id="da623405-5b58-a3e8-bbe4-66cc37964fa3">
      <Execution id="770605a6-b4ee-4a97-938f-6729f46e1a76" />
      <TestMethod codeBase="C:/Users/Wichito/Documents/GitHub/TurnBasedSneakingSandbox/SneakingCommonTests/bin/Debug/SneakingCommonTests.DLL" adapterTypeName="Microsoft.VisualStudio.TestTools.TestTypes.Unit.UnitTestAdapter, Microsoft.VisualStudio.QualityTools.Tips.UnitTest.Adapter, Version=10.0.0.0, Culture=neutral, PublicKeyToken=b03f5f7f11d50a3a" className="SneakingCommonTests.UnitTest1, SneakingCommonTests, Version=1.0.0.0, Culture=neutral, PublicKeyToken=null" name="loadBareMapFailTest" />
    </UnitTest>
  </TestDefinitions>
  <TestLists>
    <TestList name="Results Not in a List" id="8c84fa94-04c1-424b-9868-57a2d4851a1d" />
    <TestList name="All Loaded Results" id="19431567-8539-422a-85d7-44ee4e166bda" />
  </TestLists>
  <TestEntries>
    <TestEntry testId="10976cc2-a6bd-7e3a-8b9f-c78ea6b0c02b" executionId="8902c843-7741-4216-a70a-e8fa265872bb" testListId="8c84fa94-04c1-424b-9868-57a2d4851a1d" />
    <TestEntry testId="14156c61-3103-b678-f152-a80541626c88" executionId="8ce13ed0-da81-4285-83a8-59d8c954e753" testListId="8c84fa94-04c1-424b-9868-57a2d4851a1d" />
    <TestEntry testId="360bc28a-1f79-48ae-8ab1-9779ad8b28f6" executionId="3d5457ac-20bc-4bb7-8095-5474bd77c87a" testListId="8c84fa94-04c1-424b-9868-57a2d4851a1d" />
    <TestEntry testId="53a49d14-54cd-36e1-bd3d-c53d8899d35c" executionId="f3e8f8d8-ada1-44b3-a3af-ef8102e527c8" testListId="8c84fa94-04c1-424b-9868-57a2d4851a1d" />
    <TestEntry testId="5e6e334d-2cca-c346-a25d-291eef8683ac" executionId="71004406-0bfd-4fd5-9a88-9cd11ec8962d" testListId="8c84fa94-04c1-424b-9868-57a2d4851a1d" />
    <TestEntry testId="632043fe-6a37-088b-546a-dffd7e19abac" executionId="2c01379a-b764-4d6d-881e-23967009284f" testListId="8c84fa94-04c1-424b-9868-57a2d4851a1d" />
    <TestEntry testId="bb9dcbc4-7ae9-0970-ed88-6a9e4fcfacf3" executionId="eaa48d59-6926-4f4f-9071-6d8cd3b0ba32" testListId="8c84fa94-04c1-424b-9868-57a2d4851a1d" />
    <TestEntry testId="c3b37413-95b8-6019-d361-13970e15d51e" executionId="45c71a74-5eb5-4104-9b2c-b08fe00afd77" testListId="8c84fa94-04c1-424b-9868-57a2d4851a1d" />
    <TestEntry testId="c9182415-4410-3796-9514-99dbf275de21" executionId="78460e74-68d2-4708-9250-570ca67989e1" testListId="8c84fa94-04c1-424b-9868-57a2d4851a1d" />
    <TestEntry testId="cd566601-757a-4bb7-8efc-5bacc9a950e6" executionId="8e9258de-60d8-44f9-bd6b-9612dee46b2f" testListId="8c84fa94-04c1-424b-9868-57a2d4851a1d" />
    <TestEntry testId="da623405-5b58-a3e8-bbe4-66cc37964fa3" executionId="770605a6-b4ee-4a97-938f-6729f46e1a76" testListId="8c84fa94-04c1-424b-9868-57a2d4851a1d" />
    <TestEntry testId="f69816a6-bf65-5fab-f80a-b3ffa700438b" executionId="5f9e80ea-a1ec-4699-a525-9dc0a5fa52b7" testListId="8c84fa94-04c1-424b-9868-57a2d4851a1d" />
  </TestEntries>
  <Results>
    <UnitTestResult executionId="8902c843-7741-4216-a70a-e8fa265872bb" testId="10976cc2-a6bd-7e3a-8b9f-c78ea6b0c02b" testName="bareMapTileIdsTest" computerName="BERTA-PC" duration="00:00:01.3732569" startTime="2014-11-28T10:18:20.6255333-08:00" endTime="2014-11-28T10:18:22.2996291-08:00" testType="13cdc9d9-ddb5-4fa4-a97d-d965ccfc6d4b" outcome="Passed" testListId="8c84fa94-04c1-424b-9868-57a2d4851a1d" relativeResultsDirectory="8902c843-7741-4216-a70a-e8fa265872bb">
    </UnitTestResult>
    <UnitTestResult executionId="8ce13ed0-da81-4285-83a8-59d8c954e753" testId="14156c61-3103-b678-f152-a80541626c88" testName="MapCreationTest" computerName="BERTA-PC" duration="00:00:00.9981282" startTime="2014-11-28T10:18:22.3076295-08:00" endTime="2014-11-28T10:18:23.3256877-08:00" testType="13cdc9d9-ddb5-4fa4-a97d-d965ccfc6d4b" outcome="Passed" testListId="8c84fa94-04c1-424b-9868-57a2d4851a1d" relativeResultsDirectory="8ce13ed0-da81-4285-83a8-59d8c954e753">
    </UnitTestResult>
    <UnitTestResult executionId="3d5457ac-20bc-4bb7-8095-5474bd77c87a" testId="360bc28a-1f79-48ae-8ab1-9779ad8b28f6" testName="loadFullMapFailTest" computerName="BERTA-PC" duration="00:00:01.1723699" startTime="2014-11-28T10:18:23.3336882-08:00" endTime="2014-11-28T10:18:24.5187560-08:00" testType="13cdc9d9-ddb5-4fa4-a97d-d965ccfc6d4b" outcome="Passed" testListId="8c84fa94-04c1-424b-9868-57a2d4851a1d" relativeResultsDirectory="3d5457ac-20bc-4bb7-8095-5474bd77c87a">
    </UnitTestResult>
    <UnitTestResult executionId="f3e8f8d8-ada1-44b3-a3af-ef8102e527c8" testId="53a49d14-54cd-36e1-bd3d-c53d8899d35c" testName="saveBareFailTest" computerName="BERTA-PC" duration="00:00:00.6725969" startTime="2014-11-28T10:18:24.5257564-08:00" endTime="2014-11-28T10:18:25.2147958-08:00" testType="13cdc9d9-ddb5-4fa4-a97d-d965ccfc6d4b" outcome="Passed" testListId="8c84fa94-04c1-424b-9868-57a2d4851a1d" relativeResultsDirectory="f3e8f8d8-ada1-44b3-a3af-ef8102e527c8">
    </UnitTestResult>
    <UnitTestResult executionId="71004406-0bfd-4fd5-9a88-9cd11ec8962d" testId="5e6e334d-2cca-c346-a25d-291eef8683ac" testName="loadMapWithGuardsTest" computerName="BERTA-PC" duration="00:00:01.5130120" startTime="2014-11-28T10:18:25.2357970-08:00" endTime="2014-11-28T10:18:26.7548839-08:00" testType="13cdc9d9-ddb5-4fa4-a97d-d965ccfc6d4b" outcome="Passed" testListId="8c84fa94-04c1-424b-9868-57a2d4851a1d" relativeResultsDirectory="71004406-0bfd-4fd5-9a88-9cd11ec8962d">
    </UnitTestResult>
    <UnitTestResult executionId="2c01379a-b764-4d6d-881e-23967009284f" testId="632043fe-6a37-088b-546a-dffd7e19abac" testName="loadMapWithGuardsFailTest" computerName="BERTA-PC" duration="00:00:00.9563191" startTime="2014-11-28T10:18:26.7558839-08:00" endTime="2014-11-28T10:18:27.7699419-08:00" testType="13cdc9d9-ddb5-4fa4-a97d-d965ccfc6d4b" outcome="Passed" testListId="8c84fa94-04c1-424b-9868-57a2d4851a1d" relativeResultsDirectory="2c01379a-b764-4d6d-881e-23967009284f">
    </UnitTestResult>
    <UnitTestResult executionId="eaa48d59-6926-4f4f-9071-6d8cd3b0ba32" testId="bb9dcbc4-7ae9-0970-ed88-6a9e4fcfacf3" testName="saveBareMapTest" computerName="BERTA-PC" duration="00:00:00.8033664" startTime="2014-11-28T10:18:27.7789425-08:00" endTime="2014-11-28T10:18:28.6009895-08:00" testType="13cdc9d9-ddb5-4fa4-a97d-d965ccfc6d4b" outcome="Passed" testListId="8c84fa94-04c1-424b-9868-57a2d4851a1d" relativeResultsDirectory="eaa48d59-6926-4f4f-9071-6d8cd3b0ba32">
    </UnitTestResult>
    <UnitTestResult executionId="45c71a74-5eb5-4104-9b2c-b08fe00afd77" testId="c3b37413-95b8-6019-d361-13970e15d51e" testName="createdMapIdTest" computerName="BERTA-PC" duration="00:00:00.9334118" startTime="2014-11-28T10:18:28.6089899-08:00" endTime="2014-11-28T10:18:29.5480436-08:00" testType="13cdc9d9-ddb5-4fa4-a97d-d965ccfc6d4b" outcome="Passed" testListId="8c84fa94-04c1-424b-9868-57a2d4851a1d" relativeResultsDirectory="45c71a74-5eb5-4104-9b2c-b08fe00afd77">
    </UnitTestResult>
    <UnitTestResult executionId="78460e74-68d2-4708-9250-570ca67989e1" testId="c9182415-4410-3796-9514-99dbf275de21" testName="loadBareMapTest" computerName="BERTA-PC" duration="00:00:00.7481493" startTime="2014-11-28T10:18:29.5520439-08:00" endTime="2014-11-28T10:18:30.3130874-08:00" testType="13cdc9d9-ddb5-4fa4-a97d-d965ccfc6d4b" outcome="Passed" testListId="8c84fa94-04c1-424b-9868-57a2d4851a1d" relativeResultsDirectory="78460e74-68d2-4708-9250-570ca67989e1">
    </UnitTestResult>
    <UnitTestResult executionId="8e9258de-60d8-44f9-bd6b-9612dee46b2f" testId="cd566601-757a-4bb7-8efc-5bacc9a950e6" testName="loadFullMapTest" computerName="BERTA-PC" duration="00:00:03.3862212" startTime="2014-11-28T10:18:30.3170876-08:00" endTime="2014-11-28T10:18:33.7122818-08:00" testType="13cdc9d9-ddb5-4fa4-a97d-d965ccfc6d4b" outcome="Passed" testListId="8c84fa94-04c1-424b-9868-57a2d4851a1d" relativeResultsDirectory="8e9258de-60d8-44f9-bd6b-9612dee46b2f">
    </UnitTestResult>
    <UnitTestResult executionId="770605a6-b4ee-4a97-938f-6729f46e1a76" testId="da623405-5b58-a3e8-bbe4-66cc37964fa3" testName="loadBareMapFailTest" computerName="BERTA-PC" duration="00:00:00.9620625" startTime="2014-11-28T10:18:33.7162820-08:00" endTime="2014-11-28T10:18:34.6843374-08:00" testType="13cdc9d9-ddb5-4fa4-a97d-d965ccfc6d4b" outcome="Passed" testListId="8c84fa94-04c1-424b-9868-57a2d4851a1d" relativeResultsDirectory="770605a6-b4ee-4a97-938f-6729f46e1a76">
    </UnitTestResult>
    <UnitTestResult executionId="5f9e80ea-a1ec-4699-a525-9dc0a5fa52b7" testId="f69816a6-bf65-5fab-f80a-b3ffa700438b" testName="bareMapTileIdsTest2" computerName="BERTA-PC" duration="00:00:01.0550907" startTime="2014-11-28T10:18:34.7133391-08:00" endTime="2014-11-28T10:18:35.7743998-08:00" testType="13cdc9d9-ddb5-4fa4-a97d-d965ccfc6d4b" outcome="Passed" testListId="8c84fa94-04c1-424b-9868-57a2d4851a1d" relativeResultsDirectory="5f9e80ea-a1ec-4699-a525-9dc0a5fa52b7">
    </UnitTestResult>
  </Results>
</TestRun>