<?xml version="1.0" encoding="UTF-8"?>
<TestRun id="1753bd3e-c7dd-43c2-aeac-e7b2a877c448" name="Wichito@BERTA-PC 2014-11-28 09:48:27" runUser="Berta-PC\Wichito" xmlns="http://microsoft.com/schemas/VisualStudio/TeamTest/2010">
  <TestSettings name="Local" id="4dca26ae-3d80-4afb-bc2f-15cdbf18ba12">
    <Description>These are default test settings for a local test run.</Description>
    <Deployment enabled="false" runDeploymentRoot="Wichito_BERTA-PC 2014-11-28 09_48_27">
      <DeploymentItem filename="C:\Users\Wichito\Documents\GitHub\TurnBasedSneakingSandbox\SneakingCommon\bin\Debug\SneakingCommon.dll" />
      <DeploymentItem filename="C:\Users\Wichito\Documents\GitHub\TurnBasedSneakingSandbox\OpenGlGameCommon\bin\Debug\OpenGlGameCommon.dll" />
      <DeploymentItem filename="C:\Users\Wichito\Documents\GitHub\CharacterSystemLibrary\CharacterSystemLibrary\bin\Debug\CharacterSystemLibrary.dll" />
      <DeploymentItem filename="C:\Users\Wichito\Documents\GitHub\Canvas Window Template\bin\Debug\Canvas Window Template.dll" />
    </Deployment>
    <Execution>
      <TestTypeSpecific />
      <AgentRule name="Execution Agents">
      </AgentRule>
    </Execution>
  </TestSettings>
  <Times creation="2014-11-28T09:48:27.6469808-08:00" queuing="2014-11-28T09:48:28.0780054-08:00" start="2014-11-28T09:48:28.1790112-08:00" finish="2014-11-28T09:48:29.1260654-08:00" />
  <ResultSummary outcome="Completed">
    <Counters total="1" executed="1" passed="1" error="0" failed="0" timeout="0" aborted="0" inconclusive="0" passedButRunAborted="0" notRunnable="0" notExecuted="0" disconnected="0" warning="0" completed="0" inProgress="0" pending="0" />
  </ResultSummary>
  <TestDefinitions>
    <UnitTest name="saveGuardMapTest" storage="c:\users\wichito\documents\github\turnbasedsneakingsandbox\sneakingcommontests\bin\debug\sneakingcommontests.dll" id="bfe3e8d6-e929-6d40-e5e1-d0ebbbd06a55">
      <Execution id="7371f20c-2f9b-4c3f-9544-326eb435f01c" />
      <TestMethod codeBase="C:/Users/Wichito/Documents/GitHub/TurnBasedSneakingSandbox/SneakingCommonTests/bin/Debug/SneakingCommonTests.DLL" adapterTypeName="Microsoft.VisualStudio.TestTools.TestTypes.Unit.UnitTestAdapter, Microsoft.VisualStudio.QualityTools.Tips.UnitTest.Adapter, Version=10.0.0.0, Culture=neutral, PublicKeyToken=b03f5f7f11d50a3a" className="SneakingCommonTests.SneakingGuardTests, SneakingCommonTests, Version=1.0.0.0, Culture=neutral, PublicKeyToken=null" name="saveGuardMapTest" />
    </UnitTest>
  </TestDefinitions>
  <TestLists>
    <TestList name="Results Not in a List" id="8c84fa94-04c1-424b-9868-57a2d4851a1d" />
    <TestList name="All Loaded Results" id="19431567-8539-422a-85d7-44ee4e166bda" />
  </TestLists>
  <TestEntries>
    <TestEntry testId="bfe3e8d6-e929-6d40-e5e1-d0ebbbd06a55" executionId="7371f20c-2f9b-4c3f-9544-326eb435f01c" testListId="8c84fa94-04c1-424b-9868-57a2d4851a1d" />
  </TestEntries>
  <Results>
    <UnitTestResult executionId="7371f20c-2f9b-4c3f-9544-326eb435f01c" testId="bfe3e8d6-e929-6d40-e5e1-d0ebbbd06a55" testName="saveGuardMapTest" computerName="BERTA-PC" duration="00:00:00.4644309" startTime="2014-11-28T09:48:28.2140132-08:00" endTime="2014-11-28T09:48:29.0700622-08:00" testType="13cdc9d9-ddb5-4fa4-a97d-d965ccfc6d4b" outcome="Passed" testListId="8c84fa94-04c1-424b-9868-57a2d4851a1d" relativeResultsDirectory="7371f20c-2f9b-4c3f-9544-326eb435f01c">
    </UnitTestResult>
  </Results>
</TestRun>