<?xml version="1.0" encoding="UTF-8"?>
<TestRun id="d3074d35-9659-4abf-b426-1b8441be0f64" name="Wichito@Juan 2014-12-13 19:11:37" runUser="Juan\Wichito" xmlns="http://microsoft.com/schemas/VisualStudio/TeamTest/2010">
  <TestSettings name="Local" id="4dca26ae-3d80-4afb-bc2f-15cdbf18ba12">
    <Description>These are default test settings for a local test run.</Description>
    <Deployment enabled="false" runDeploymentRoot="Wichito_Juan 2014-12-13 19_11_37">
      <DeploymentItem filename="C:\Users\Wichito\Documents\GitHub\TurnBasedSneakingSandbox\SneakingCommon\bin\Debug\SneakingCommon.dll" />
      <DeploymentItem filename="C:\Users\Wichito\Documents\GitHub\TurnBasedSneakingSandbox\OpenGlGameCommon\bin\Debug\OpenGlGameCommon.dll" />
      <DeploymentItem filename="C:\Users\Wichito\Documents\GitHub\TurnBasedSneakingSandbox\SneakingCommonTests\bin\Debug\Canvas Window Template.dll" />
      <DeploymentItem filename="C:\Users\Wichito\Documents\GitHub\TurnBasedSneakingSandbox\SneakingCommonTests\bin\Debug\CharacterSystemLibrary.dll" />
    </Deployment>
    <Execution>
      <TestTypeSpecific />
      <AgentRule name="Execution Agents">
      </AgentRule>
    </Execution>
  </TestSettings>
  <Times creation="2014-12-13T19:11:37.1170749-05:00" queuing="2014-12-13T19:11:37.1170749-05:00" start="2014-12-13T19:11:37.1327005-05:00" finish="2014-12-13T19:11:37.8514801-05:00" />
  <ResultSummary outcome="Failed">
    <Counters total="12" executed="12" passed="11" error="0" failed="1" timeout="0" aborted="0" inconclusive="0" passedButRunAborted="0" notRunnable="0" notExecuted="0" disconnected="0" warning="0" completed="0" inProgress="0" pending="0" />
  </ResultSummary>
  <TestDefinitions>
    <UnitTest name="loadMapWithGuardsTest" storage="c:\users\wichito\documents\github\turnbasedsneakingsandbox\sneakingcommontests\bin\debug\sneakingcommontests.dll" id="5e6e334d-2cca-c346-a25d-291eef8683ac">
      <Execution id="0f60f861-3d2e-4aee-9c59-5b505bcd50ba" />
      <TestMethod codeBase="C:/Users/Wichito/Documents/GitHub/TurnBasedSneakingSandbox/SneakingCommonTests/bin/Debug/SneakingCommonTests.DLL" adapterTypeName="Microsoft.VisualStudio.TestTools.TestTypes.Unit.UnitTestAdapter, Microsoft.VisualStudio.QualityTools.Tips.UnitTest.Adapter, Version=10.0.0.0, Culture=neutral, PublicKeyToken=b03f5f7f11d50a3a" className="SneakingCommonTests.UnitTest1, SneakingCommonTests, Version=1.0.0.0, Culture=neutral, PublicKeyToken=null" name="loadMapWithGuardsTest" />
    </UnitTest>
    <UnitTest name="loadFullMapFailTest" storage="c:\users\wichito\documents\github\turnbasedsneakingsandbox\sneakingcommontests\bin\debug\sneakingcommontests.dll" id="360bc28a-1f79-48ae-8ab1-9779ad8b28f6">
      <Execution id="fce34b38-2996-44e2-a989-02775da79218" />
      <TestMethod codeBase="C:/Users/Wichito/Documents/GitHub/TurnBasedSneakingSandbox/SneakingCommonTests/bin/Debug/SneakingCommonTests.DLL" adapterTypeName="Microsoft.VisualStudio.TestTools.TestTypes.Unit.UnitTestAdapter, Microsoft.VisualStudio.QualityTools.Tips.UnitTest.Adapter, Version=10.0.0.0, Culture=neutral, PublicKeyToken=b03f5f7f11d50a3a" className="SneakingCommonTests.UnitTest1, SneakingCommonTests, Version=1.0.0.0, Culture=neutral, PublicKeyToken=null" name="loadFullMapFailTest" />
    </UnitTest>
    <UnitTest name="loadFullMapTest" storage="c:\users\wichito\documents\github\turnbasedsneakingsandbox\sneakingcommontests\bin\debug\sneakingcommontests.dll" id="cd566601-757a-4bb7-8efc-5bacc9a950e6">
      <Execution id="d193b6b9-9444-4437-8e8b-ac2f05095dbd" />
      <TestMethod codeBase="C:/Users/Wichito/Documents/GitHub/TurnBasedSneakingSandbox/SneakingCommonTests/bin/Debug/SneakingCommonTests.DLL" adapterTypeName="Microsoft.VisualStudio.TestTools.TestTypes.Unit.UnitTestAdapter, Microsoft.VisualStudio.QualityTools.Tips.UnitTest.Adapter, Version=10.0.0.0, Culture=neutral, PublicKeyToken=b03f5f7f11d50a3a" className="SneakingCommonTests.UnitTest1, SneakingCommonTests, Version=1.0.0.0, Culture=neutral, PublicKeyToken=null" name="loadFullMapTest" />
    </UnitTest>
    <UnitTest name="bareMapTileIdsTest" storage="c:\users\wichito\documents\github\turnbasedsneakingsandbox\sneakingcommontests\bin\debug\sneakingcommontests.dll" id="10976cc2-a6bd-7e3a-8b9f-c78ea6b0c02b">
      <Execution id="2642a189-137d-4281-b6a1-79b248cb4c12" />
      <TestMethod codeBase="C:/Users/Wichito/Documents/GitHub/TurnBasedSneakingSandbox/SneakingCommonTests/bin/Debug/SneakingCommonTests.DLL" adapterTypeName="Microsoft.VisualStudio.TestTools.TestTypes.Unit.UnitTestAdapter, Microsoft.VisualStudio.QualityTools.Tips.UnitTest.Adapter, Version=10.0.0.0, Culture=neutral, PublicKeyToken=b03f5f7f11d50a3a" className="SneakingCommonTests.UnitTest1, SneakingCommonTests, Version=1.0.0.0, Culture=neutral, PublicKeyToken=null" name="bareMapTileIdsTest" />
    </UnitTest>
    <UnitTest name="MapCreationTest" storage="c:\users\wichito\documents\github\turnbasedsneakingsandbox\sneakingcommontests\bin\debug\sneakingcommontests.dll" id="14156c61-3103-b678-f152-a80541626c88">
      <Execution id="3c64e7de-1070-4493-8d07-2227c752935e" />
      <TestMethod codeBase="C:/Users/Wichito/Documents/GitHub/TurnBasedSneakingSandbox/SneakingCommonTests/bin/Debug/SneakingCommonTests.DLL" adapterTypeName="Microsoft.VisualStudio.TestTools.TestTypes.Unit.UnitTestAdapter, Microsoft.VisualStudio.QualityTools.Tips.UnitTest.Adapter, Version=10.0.0.0, Culture=neutral, PublicKeyToken=b03f5f7f11d50a3a" className="SneakingCommonTests.UnitTest1, SneakingCommonTests, Version=1.0.0.0, Culture=neutral, PublicKeyToken=null" name="MapCreationTest" />
    </UnitTest>
    <UnitTest name="createdMapIdTest" storage="c:\users\wichito\documents\github\turnbasedsneakingsandbox\sneakingcommontests\bin\debug\sneakingcommontests.dll" id="c3b37413-95b8-6019-d361-13970e15d51e">
      <Execution id="7f8f945e-28fa-48b4-b040-ccc8e081bbcb" />
      <TestMethod codeBase="C:/Users/Wichito/Documents/GitHub/TurnBasedSneakingSandbox/SneakingCommonTests/bin/Debug/SneakingCommonTests.DLL" adapterTypeName="Microsoft.VisualStudio.TestTools.TestTypes.Unit.UnitTestAdapter, Microsoft.VisualStudio.QualityTools.Tips.UnitTest.Adapter, Version=10.0.0.0, Culture=neutral, PublicKeyToken=b03f5f7f11d50a3a" className="SneakingCommonTests.UnitTest1, SneakingCommonTests, Version=1.0.0.0, Culture=neutral, PublicKeyToken=null" name="createdMapIdTest" />
    </UnitTest>
    <UnitTest name="loadBareMapTest" storage="c:\users\wichito\documents\github\turnbasedsneakingsandbox\sneakingcommontests\bin\debug\sneakingcommontests.dll" id="c9182415-4410-3796-9514-99dbf275de21">
      <Execution id="26cc22f8-b948-421b-86aa-c93e8a524302" />
      <TestMethod codeBase="C:/Users/Wichito/Documents/GitHub/TurnBasedSneakingSandbox/SneakingCommonTests/bin/Debug/SneakingCommonTests.DLL" adapterTypeName="Microsoft.VisualStudio.TestTools.TestTypes.Unit.UnitTestAdapter, Microsoft.VisualStudio.QualityTools.Tips.UnitTest.Adapter, Version=10.0.0.0, Culture=neutral, PublicKeyToken=b03f5f7f11d50a3a" className="SneakingCommonTests.UnitTest1, SneakingCommonTests, Version=1.0.0.0, Culture=neutral, PublicKeyToken=null" name="loadBareMapTest" />
    </UnitTest>
    <UnitTest name="loadMapWithGuardsFailTest" storage="c:\users\wichito\documents\github\turnbasedsneakingsandbox\sneakingcommontests\bin\debug\sneakingcommontests.dll" id="632043fe-6a37-088b-546a-dffd7e19abac">
      <Execution id="bc029562-3609-4ff3-9592-cb622df33653" />
      <TestMethod codeBase="C:/Users/Wichito/Documents/GitHub/TurnBasedSneakingSandbox/SneakingCommonTests/bin/Debug/SneakingCommonTests.DLL" adapterTypeName="Microsoft.VisualStudio.TestTools.TestTypes.Unit.UnitTestAdapter, Microsoft.VisualStudio.QualityTools.Tips.UnitTest.Adapter, Version=10.0.0.0, Culture=neutral, PublicKeyToken=b03f5f7f11d50a3a" className="SneakingCommonTests.UnitTest1, SneakingCommonTests, Version=1.0.0.0, Culture=neutral, PublicKeyToken=null" name="loadMapWithGuardsFailTest" />
    </UnitTest>
    <UnitTest name="saveBareMapTest" storage="c:\users\wichito\documents\github\turnbasedsneakingsandbox\sneakingcommontests\bin\debug\sneakingcommontests.dll" id="bb9dcbc4-7ae9-0970-ed88-6a9e4fcfacf3">
      <Execution id="ef1e08eb-edd4-4952-80a1-42e91e522e12" />
      <TestMethod codeBase="C:/Users/Wichito/Documents/GitHub/TurnBasedSneakingSandbox/SneakingCommonTests/bin/Debug/SneakingCommonTests.DLL" adapterTypeName="Microsoft.VisualStudio.TestTools.TestTypes.Unit.UnitTestAdapter, Microsoft.VisualStudio.QualityTools.Tips.UnitTest.Adapter, Version=10.0.0.0, Culture=neutral, PublicKeyToken=b03f5f7f11d50a3a" className="SneakingCommonTests.UnitTest1, SneakingCommonTests, Version=1.0.0.0, Culture=neutral, PublicKeyToken=null" name="saveBareMapTest" />
    </UnitTest>
    <UnitTest name="bareMapTileIdsTest2" storage="c:\users\wichito\documents\github\turnbasedsneakingsandbox\sneakingcommontests\bin\debug\sneakingcommontests.dll" id="f69816a6-bf65-5fab-f80a-b3ffa700438b">
      <Execution id="e3f0a5cf-f7c8-474b-8d1f-9d8797b216bb" />
      <TestMethod codeBase="C:/Users/Wichito/Documents/GitHub/TurnBasedSneakingSandbox/SneakingCommonTests/bin/Debug/SneakingCommonTests.DLL" adapterTypeName="Microsoft.VisualStudio.TestTools.TestTypes.Unit.UnitTestAdapter, Microsoft.VisualStudio.QualityTools.Tips.UnitTest.Adapter, Version=10.0.0.0, Culture=neutral, PublicKeyToken=b03f5f7f11d50a3a" className="SneakingCommonTests.UnitTest1, SneakingCommonTests, Version=1.0.0.0, Culture=neutral, PublicKeyToken=null" name="bareMapTileIdsTest2" />
    </UnitTest>
    <UnitTest name="saveBareFailTest" storage="c:\users\wichito\documents\github\turnbasedsneakingsandbox\sneakingcommontests\bin\debug\sneakingcommontests.dll" id="53a49d14-54cd-36e1-bd3d-c53d8899d35c">
      <Execution id="0f79fc53-c64c-4389-912e-e251e917ea67" />
      <TestMethod codeBase="C:/Users/Wichito/Documents/GitHub/TurnBasedSneakingSandbox/SneakingCommonTests/bin/Debug/SneakingCommonTests.DLL" adapterTypeName="Microsoft.VisualStudio.TestTools.TestTypes.Unit.UnitTestAdapter, Microsoft.VisualStudio.QualityTools.Tips.UnitTest.Adapter, Version=10.0.0.0, Culture=neutral, PublicKeyToken=b03f5f7f11d50a3a" className="SneakingCommonTests.UnitTest1, SneakingCommonTests, Version=1.0.0.0, Culture=neutral, PublicKeyToken=null" name="saveBareFailTest" />
    </UnitTest>
    <UnitTest name="loadBareMapFailTest" storage="c:\users\wichito\documents\github\turnbasedsneakingsandbox\sneakingcommontests\bin\debug\sneakingcommontests.dll" id="da623405-5b58-a3e8-bbe4-66cc37964fa3">
      <Execution id="8368d059-8474-4f7d-8994-791c3cbae600" />
      <TestMethod codeBase="C:/Users/Wichito/Documents/GitHub/TurnBasedSneakingSandbox/SneakingCommonTests/bin/Debug/SneakingCommonTests.DLL" adapterTypeName="Microsoft.VisualStudio.TestTools.TestTypes.Unit.UnitTestAdapter, Microsoft.VisualStudio.QualityTools.Tips.UnitTest.Adapter, Version=10.0.0.0, Culture=neutral, PublicKeyToken=b03f5f7f11d50a3a" className="SneakingCommonTests.UnitTest1, SneakingCommonTests, Version=1.0.0.0, Culture=neutral, PublicKeyToken=null" name="loadBareMapFailTest" />
    </UnitTest>
  </TestDefinitions>
  <TestLists>
    <TestList name="Results Not in a List" id="8c84fa94-04c1-424b-9868-57a2d4851a1d" />
    <TestList name="All Loaded Results" id="19431567-8539-422a-85d7-44ee4e166bda" />
  </TestLists>
  <TestEntries>
    <TestEntry testId="10976cc2-a6bd-7e3a-8b9f-c78ea6b0c02b" executionId="2642a189-137d-4281-b6a1-79b248cb4c12" testListId="8c84fa94-04c1-424b-9868-57a2d4851a1d" />
    <TestEntry testId="14156c61-3103-b678-f152-a80541626c88" executionId="3c64e7de-1070-4493-8d07-2227c752935e" testListId="8c84fa94-04c1-424b-9868-57a2d4851a1d" />
    <TestEntry testId="360bc28a-1f79-48ae-8ab1-9779ad8b28f6" executionId="fce34b38-2996-44e2-a989-02775da79218" testListId="8c84fa94-04c1-424b-9868-57a2d4851a1d" />
    <TestEntry testId="53a49d14-54cd-36e1-bd3d-c53d8899d35c" executionId="0f79fc53-c64c-4389-912e-e251e917ea67" testListId="8c84fa94-04c1-424b-9868-57a2d4851a1d" />
    <TestEntry testId="5e6e334d-2cca-c346-a25d-291eef8683ac" executionId="0f60f861-3d2e-4aee-9c59-5b505bcd50ba" testListId="8c84fa94-04c1-424b-9868-57a2d4851a1d" />
    <TestEntry testId="632043fe-6a37-088b-546a-dffd7e19abac" executionId="bc029562-3609-4ff3-9592-cb622df33653" testListId="8c84fa94-04c1-424b-9868-57a2d4851a1d" />
    <TestEntry testId="bb9dcbc4-7ae9-0970-ed88-6a9e4fcfacf3" executionId="ef1e08eb-edd4-4952-80a1-42e91e522e12" testListId="8c84fa94-04c1-424b-9868-57a2d4851a1d" />
    <TestEntry testId="c3b37413-95b8-6019-d361-13970e15d51e" executionId="7f8f945e-28fa-48b4-b040-ccc8e081bbcb" testListId="8c84fa94-04c1-424b-9868-57a2d4851a1d" />
    <TestEntry testId="c9182415-4410-3796-9514-99dbf275de21" executionId="26cc22f8-b948-421b-86aa-c93e8a524302" testListId="8c84fa94-04c1-424b-9868-57a2d4851a1d" />
    <TestEntry testId="cd566601-757a-4bb7-8efc-5bacc9a950e6" executionId="d193b6b9-9444-4437-8e8b-ac2f05095dbd" testListId="8c84fa94-04c1-424b-9868-57a2d4851a1d" />
    <TestEntry testId="da623405-5b58-a3e8-bbe4-66cc37964fa3" executionId="8368d059-8474-4f7d-8994-791c3cbae600" testListId="8c84fa94-04c1-424b-9868-57a2d4851a1d" />
    <TestEntry testId="f69816a6-bf65-5fab-f80a-b3ffa700438b" executionId="e3f0a5cf-f7c8-474b-8d1f-9d8797b216bb" testListId="8c84fa94-04c1-424b-9868-57a2d4851a1d" />
  </TestEntries>
  <Results>
    <UnitTestResult executionId="2642a189-137d-4281-b6a1-79b248cb4c12" testId="10976cc2-a6bd-7e3a-8b9f-c78ea6b0c02b" testName="bareMapTileIdsTest" computerName="Juan" duration="00:00:00.0364985" startTime="2014-12-13T19:11:37.1327005-05:00" endTime="2014-12-13T19:11:37.3358423-05:00" testType="13cdc9d9-ddb5-4fa4-a97d-d965ccfc6d4b" outcome="Passed" testListId="8c84fa94-04c1-424b-9868-57a2d4851a1d" relativeResultsDirectory="2642a189-137d-4281-b6a1-79b248cb4c12">
    </UnitTestResult>
    <UnitTestResult executionId="3c64e7de-1070-4493-8d07-2227c752935e" testId="14156c61-3103-b678-f152-a80541626c88" testName="MapCreationTest" computerName="Juan" duration="00:00:00.0056377" startTime="2014-12-13T19:11:37.3514530-05:00" endTime="2014-12-13T19:11:37.3514530-05:00" testType="13cdc9d9-ddb5-4fa4-a97d-d965ccfc6d4b" outcome="Passed" testListId="8c84fa94-04c1-424b-9868-57a2d4851a1d" relativeResultsDirectory="3c64e7de-1070-4493-8d07-2227c752935e">
    </UnitTestResult>
    <UnitTestResult executionId="fce34b38-2996-44e2-a989-02775da79218" testId="360bc28a-1f79-48ae-8ab1-9779ad8b28f6" testName="loadFullMapFailTest" computerName="Juan" duration="00:00:00.0092142" startTime="2014-12-13T19:11:37.3514530-05:00" endTime="2014-12-13T19:11:37.3670777-05:00" testType="13cdc9d9-ddb5-4fa4-a97d-d965ccfc6d4b" outcome="Passed" testListId="8c84fa94-04c1-424b-9868-57a2d4851a1d" relativeResultsDirectory="fce34b38-2996-44e2-a989-02775da79218">
    </UnitTestResult>
    <UnitTestResult executionId="0f79fc53-c64c-4389-912e-e251e917ea67" testId="53a49d14-54cd-36e1-bd3d-c53d8899d35c" testName="saveBareFailTest" computerName="Juan" duration="00:00:00.0066153" startTime="2014-12-13T19:11:37.3670777-05:00" endTime="2014-12-13T19:11:37.3827029-05:00" testType="13cdc9d9-ddb5-4fa4-a97d-d965ccfc6d4b" outcome="Passed" testListId="8c84fa94-04c1-424b-9868-57a2d4851a1d" relativeResultsDirectory="0f79fc53-c64c-4389-912e-e251e917ea67">
    </UnitTestResult>
    <UnitTestResult executionId="0f60f861-3d2e-4aee-9c59-5b505bcd50ba" testId="5e6e334d-2cca-c346-a25d-291eef8683ac" testName="loadMapWithGuardsTest" computerName="Juan" duration="00:00:00.3347986" startTime="2014-12-13T19:11:37.3827029-05:00" endTime="2014-12-13T19:11:37.7264579-05:00" testType="13cdc9d9-ddb5-4fa4-a97d-d965ccfc6d4b" outcome="Passed" testListId="8c84fa94-04c1-424b-9868-57a2d4851a1d" relativeResultsDirectory="0f60f861-3d2e-4aee-9c59-5b505bcd50ba">
    </UnitTestResult>
    <UnitTestResult executionId="bc029562-3609-4ff3-9592-cb622df33653" testId="632043fe-6a37-088b-546a-dffd7e19abac" testName="loadMapWithGuardsFailTest" computerName="Juan" duration="00:00:00.0044296" startTime="2014-12-13T19:11:37.7264579-05:00" endTime="2014-12-13T19:11:37.7420853-05:00" testType="13cdc9d9-ddb5-4fa4-a97d-d965ccfc6d4b" outcome="Passed" testListId="8c84fa94-04c1-424b-9868-57a2d4851a1d" relativeResultsDirectory="bc029562-3609-4ff3-9592-cb622df33653">
    </UnitTestResult>
    <UnitTestResult executionId="ef1e08eb-edd4-4952-80a1-42e91e522e12" testId="bb9dcbc4-7ae9-0970-ed88-6a9e4fcfacf3" testName="saveBareMapTest" computerName="Juan" duration="00:00:00.0106545" startTime="2014-12-13T19:11:37.7420853-05:00" endTime="2014-12-13T19:11:37.7577088-05:00" testType="13cdc9d9-ddb5-4fa4-a97d-d965ccfc6d4b" outcome="Passed" testListId="8c84fa94-04c1-424b-9868-57a2d4851a1d" relativeResultsDirectory="ef1e08eb-edd4-4952-80a1-42e91e522e12">
    </UnitTestResult>
    <UnitTestResult executionId="7f8f945e-28fa-48b4-b040-ccc8e081bbcb" testId="c3b37413-95b8-6019-d361-13970e15d51e" testName="createdMapIdTest" computerName="Juan" duration="00:00:00.0029375" startTime="2014-12-13T19:11:37.7577088-05:00" endTime="2014-12-13T19:11:37.7577088-05:00" testType="13cdc9d9-ddb5-4fa4-a97d-d965ccfc6d4b" outcome="Passed" testListId="8c84fa94-04c1-424b-9868-57a2d4851a1d" relativeResultsDirectory="7f8f945e-28fa-48b4-b040-ccc8e081bbcb">
    </UnitTestResult>
    <UnitTestResult executionId="26cc22f8-b948-421b-86aa-c93e8a524302" testId="c9182415-4410-3796-9514-99dbf275de21" testName="loadBareMapTest" computerName="Juan" duration="00:00:00.0035739" startTime="2014-12-13T19:11:37.7577088-05:00" endTime="2014-12-13T19:11:37.7733340-05:00" testType="13cdc9d9-ddb5-4fa4-a97d-d965ccfc6d4b" outcome="Passed" testListId="8c84fa94-04c1-424b-9868-57a2d4851a1d" relativeResultsDirectory="26cc22f8-b948-421b-86aa-c93e8a524302">
    </UnitTestResult>
    <UnitTestResult executionId="d193b6b9-9444-4437-8e8b-ac2f05095dbd" testId="cd566601-757a-4bb7-8efc-5bacc9a950e6" testName="loadFullMapTest" computerName="Juan" duration="00:00:00.0138825" startTime="2014-12-13T19:11:37.7733340-05:00" endTime="2014-12-13T19:11:37.7889793-05:00" testType="13cdc9d9-ddb5-4fa4-a97d-d965ccfc6d4b" outcome="Failed" testListId="8c84fa94-04c1-424b-9868-57a2d4851a1d" relativeResultsDirectory="d193b6b9-9444-4437-8e8b-ac2f05095dbd">
      <Output>
        <ErrorInfo>
          <Message>Test method SneakingCommonTests.UnitTest1.loadFullMapTest threw exception: 
System.NullReferenceException: Object reference not set to an instance of an object.</Message>
          <StackTrace>    at SneakingCommon.Utility.XmlLoader.loadBareMap(XmlDocument myDoc) in C:\Users\Wichito\Documents\GitHub\TurnBasedSneakingSandbox\SneakingCommon\Utility\XmlLoader.cs:line 378
   at SneakingCommon.Utility.XmlLoader.loadGuardsMap(XmlDocument myDoc) in C:\Users\Wichito\Documents\GitHub\TurnBasedSneakingSandbox\SneakingCommon\Utility\XmlLoader.cs:line 433
   at SneakingCommon.Utility.XmlLoader.loadFullMap(XmlDocument myDoc) in C:\Users\Wichito\Documents\GitHub\TurnBasedSneakingSandbox\SneakingCommon\Utility\XmlLoader.cs:line 453
   at SneakingCommonTests.UnitTest1.loadFullMapTest() in C:\Users\Wichito\Documents\GitHub\TurnBasedSneakingSandbox\SneakingCommonTests\SneakingMapTests.cs:line 217
</StackTrace>
        </ErrorInfo>
      </Output>
    </UnitTestResult>
    <UnitTestResult executionId="8368d059-8474-4f7d-8994-791c3cbae600" testId="da623405-5b58-a3e8-bbe4-66cc37964fa3" testName="loadBareMapFailTest" computerName="Juan" duration="00:00:00.0031022" startTime="2014-12-13T19:11:37.7889793-05:00" endTime="2014-12-13T19:11:37.7889793-05:00" testType="13cdc9d9-ddb5-4fa4-a97d-d965ccfc6d4b" outcome="Passed" testListId="8c84fa94-04c1-424b-9868-57a2d4851a1d" relativeResultsDirectory="8368d059-8474-4f7d-8994-791c3cbae600">
    </UnitTestResult>
    <UnitTestResult executionId="e3f0a5cf-f7c8-474b-8d1f-9d8797b216bb" testId="f69816a6-bf65-5fab-f80a-b3ffa700438b" testName="bareMapTileIdsTest2" computerName="Juan" duration="00:00:00.0041418" startTime="2014-12-13T19:11:37.8045840-05:00" endTime="2014-12-13T19:11:37.8045840-05:00" testType="13cdc9d9-ddb5-4fa4-a97d-d965ccfc6d4b" outcome="Passed" testListId="8c84fa94-04c1-424b-9868-57a2d4851a1d" relativeResultsDirectory="e3f0a5cf-f7c8-474b-8d1f-9d8797b216bb">
    </UnitTestResult>
  </Results>
</TestRun>