<?xml version="1.0" encoding="UTF-8"?>
<TestRun id="a8bd7a99-6bff-45e9-a6f9-669b1a8de676" name="Wichito@JUAN 2014-12-17 19:16:08" runUser="JUAN\Wichito" xmlns="http://microsoft.com/schemas/VisualStudio/TeamTest/2010">
  <TestSettings name="Local" id="4dca26ae-3d80-4afb-bc2f-15cdbf18ba12">
    <Description>These are default test settings for a local test run.</Description>
    <Deployment enabled="false" runDeploymentRoot="Wichito_JUAN 2014-12-17 19_16_08">
      <DeploymentItem filename="C:\Users\Wichito\Documents\GitHub\TurnBasedSneakingSandbox\OpenGlMapTester\bin\Debug\CharacterSystemLibrary.dll" />
      <DeploymentItem filename="C:\Users\Wichito\Documents\GitHub\TurnBasedSneakingSandbox\OpenGlGameCommon\bin\Debug\Tao.Platform.Windows.dll" />
      <DeploymentItem filename="C:\Users\Wichito\Documents\GitHub\TurnBasedSneakingSandbox\OpenGlMapTester\bin\Debug\Canvas Window Template.dll" />
      <DeploymentItem filename="C:\Users\Wichito\Documents\GitHub\TurnBasedSneakingSandbox\SneakingCreationWithForms\bin\Debug\SneakingCreationWithForms.exe" />
      <DeploymentItem filename="C:\Users\Wichito\Documents\GitHub\TurnBasedSneakingSandbox\OpenGlGameCommon\bin\Debug\OpenGlGameCommon.dll" />
      <DeploymentItem filename="C:\Users\Wichito\Documents\Visual Studio 2010\Projects\Class Libraries\Canvas Window Template\bin\Debug\Tao.FreeGlut.dll" />
      <DeploymentItem filename="C:\Users\Wichito\Documents\GitHub\TurnBasedSneakingSandbox\OpenGlMapTester\bin\Debug\Tao.OpenGl.dll" />
      <DeploymentItem filename="C:\Users\Wichito\Documents\GitHub\TurnBasedSneakingSandbox\OpenGlMapTester\bin\Debug\ISE.FreeType.dll" />
      <DeploymentItem filename="C:\Users\Wichito\Documents\GitHub\TurnBasedSneakingSandbox\SneakingCommon\bin\Debug\SneakingCommon.dll" />
    </Deployment>
    <Execution>
      <TestTypeSpecific />
      <AgentRule name="Execution Agents">
      </AgentRule>
    </Execution>
  </TestSettings>
  <Times creation="2014-12-17T19:16:08.5410103-05:00" queuing="2014-12-17T19:16:09.9472784-05:00" start="2014-12-17T19:16:10.1035474-05:00" finish="2014-12-17T19:16:11.2285488-05:00" />
  <ResultSummary outcome="Failed">
    <Counters total="1" executed="1" error="0" failed="1" timeout="0" aborted="0" inconclusive="0" passedButRunAborted="0" notRunnable="0" notExecuted="0" disconnected="0" warning="0" passed="0" completed="0" inProgress="0" pending="0" />
    <RunInfos>
      <RunInfo computerName="JUAN" outcome="Warning" timestamp="2014-12-17T19:16:08.8066372-05:00">
        <Text>Deployment is currently disabled. The deployment item 'SneakingCreationWithForms.exe' on test 'OpenGlMapTester.CreatePatrolFormTest.loadedGuardsHaveCorrectSizeTest' was not deployed.</Text>
      </RunInfo>
    </RunInfos>
  </ResultSummary>
  <TestDefinitions>
    <UnitTest name="loadedGuardsHaveCorrectSizeTest" storage="c:\users\wichito\documents\github\turnbasedsneakingsandbox\openglmaptester\bin\debug\openglmaptester.dll" id="4dd0cffe-ff46-33b9-a9e7-1963b07f0813">
      <DeploymentItems>
        <DeploymentItem filename="SneakingCreationWithForms.exe" />
      </DeploymentItems>
      <Execution id="60b4447e-ec1c-4cc9-a514-8599042a2b79" />
      <TestMethod codeBase="C:/Users/Wichito/Documents/GitHub/TurnBasedSneakingSandbox/OpenGlMapTester/bin/Debug/OpenGlMapTester.DLL" adapterTypeName="Microsoft.VisualStudio.TestTools.TestTypes.Unit.UnitTestAdapter, Microsoft.VisualStudio.QualityTools.Tips.UnitTest.Adapter, Version=10.0.0.0, Culture=neutral, PublicKeyToken=b03f5f7f11d50a3a" className="OpenGlMapTester.CreatePatrolFormTest, OpenGlMapTester, Version=1.0.0.0, Culture=neutral, PublicKeyToken=null" name="loadedGuardsHaveCorrectSizeTest" />
    </UnitTest>
  </TestDefinitions>
  <TestLists>
    <TestList name="Results Not in a List" id="8c84fa94-04c1-424b-9868-57a2d4851a1d" />
    <TestList name="All Loaded Results" id="19431567-8539-422a-85d7-44ee4e166bda" />
  </TestLists>
  <TestEntries>
    <TestEntry testId="4dd0cffe-ff46-33b9-a9e7-1963b07f0813" executionId="60b4447e-ec1c-4cc9-a514-8599042a2b79" testListId="8c84fa94-04c1-424b-9868-57a2d4851a1d" />
  </TestEntries>
  <Results>
    <UnitTestResult executionId="60b4447e-ec1c-4cc9-a514-8599042a2b79" testId="4dd0cffe-ff46-33b9-a9e7-1963b07f0813" testName="loadedGuardsHaveCorrectSizeTest" computerName="JUAN" duration="00:00:00.7065024" startTime="2014-12-17T19:16:10.1972855-05:00" endTime="2014-12-17T19:16:11.1191713-05:00" testType="13cdc9d9-ddb5-4fa4-a97d-d965ccfc6d4b" outcome="Failed" testListId="8c84fa94-04c1-424b-9868-57a2d4851a1d" relativeResultsDirectory="60b4447e-ec1c-4cc9-a514-8599042a2b79">
      <Output>
        <ErrorInfo>
          <Message>Test method OpenGlMapTester.CreatePatrolFormTest.loadedGuardsHaveCorrectSizeTest threw exception: 
SneakingCommon.Exceptions.BadFileNameException: Exception of type 'SneakingCommon.Exceptions.BadFileNameException' was thrown.</Message>
          <StackTrace>   at SneakingCreationWithForms.CreatePatrolForm_Accessor..ctor(Presenter presenter)
   at OpenGlMapTester.CreatePatrolFormTest.loadedGuardsHaveCorrectSizeTest() in C:\Users\Wichito\Documents\GitHub\TurnBasedSneakingSandbox\OpenGlMapTester\CreatePatrolFormTest.cs:line 92
</StackTrace>
        </ErrorInfo>
      </Output>
    </UnitTestResult>
  </Results>
</TestRun>