<?xml version="1.0" encoding="UTF-8"?>
<TestRun id="042ec7f6-67e9-446b-8686-aef55d6e2cbe" name="Wichito@BERTA-PC 2014-11-28 09:52:06" runUser="Berta-PC\Wichito" xmlns="http://microsoft.com/schemas/VisualStudio/TeamTest/2010">
  <TestSettings name="Local" id="4dca26ae-3d80-4afb-bc2f-15cdbf18ba12">
    <Description>These are default test settings for a local test run.</Description>
    <Deployment enabled="false" runDeploymentRoot="Wichito_BERTA-PC 2014-11-28 09_52_06">
      <DeploymentItem filename="C:\Users\Wichito\Documents\GitHub\TurnBasedSneakingSandbox\SneakingCommon\bin\Debug\SneakingCommon.dll" />
      <DeploymentItem filename="C:\Users\Wichito\Documents\GitHub\TurnBasedSneakingSandbox\OpenGlGameCommon\bin\Debug\OpenGlGameCommon.dll" />
      <DeploymentItem filename="C:\Users\Wichito\Documents\GitHub\CharacterSystemLibrary\CharacterSystemLibrary\bin\Debug\CharacterSystemLibrary.dll" />
      <DeploymentItem filename="C:\Users\Wichito\Documents\GitHub\Canvas Window Template\bin\Debug\Canvas Window Template.dll" />
    </Deployment>
    <Execution>
      <TestTypeSpecific />
      <AgentRule name="Execution Agents">
      </AgentRule>
    </Execution>
  </TestSettings>
  <Times creation="2014-11-28T09:52:06.5355005-08:00" queuing="2014-11-28T09:52:06.5755028-08:00" start="2014-11-28T09:52:06.6135050-08:00" finish="2014-11-28T09:52:07.4555531-08:00" />
  <ResultSummary outcome="Failed">
    <Counters total="1" executed="1" error="0" failed="1" timeout="0" aborted="0" inconclusive="0" passedButRunAborted="0" notRunnable="0" notExecuted="0" disconnected="0" warning="0" passed="0" completed="0" inProgress="0" pending="0" />
  </ResultSummary>
  <TestDefinitions>
    <UnitTest name="saveGuardMapFailTest" storage="c:\users\wichito\documents\github\turnbasedsneakingsandbox\sneakingcommontests\bin\debug\sneakingcommontests.dll" id="81e3f198-1f8f-67e4-cd6f-a28f71239547">
      <Execution id="976ac411-3236-4494-8c0b-6086c7ad044f" />
      <TestMethod codeBase="C:/Users/Wichito/Documents/GitHub/TurnBasedSneakingSandbox/SneakingCommonTests/bin/Debug/SneakingCommonTests.DLL" adapterTypeName="Microsoft.VisualStudio.TestTools.TestTypes.Unit.UnitTestAdapter, Microsoft.VisualStudio.QualityTools.Tips.UnitTest.Adapter, Version=10.0.0.0, Culture=neutral, PublicKeyToken=b03f5f7f11d50a3a" className="SneakingCommonTests.SneakingGuardTests, SneakingCommonTests, Version=1.0.0.0, Culture=neutral, PublicKeyToken=null" name="saveGuardMapFailTest" />
    </UnitTest>
  </TestDefinitions>
  <TestLists>
    <TestList name="Results Not in a List" id="8c84fa94-04c1-424b-9868-57a2d4851a1d" />
    <TestList name="All Loaded Results" id="19431567-8539-422a-85d7-44ee4e166bda" />
  </TestLists>
  <TestEntries>
    <TestEntry testId="81e3f198-1f8f-67e4-cd6f-a28f71239547" executionId="976ac411-3236-4494-8c0b-6086c7ad044f" testListId="8c84fa94-04c1-424b-9868-57a2d4851a1d" />
  </TestEntries>
  <Results>
    <UnitTestResult executionId="976ac411-3236-4494-8c0b-6086c7ad044f" testId="81e3f198-1f8f-67e4-cd6f-a28f71239547" testName="saveGuardMapFailTest" computerName="BERTA-PC" duration="00:00:00.0869747" startTime="2014-11-28T09:52:06.6465068-08:00" endTime="2014-11-28T09:52:07.2705425-08:00" testType="13cdc9d9-ddb5-4fa4-a97d-d965ccfc6d4b" outcome="Failed" testListId="8c84fa94-04c1-424b-9868-57a2d4851a1d" relativeResultsDirectory="976ac411-3236-4494-8c0b-6086c7ad044f">
      <Output>
        <ErrorInfo>
          <Message>Test method SneakingCommonTests.SneakingGuardTests.saveGuardMapFailTest threw exception: 
SneakingCommon.Exceptions.InvalidMapException: Exception of type 'SneakingCommon.Exceptions.InvalidMapException' was thrown.</Message>
          <StackTrace>    at SneakingCommon.Utility.XmlLoader.loadBareMap(XmlDocument myDoc) in C:\Users\Wichito\Documents\GitHub\TurnBasedSneakingSandbox\SneakingCommon\Utility\XmlLoader.cs:line 384
   at SneakingCommon.Utility.XmlLoader.loadMapWithGuards(XmlDocument myDoc) in C:\Users\Wichito\Documents\GitHub\TurnBasedSneakingSandbox\SneakingCommon\Utility\XmlLoader.cs:line 398
   at SneakingCommonTests.SneakingGuardTests.saveGuardMapFailTest() in C:\Users\Wichito\Documents\GitHub\TurnBasedSneakingSandbox\SneakingCommonTests\SneakingGuardTests.cs:line 187
</StackTrace>
        </ErrorInfo>
      </Output>
    </UnitTestResult>
  </Results>
</TestRun>