<?xml version="1.0" encoding="UTF-8"?>
<TestRun id="37848349-2a25-4211-8bf2-3e8818be4c1d" name="Wichito@JUAN 2014-12-17 19:57:30" runUser="JUAN\Wichito" xmlns="http://microsoft.com/schemas/VisualStudio/TeamTest/2010">
  <TestSettings name="Local" id="4dca26ae-3d80-4afb-bc2f-15cdbf18ba12">
    <Description>These are default test settings for a local test run.</Description>
    <Deployment enabled="false" runDeploymentRoot="Wichito_JUAN 2014-12-17 19_57_30">
      <DeploymentItem filename="C:\Users\Wichito\Documents\Visual Studio 2010\Projects\Class Libraries\Canvas Window Template\bin\Debug\ISE.FreeType.dll" />
      <DeploymentItem filename="C:\Users\Wichito\Documents\Visual Studio 2010\Projects\Class Libraries\Canvas Window Template\bin\Debug\Tao.Platform.Windows.dll" />
      <DeploymentItem filename="C:\Users\Wichito\Documents\GitHub\TurnBasedSneakingSandbox\SneakingCreationWithForms\bin\Debug\CharacterSystemLibrary.dll" />
      <DeploymentItem filename="C:\Users\Wichito\Documents\GitHub\TurnBasedSneakingSandbox\SneakingCreationWithForms\bin\Debug\SneakingCreationWithForms.exe" />
      <DeploymentItem filename="C:\Users\Wichito\Documents\GitHub\TurnBasedSneakingSandbox\SneakingCreationWithForms\bin\Debug\Canvas Window Template.dll" />
      <DeploymentItem filename="C:\Users\Wichito\Documents\GitHub\TurnBasedSneakingSandbox\OpenGlGameCommon\bin\Debug\OpenGlGameCommon.dll" />
      <DeploymentItem filename="C:\Users\Wichito\Documents\Visual Studio 2010\Projects\Class Libraries\Canvas Window Template\bin\Debug\Tao.FreeGlut.dll" />
      <DeploymentItem filename="C:\Users\Wichito\Documents\Visual Studio 2010\Projects\Class Libraries\Canvas Window Template\bin\Debug\Tao.OpenGl.dll" />
      <DeploymentItem filename="C:\Users\Wichito\Documents\GitHub\TurnBasedSneakingSandbox\SneakingCommon\bin\Debug\SneakingCommon.dll" />
    </Deployment>
    <Execution>
      <TestTypeSpecific />
      <AgentRule name="Execution Agents">
      </AgentRule>
    </Execution>
  </TestSettings>
  <Times creation="2014-12-17T19:57:30.4662742-05:00" queuing="2014-12-17T19:57:30.4818994-05:00" start="2014-12-17T19:57:30.4818994-05:00" finish="2014-12-17T19:57:30.9819039-05:00" />
  <ResultSummary outcome="Completed">
    <Counters total="1" executed="1" passed="1" error="0" failed="0" timeout="0" aborted="0" inconclusive="0" passedButRunAborted="0" notRunnable="0" notExecuted="0" disconnected="0" warning="0" completed="0" inProgress="0" pending="0" />
  </ResultSummary>
  <TestDefinitions>
    <UnitTest name="loadedGuardsCorrectSizeTest" storage="c:\users\wichito\documents\github\turnbasedsneakingsandbox\presentertests\bin\debug\presentertests.dll" id="4d8f7c3a-0d5c-32a1-8564-7ae9169c6507">
      <Execution id="28e91419-4140-48fc-8ea4-c837c2b87f8f" />
      <TestMethod codeBase="C:/Users/Wichito/Documents/GitHub/TurnBasedSneakingSandbox/PresenterTests/bin/Debug/PresenterTests.DLL" adapterTypeName="Microsoft.VisualStudio.TestTools.TestTypes.Unit.UnitTestAdapter, Microsoft.VisualStudio.QualityTools.Tips.UnitTest.Adapter, Version=10.0.0.0, Culture=neutral, PublicKeyToken=b03f5f7f11d50a3a" className="PresenterTests.PresenterTest, PresenterTests, Version=1.0.0.0, Culture=neutral, PublicKeyToken=null" name="loadedGuardsCorrectSizeTest" />
    </UnitTest>
  </TestDefinitions>
  <TestLists>
    <TestList name="Results Not in a List" id="8c84fa94-04c1-424b-9868-57a2d4851a1d" />
    <TestList name="All Loaded Results" id="19431567-8539-422a-85d7-44ee4e166bda" />
  </TestLists>
  <TestEntries>
    <TestEntry testId="4d8f7c3a-0d5c-32a1-8564-7ae9169c6507" executionId="28e91419-4140-48fc-8ea4-c837c2b87f8f" testListId="8c84fa94-04c1-424b-9868-57a2d4851a1d" />
  </TestEntries>
  <Results>
    <UnitTestResult executionId="28e91419-4140-48fc-8ea4-c837c2b87f8f" testId="4d8f7c3a-0d5c-32a1-8564-7ae9169c6507" testName="loadedGuardsCorrectSizeTest" computerName="JUAN" duration="00:00:00.2798750" startTime="2014-12-17T19:57:30.4818994-05:00" endTime="2014-12-17T19:57:30.9194055-05:00" testType="13cdc9d9-ddb5-4fa4-a97d-d965ccfc6d4b" outcome="Passed" testListId="8c84fa94-04c1-424b-9868-57a2d4851a1d" relativeResultsDirectory="28e91419-4140-48fc-8ea4-c837c2b87f8f">
    </UnitTestResult>
  </Results>
</TestRun>