<?xml version="1.0" encoding="UTF-8"?>
<TestRun id="d11a3e2b-13c1-4e6b-87d7-fbd28c5fbf36" name="Wichito@Juan 2014-12-14 17:29:21" runUser="Juan\Wichito" xmlns="http://microsoft.com/schemas/VisualStudio/TeamTest/2010">
  <TestSettings name="Local" id="4dca26ae-3d80-4afb-bc2f-15cdbf18ba12">
    <Description>These are default test settings for a local test run.</Description>
    <Deployment enabled="false" runDeploymentRoot="Wichito_Juan 2014-12-14 17_29_21">
      <DeploymentItem filename="C:\Users\Wichito\Documents\GitHub\TurnBasedSneakingSandbox\SneakingCommon\bin\Debug\SneakingCommon.dll" />
      <DeploymentItem filename="C:\Users\Wichito\Documents\GitHub\TurnBasedSneakingSandbox\OpenGlGameCommon\bin\Debug\OpenGlGameCommon.dll" />
      <DeploymentItem filename="C:\Users\Wichito\Documents\GitHub\TurnBasedSneakingSandbox\SneakingCommonTests\bin\Debug\Canvas Window Template.dll" />
      <DeploymentItem filename="C:\Users\Wichito\Documents\GitHub\TurnBasedSneakingSandbox\SneakingCommonTests\bin\Debug\CharacterSystemLibrary.dll" />
    </Deployment>
    <Execution>
      <TestTypeSpecific />
      <AgentRule name="Execution Agents">
      </AgentRule>
    </Execution>
  </TestSettings>
  <Times creation="2014-12-14T17:29:21.3993648-05:00" queuing="2014-12-14T17:29:21.4149917-05:00" start="2014-12-14T17:29:21.4306007-05:00" finish="2014-12-14T17:29:22.5712395-05:00" />
  <ResultSummary outcome="Failed">
    <Counters total="1" executed="1" error="0" failed="1" timeout="0" aborted="0" inconclusive="0" passedButRunAborted="0" notRunnable="0" notExecuted="0" disconnected="0" warning="0" passed="0" completed="0" inProgress="0" pending="0" />
  </ResultSummary>
  <TestDefinitions>
    <UnitTest name="saveFullMapTest" storage="c:\users\wichito\documents\github\turnbasedsneakingsandbox\sneakingcommontests\bin\debug\sneakingcommontests.dll" id="3d2a762d-422c-fac4-253c-306a29b7d0d5">
      <Execution id="5abac9e5-f658-4bea-9a93-d32a45398ad6" />
      <TestMethod codeBase="C:/Users/Wichito/Documents/GitHub/TurnBasedSneakingSandbox/SneakingCommonTests/bin/Debug/SneakingCommonTests.DLL" adapterTypeName="Microsoft.VisualStudio.TestTools.TestTypes.Unit.UnitTestAdapter, Microsoft.VisualStudio.QualityTools.Tips.UnitTest.Adapter, Version=10.0.0.0, Culture=neutral, PublicKeyToken=b03f5f7f11d50a3a" className="SneakingCommonTests.UnitTest1, SneakingCommonTests, Version=1.0.0.0, Culture=neutral, PublicKeyToken=null" name="saveFullMapTest" />
    </UnitTest>
  </TestDefinitions>
  <TestLists>
    <TestList name="Results Not in a List" id="8c84fa94-04c1-424b-9868-57a2d4851a1d" />
    <TestList name="All Loaded Results" id="19431567-8539-422a-85d7-44ee4e166bda" />
  </TestLists>
  <TestEntries>
    <TestEntry testId="3d2a762d-422c-fac4-253c-306a29b7d0d5" executionId="5abac9e5-f658-4bea-9a93-d32a45398ad6" testListId="8c84fa94-04c1-424b-9868-57a2d4851a1d" />
  </TestEntries>
  <Results>
    <UnitTestResult executionId="5abac9e5-f658-4bea-9a93-d32a45398ad6" testId="3d2a762d-422c-fac4-253c-306a29b7d0d5" testName="saveFullMapTest" computerName="Juan" duration="00:00:00.9539061" startTime="2014-12-14T17:29:21.4306007-05:00" endTime="2014-12-14T17:29:22.5556143-05:00" testType="13cdc9d9-ddb5-4fa4-a97d-d965ccfc6d4b" outcome="Failed" testListId="8c84fa94-04c1-424b-9868-57a2d4851a1d" relativeResultsDirectory="5abac9e5-f658-4bea-9a93-d32a45398ad6">
      <Output>
        <ErrorInfo>
          <Message>Test method SneakingCommonTests.UnitTest1.saveFullMapTest threw exception: 
System.NullReferenceException: Object reference not set to an instance of an object.</Message>
          <StackTrace>    at OpenGlGameCommon.Classes.OpenGlMap.&lt;&gt;c__DisplayClass1.&lt;getDistanceMap&gt;b__0(DistanceMap n) in C:\Users\Wichito\Documents\GitHub\TurnBasedSneakingSandbox\OpenGlGameCommon\Classes\OpenGlMap.cs:line 284
   at System.Collections.Generic.List`1.Find(Predicate`1 match)
   at OpenGlGameCommon.Classes.OpenGlMap.getDistanceMap(IPoint src) in C:\Users\Wichito\Documents\GitHub\TurnBasedSneakingSandbox\OpenGlGameCommon\Classes\OpenGlMap.cs:line 284
   at SneakingCommon.Utility.XmlLoader.getDistanceMapNode(SneakingMap map, XmlDocument creator) in C:\Users\Wichito\Documents\GitHub\TurnBasedSneakingSandbox\SneakingCommon\Utility\XmlLoader.cs:line 190
   at SneakingCommon.Utility.XmlLoader.saveFullMap(String filename, SneakingMap map, List`1 entryPoints) in C:\Users\Wichito\Documents\GitHub\TurnBasedSneakingSandbox\SneakingCommon\Utility\XmlLoader.cs:line 750
   at SneakingCommonTests.UnitTest1.saveFullMapTest() in C:\Users\Wichito\Documents\GitHub\TurnBasedSneakingSandbox\SneakingCommonTests\SneakingMapTests.cs:line 235
</StackTrace>
        </ErrorInfo>
      </Output>
    </UnitTestResult>
  </Results>
</TestRun>