<?xml version="1.0" encoding="UTF-8"?>
<TestRun id="3384c076-f41c-450f-b68f-e29f6db94313" name="Wichito@JUAN 2014-12-17 21:21:18" runUser="JUAN\Wichito" xmlns="http://microsoft.com/schemas/VisualStudio/TeamTest/2010">
  <TestSettings name="Local" id="4dca26ae-3d80-4afb-bc2f-15cdbf18ba12">
    <Description>These are default test settings for a local test run.</Description>
    <Deployment enabled="false" runDeploymentRoot="Wichito_JUAN 2014-12-17 21_21_18">
      <DeploymentItem filename="C:\Users\Wichito\Documents\Visual Studio 2010\Projects\Class Libraries\Canvas Window Template\bin\Debug\ISE.FreeType.dll" />
      <DeploymentItem filename="C:\Users\Wichito\Documents\Visual Studio 2010\Projects\Class Libraries\Canvas Window Template\bin\Debug\Tao.Platform.Windows.dll" />
      <DeploymentItem filename="C:\Users\Wichito\Documents\GitHub\TurnBasedSneakingSandbox\SneakingCreationWithForms\bin\Debug\CharacterSystemLibrary.dll" />
      <DeploymentItem filename="C:\Users\Wichito\Documents\GitHub\TurnBasedSneakingSandbox\SneakingCreationWithForms\bin\Debug\SneakingCreationWithForms.exe" />
      <DeploymentItem filename="C:\Users\Wichito\Documents\GitHub\TurnBasedSneakingSandbox\SneakingCreationWithForms\bin\Debug\Canvas Window Template.dll" />
      <DeploymentItem filename="C:\Users\Wichito\Documents\GitHub\TurnBasedSneakingSandbox\OpenGlGameCommon\bin\Debug\OpenGlGameCommon.dll" />
      <DeploymentItem filename="C:\Users\Wichito\Documents\Visual Studio 2010\Projects\Class Libraries\Canvas Window Template\bin\Debug\Tao.FreeGlut.dll" />
      <DeploymentItem filename="C:\Users\Wichito\Documents\Visual Studio 2010\Projects\Class Libraries\Canvas Window Template\bin\Debug\Tao.OpenGl.dll" />
      <DeploymentItem filename="C:\Users\Wichito\Documents\GitHub\TurnBasedSneakingSandbox\SneakingCommon\bin\Debug\SneakingCommon.dll" />
    </Deployment>
    <Execution>
      <TestTypeSpecific />
      <AgentRule name="Execution Agents">
      </AgentRule>
    </Execution>
  </TestSettings>
  <Times creation="2014-12-17T21:21:18.6651838-05:00" queuing="2014-12-17T21:21:20.5856763-05:00" start="2014-12-17T21:21:20.7263085-05:00" finish="2014-12-17T21:21:35.3120707-05:00" />
  <ResultSummary outcome="Error">
    <Counters total="1" executed="1" error="0" failed="0" timeout="0" aborted="1" inconclusive="0" passedButRunAborted="0" notRunnable="0" notExecuted="0" disconnected="0" warning="0" passed="0" completed="0" inProgress="0" pending="0" />
    <RunInfos>
      <RunInfo computerName="JUAN" outcome="Error" timestamp="2014-12-17T21:21:35.3120707-05:00">
        <Text>Test host process exited unexpectedly.</Text>
      </RunInfo>
    </RunInfos>
  </ResultSummary>
  <TestDefinitions>
    <UnitTest name="saveGuardPatrolTest" storage="c:\users\wichito\documents\github\turnbasedsneakingsandbox\presentertests\bin\debug\presentertests.dll" id="1dc3872d-6730-30f1-8bcb-542f490493db">
      <Execution id="2a580503-e491-4622-9152-bcf8fbf90aee" />
      <TestMethod codeBase="C:/Users/Wichito/Documents/GitHub/TurnBasedSneakingSandbox/PresenterTests/bin/Debug/PresenterTests.DLL" adapterTypeName="Microsoft.VisualStudio.TestTools.TestTypes.Unit.UnitTestAdapter, Microsoft.VisualStudio.QualityTools.Tips.UnitTest.Adapter, Version=10.0.0.0, Culture=neutral, PublicKeyToken=b03f5f7f11d50a3a" className="PresenterTests.PresenterTest, PresenterTests, Version=1.0.0.0, Culture=neutral, PublicKeyToken=null" name="saveGuardPatrolTest" />
    </UnitTest>
  </TestDefinitions>
  <TestLists>
    <TestList name="Results Not in a List" id="8c84fa94-04c1-424b-9868-57a2d4851a1d" />
    <TestList name="All Loaded Results" id="19431567-8539-422a-85d7-44ee4e166bda" />
  </TestLists>
  <TestEntries>
    <TestEntry testId="1dc3872d-6730-30f1-8bcb-542f490493db" executionId="2a580503-e491-4622-9152-bcf8fbf90aee" testListId="8c84fa94-04c1-424b-9868-57a2d4851a1d" />
  </TestEntries>
  <Results>
    <UnitTestResult executionId="2a580503-e491-4622-9152-bcf8fbf90aee" testId="1dc3872d-6730-30f1-8bcb-542f490493db" testName="saveGuardPatrolTest" computerName="JUAN" duration="00:00:14.4763911" startTime="2014-12-17T21:21:20.8356796-05:00" endTime="2014-12-17T21:21:35.3120707-05:00" testType="13cdc9d9-ddb5-4fa4-a97d-d965ccfc6d4b" outcome="Aborted" testListId="8c84fa94-04c1-424b-9868-57a2d4851a1d" relativeResultsDirectory="2a580503-e491-4622-9152-bcf8fbf90aee">
    </UnitTestResult>
  </Results>
</TestRun>