<?xml version="1.0" encoding="UTF-8"?>
<TestRun id="7301c452-31bd-47d0-8900-4ed52021a6ba" name="Wichito@JUAN 2014-12-17 20:55:48" runUser="JUAN\Wichito" xmlns="http://microsoft.com/schemas/VisualStudio/TeamTest/2010">
  <TestSettings name="Local" id="4dca26ae-3d80-4afb-bc2f-15cdbf18ba12">
    <Description>These are default test settings for a local test run.</Description>
    <Deployment enabled="false" runDeploymentRoot="Wichito_JUAN 2014-12-17 20_55_48">
      <DeploymentItem filename="C:\Users\Wichito\Documents\Visual Studio 2010\Projects\Class Libraries\Canvas Window Template\bin\Debug\ISE.FreeType.dll" />
      <DeploymentItem filename="C:\Users\Wichito\Documents\Visual Studio 2010\Projects\Class Libraries\Canvas Window Template\bin\Debug\Tao.Platform.Windows.dll" />
      <DeploymentItem filename="C:\Users\Wichito\Documents\GitHub\TurnBasedSneakingSandbox\SneakingCreationWithForms\bin\Debug\CharacterSystemLibrary.dll" />
      <DeploymentItem filename="C:\Users\Wichito\Documents\GitHub\TurnBasedSneakingSandbox\SneakingCreationWithForms\bin\Debug\SneakingCreationWithForms.exe" />
      <DeploymentItem filename="C:\Users\Wichito\Documents\GitHub\TurnBasedSneakingSandbox\SneakingCreationWithForms\bin\Debug\Canvas Window Template.dll" />
      <DeploymentItem filename="C:\Users\Wichito\Documents\GitHub\TurnBasedSneakingSandbox\OpenGlGameCommon\bin\Debug\OpenGlGameCommon.dll" />
      <DeploymentItem filename="C:\Users\Wichito\Documents\Visual Studio 2010\Projects\Class Libraries\Canvas Window Template\bin\Debug\Tao.FreeGlut.dll" />
      <DeploymentItem filename="C:\Users\Wichito\Documents\Visual Studio 2010\Projects\Class Libraries\Canvas Window Template\bin\Debug\Tao.OpenGl.dll" />
      <DeploymentItem filename="C:\Users\Wichito\Documents\GitHub\TurnBasedSneakingSandbox\SneakingCommon\bin\Debug\SneakingCommon.dll" />
    </Deployment>
    <Execution>
      <TestTypeSpecific />
      <AgentRule name="Execution Agents">
      </AgentRule>
    </Execution>
  </TestSettings>
  <Times creation="2014-12-17T20:55:48.5037765-05:00" queuing="2014-12-17T20:55:48.5506261-05:00" start="2014-12-17T20:55:48.5506261-05:00" finish="2014-12-17T20:55:48.9725032-05:00" />
  <ResultSummary outcome="Completed">
    <Counters total="1" executed="1" passed="1" error="0" failed="0" timeout="0" aborted="0" inconclusive="0" passedButRunAborted="0" notRunnable="0" notExecuted="0" disconnected="0" warning="0" completed="0" inProgress="0" pending="0" />
  </ResultSummary>
  <TestDefinitions>
    <UnitTest name="guardPatrolSavedAndLoadedCorrectlyTest" storage="c:\users\wichito\documents\github\turnbasedsneakingsandbox\presentertests\bin\debug\presentertests.dll" id="f4bc6b08-12d3-32f8-27ab-1b49f75f0523">
      <Execution id="d945bc31-fc45-4885-8c37-7f482626d61f" />
      <TestMethod codeBase="C:/Users/Wichito/Documents/GitHub/TurnBasedSneakingSandbox/PresenterTests/bin/Debug/PresenterTests.DLL" adapterTypeName="Microsoft.VisualStudio.TestTools.TestTypes.Unit.UnitTestAdapter, Microsoft.VisualStudio.QualityTools.Tips.UnitTest.Adapter, Version=10.0.0.0, Culture=neutral, PublicKeyToken=b03f5f7f11d50a3a" className="PresenterTests.PresenterTest, PresenterTests, Version=1.0.0.0, Culture=neutral, PublicKeyToken=null" name="guardPatrolSavedAndLoadedCorrectlyTest" />
    </UnitTest>
  </TestDefinitions>
  <TestLists>
    <TestList name="Results Not in a List" id="8c84fa94-04c1-424b-9868-57a2d4851a1d" />
    <TestList name="All Loaded Results" id="19431567-8539-422a-85d7-44ee4e166bda" />
  </TestLists>
  <TestEntries>
    <TestEntry testId="f4bc6b08-12d3-32f8-27ab-1b49f75f0523" executionId="d945bc31-fc45-4885-8c37-7f482626d61f" testListId="8c84fa94-04c1-424b-9868-57a2d4851a1d" />
  </TestEntries>
  <Results>
    <UnitTestResult executionId="d945bc31-fc45-4885-8c37-7f482626d61f" testId="f4bc6b08-12d3-32f8-27ab-1b49f75f0523" testName="guardPatrolSavedAndLoadedCorrectlyTest" computerName="JUAN" duration="00:00:00.2197638" startTime="2014-12-17T20:55:48.5662621-05:00" endTime="2014-12-17T20:55:48.9256296-05:00" testType="13cdc9d9-ddb5-4fa4-a97d-d965ccfc6d4b" outcome="Passed" testListId="8c84fa94-04c1-424b-9868-57a2d4851a1d" relativeResultsDirectory="d945bc31-fc45-4885-8c37-7f482626d61f">
    </UnitTestResult>
  </Results>
</TestRun>